#
# A fatal error has been detected by the Java Runtime Environment:
#
#  SIGBUS (0xa) at pc=0x000000010e12d4f0, pid=67959, tid=35339
#
# JRE version: Java(TM) SE Runtime Environment (17.0.1+12) (build 17.0.1+12-LTS-39)
# Java VM: Java HotSpot(TM) 64-Bit Server VM (17.0.1+12-LTS-39, mixed mode, sharing, tiered, compressed oops, compressed class ptrs, g1 gc, bsd-aarch64)
# Problematic frame:
# v  ~StubRoutines::SafeFetchN
#
# No core dump will be written. Core dumps have been disabled. To enable core dumping, try "ulimit -c unlimited" before starting Java again
#
# If you would like to submit a bug report, please visit:
#   https://bugreport.java.com/bugreport/crash.jsp
# The crash happened outside the Java Virtual Machine in native code.
# See problematic frame for where to report the bug.
#

---------------  S U M M A R Y ------------

Command Line: --module-path=/Users/tommipoiko/Programming/School/COMP3/Round12/calc/target/classes:/Users/tommipoiko/.m2/repository/org/openjfx/javafx-base/17.0.1/javafx-base-17.0.1-mac-aarch64.jar:/Users/tommipoiko/.m2/repository/org/openjfx/javafx-controls/17.0.1/javafx-controls-17.0.1-mac-aarch64.jar:/Users/tommipoiko/.m2/repository/org/openjfx/javafx-graphics/17.0.1/javafx-graphics-17.0.1-mac-aarch64.jar --add-modules=fi.tuni.prog3.calc -Djdk.module.main=fi.tuni.prog3.calc fi.tuni.prog3.calc/fi.tuni.prog3.calc.Calculator

Host: "MacBookPro17,1" arm64 1 MHz, 8 cores, 8G, Darwin 21.4.0, macOS 12.3.1 (21E258)
Time: Fri Apr  8 21:39:10 2022 EEST elapsed time: 1.299417 seconds (0d 0h 0m 1s)

---------------  T H R E A D  ---------------

Current thread (0x0000000123890c00):  JavaThread "InvokeLaterDispatcher" daemon [_thread_in_native, id=35339, stack(0x000000016dd70000,0x000000016df73000)]

Stack: [0x000000016dd70000,0x000000016df73000],  sp=0x000000016df727b0,  free space=2057k
Native frames: (J=compiled Java code, j=interpreted, Vv=VM code, C=native code)
v  ~StubRoutines::SafeFetchN
V  [libjvm.dylib+0x79e208]  _ZN10OopStorage7releaseEPKP7oopDesc+0x20
V  [libjvm.dylib+0x4b8f30]  jni_DeleteGlobalRef+0xc4
C  [libglass.dylib+0xab08]  -[GlassRunnable dealloc]+0x34
C  [Foundation+0x85618]  -[_NSThreadPerformInfo dealloc]+0x30
C  [Foundation+0x5198c]  -[NSObject(NSThreadPerformAdditions) performSelectorOnMainThread:withObject:waitUntilDone:]+0x88
C  0xee5000010e1358ac
j  com.sun.glass.ui.mac.MacApplication.submitForLaterInvocation(Ljava/lang/Runnable;)V+2 javafx.graphics
j  com.sun.glass.ui.InvokeLaterDispatcher.run()V+82 javafx.graphics
v  ~StubRoutines::call_stub
V  [libjvm.dylib+0x460588]  _ZN9JavaCalls11call_helperEP9JavaValueRK12methodHandleP17JavaCallArgumentsP10JavaThread+0x38c
V  [libjvm.dylib+0x45f5a4]  _ZN9JavaCalls12call_virtualEP9JavaValueP5KlassP6SymbolS5_P17JavaCallArgumentsP10JavaThread+0x11c
V  [libjvm.dylib+0x45f670]  _ZN9JavaCalls12call_virtualEP9JavaValue6HandleP5KlassP6SymbolS6_P10JavaThread+0x64
V  [libjvm.dylib+0x512ef0]  _ZL12thread_entryP10JavaThreadS0_+0xc4
V  [libjvm.dylib+0x8fc514]  _ZN10JavaThread17thread_main_innerEv+0x134
V  [libjvm.dylib+0x8fae3c]  _ZN6Thread8call_runEv+0x128
V  [libjvm.dylib+0x7a4df0]  _ZL19thread_native_entryP6Thread+0x158
C  [libsystem_pthread.dylib+0x726c]  _pthread_start+0x94

Java frames: (J=compiled Java code, j=interpreted, Vv=VM code)
j  com.sun.glass.ui.mac.MacApplication._submitForLaterInvocation(Ljava/lang/Runnable;)V+0 javafx.graphics
j  com.sun.glass.ui.mac.MacApplication.submitForLaterInvocation(Ljava/lang/Runnable;)V+2 javafx.graphics
j  com.sun.glass.ui.InvokeLaterDispatcher.run()V+82 javafx.graphics
v  ~StubRoutines::call_stub

siginfo: si_signo: 10 (SIGBUS), si_code: 1 (BUS_ADRALN), si_addr: 0x000000010e12d4f0

Register to memory mapping:

 x0=0x00000001317088c8 is a global jni handle
 x1=0x0 is NULL
 x2=0x0000000787e021c0 is an oop: com.sun.glass.ui.InvokeLaterDispatcher$Future 
{0x0000000787e021c0} - klass: 'com/sun/glass/ui/InvokeLaterDispatcher$Future'
 - ---- fields (total size 3 words):
 - private 'done' 'Z' @12  true
 - private final 'runnable' 'Ljava/lang/Runnable;' @16  a 'com/sun/javafx/tk/quantum/QuantumToolkit$$Lambda$83+0x0000000800c38ec0'{0x00000007868b9470} (f0d1728e)
 - final synthetic 'this$0' 'Lcom/sun/glass/ui/InvokeLaterDispatcher;' @20  a 'com/sun/glass/ui/InvokeLaterDispatcher'{0x0000000786815708} (f0d02ae1)
 x3=0x0 is NULL
 x4=0x00000000000130a8 is an unknown value
 x5=0x0 is NULL
 x6=0x0 is NULL
 x7=0x0000000000000003 is an unknown value
 x8=0x000000010e12d4ec is at begin+0 in a stub
StubRoutines::SafeFetchN [0x000000010e12d4ec, 0x000000010e12d4f8] (12 bytes)
 x9=0x0 is NULL
x10=0x2010000030300000 is an unknown value
x11=0x0000000000000007 is an unknown value
x12=0x0000000000000004 is an unknown value
x13=0x0000600003000f10 points into unknown readable memory: 0x5521000191473c40 | 40 3c 47 91 01 00 21 55
x14=0x0000050000000000 is an unknown value
x15=0x00000001276d9f98: OBJC_CLASS_$_GlassRunnable+0 in /Users/tommipoiko/.openjfx/cache/17.0.1/libglass.dylib at 0x0000000127694000
x16=0x00000001915dd0fc: pthread_getspecific+0 in /usr/lib/system/libsystem_pthread.dylib at 0x00000001915db000
x17=0x0000600003a0ad60 points into unknown readable memory: 0xfffffffffffffffe | fe ff ff ff ff ff ff ff
x18=0x0 is NULL
x19=0x0000600003508310 points into unknown readable memory: 0x0000600001c0c1b0 | b0 c1 c0 01 00 60 00 00
x20=0x00000001317086c0 points into unknown readable memory: 0x0000000000000000 | 00 00 00 00 00 00 00 00
x21=0x00000001317088c8 is a global jni handle
x22=0x0000000123890c00 is a thread
x23=0x0000000000000001 is an unknown value
x24=0x0000000131708880 is a global jni handle
x25=0x00000001066595d8: _ZN12StubRoutines17_safefetchN_entryE+0 in /Library/Java/JavaVirtualMachines/jdk-17.0.1.jdk/Contents/Home/lib/server/libjvm.dylib at 0x0000000105ac8000
x26=0x00000001245169e0 is pointing into metadata
x27=0x0 is NULL
x28=0x0000000123890c00 is a thread


Registers:
 x0=0x00000001317088c8  x1=0x0000000000000000  x2=0x0000000787e021c0  x3=0x0000000000000000
 x4=0x00000000000130a8  x5=0x0000000000000000  x6=0x0000000000000000  x7=0x0000000000000003
 x8=0x000000010e12d4ec  x9=0x0000000000000000 x10=0x2010000030300000 x11=0x0000000000000007
x12=0x0000000000000004 x13=0x0000600003000f10 x14=0x0000050000000000 x15=0x00000001276d9f98
x16=0x00000001915dd0fc x17=0x0000600003a0ad60 x18=0x0000000000000000 x19=0x0000600003508310
x20=0x00000001317086c0 x21=0x00000001317088c8 x22=0x0000000123890c00 x23=0x0000000000000001
x24=0x0000000131708880 x25=0x00000001066595d8 x26=0x00000001245169e0 x27=0x0000000000000000
x28=0x0000000123890c00  fp=0x000000016df727f0  lr=0x0000000106264fd8  sp=0x000000016df727b0
pc=0x000000010e12d4f0 cpsr=0x0000000060001000
Top of Stack: (sp=0x000000016df727b0)
0x000000016df727b0:   00000001245169e0 0000000000000001
0x000000016df727c0:   000000016df729a8 0000600001c441a0
0x000000016df727d0:   0000000000000000 0000000131708880
0x000000016df727e0:   0000000131708880 0000600003508310
0x000000016df727f0:   000000016df72830 0000000106266208
0x000000016df72800:   0000000000000001 0000000131708880
0x000000016df72810:   0000000000000000 0000000131708880
0x000000016df72820:   0000000000000001 00000001322a8600
0x000000016df72830:   000000016df72860 0000000105f80f30
0x000000016df72840:   0000600001c44130 00000001db6a2be0
0x000000016df72850:   0000000000000000 0000600001c44130
0x000000016df72860:   000000016df72890 000000012769eb08
0x000000016df72870:   c7f613fce7c80024 0000000000000000
0x000000016df72880:   0000000000000000 0000600000b47fc0
0x000000016df72890:   000000016df728d0 00000001925aa618
0x000000016df728a0:   000000016df729a8 0000600001c441a0
0x000000016df728b0:   0000600001c44130 c7f613fce7c80024
0x000000016df728c0:   0000000000000000 0000000000000000
0x000000016df728d0:   000000016df72910 0d1280019257698c
0x000000016df728e0:   000000016df729a8 000000010e1347c0
0x000000016df728f0:   0000000000000000 0000000106660f90
0x000000016df72900:   000000016df72920 000000010e133730
0x000000016df72910:   000000016df72980 ee5000010e1358ac
0x000000016df72920:   000000016df72988 00000001241730d0
0x000000016df72930:   000000016df72930 0000000000000000
0x000000016df72940:   000000016df729a8 00000001245169e0
0x000000016df72950:   000000078680ee30 0000000000000000
0x000000016df72960:   0000000000000000 00000001244f3138
0x000000016df72970:   0000000000000000 000000016df72980
0x000000016df72980:   000000016df72a00 000000010e131fc8
0x000000016df72990:   0000000000000000 0000000000000000
0x000000016df729a0:   0000000787e021c0 000000078680eea8 

Instructions: (pc=0x000000010e12d4f0)
0x000000010e12d3f0:   f2a0cc49 f2c00029 6d425935 1e640886
0x000000010e12d400:   0c402d31 1e6408c7 1f5654d0 1e6c1017
0x000000010e12d410:   1f5050d0 1f504cd0 1f5048d0 1e650af6
0x000000010e12d420:   1f50d8f6 1f5694d6 1f5158f6 1e762880
0x000000010e12d430:   36000501 1e614000 14000026 2e251ca5
0x000000010e12d440:   d28c3009 f2a0cc49 f2c00029 6d425d36
0x000000010e12d450:   1e600806 0c402d32 1f5758c7 1e6c101a
0x000000010e12d460:   1f4754c7 1e650805 1f4750c7 d2866668
0x000000010e12d470:   f2a7fa68 1f474cc7 1e6608c0 1f4748c7
0x000000010e12d480:   1e6e1019 eb08007f 540000ac 1f479400
0x000000010e12d490:   1f460340 1e603b20 1400000e d2a7fd29
0x000000010e12d4a0:   eb09007f 540000ac 51480069 d3607d29
0x000000010e12d4b0:   9e670121 14000002 1e6a5001 1f679417
0x000000010e12d4c0:   1f668742 1e613b23 1e773857 1e773860
0x000000010e12d4d0:   a8c17ff3 910003bf a8c17bfd d65f03c0
0x000000010e12d4e0:   b9400001 aa0103e0 d65f03c0 f9400001
0x000000010e12d4f0:   aa0103e0 d65f03c0 00000000 00000000
0x000000010e12d500:   00000000 00000000 00000000 00000000
0x000000010e12d510:   00000000 00000000 00000000 00000000
0x000000010e12d520:   00000000 00000000 00000000 00000000
0x000000010e12d530:   00000000 00000000 00000000 00000000
0x000000010e12d540:   00000000 00000000 00000000 00000000
0x000000010e12d550:   00000000 00000000 00000000 00000000
0x000000010e12d560:   00000000 00000000 00000000 00000000
0x000000010e12d570:   00000000 00000000 00000000 00000000
0x000000010e12d580:   00000000 00000000 00000000 00000000
0x000000010e12d590:   00000000 00000000 00000000 00000000
0x000000010e12d5a0:   00000000 00000000 00000000 00000000
0x000000010e12d5b0:   00000000 00000000 00000000 00000000
0x000000010e12d5c0:   00000000 00000000 00000000 00000000
0x000000010e12d5d0:   00000000 00000000 00000000 00000000
0x000000010e12d5e0:   00000000 00000000 00000000 00000000 


Stack slot to memory mapping:
stack at sp + 0 slots: 0x00000001245169e0 is pointing into metadata
stack at sp + 1 slots: 0x0000000000000001 is an unknown value
stack at sp + 2 slots: 0x000000016df729a8 is pointing into the stack for thread: 0x0000000123890c00
stack at sp + 3 slots: 0x0000600001c441a0 points into unknown readable memory: 0x01000001e9d8e011 | 11 e0 d8 e9 01 00 00 01
stack at sp + 4 slots: 0x0 is NULL
stack at sp + 5 slots: 0x0000000131708880 is a global jni handle
stack at sp + 6 slots: 0x0000000131708880 is a global jni handle
stack at sp + 7 slots: 0x0000600003508310 points into unknown readable memory: 0x0000600001c0c1b0 | b0 c1 c0 01 00 60 00 00

StubRoutines::SafeFetchN [0x000000010e12d4ec, 0x000000010e12d4f8] (12 bytes)
[MachCode]
  0x000000010e12d4ec: 0100 40f9 | e003 01aa | c003 5fd6 
[/MachCode]

---------------  P R O C E S S  ---------------

Threads class SMR info:
_java_thread_list=0x0000600001ebf420, length=18, elements={
0x0000000132008800, 0x0000000123884a00, 0x0000000123887200, 0x000000013204d400,
0x0000000124808e00, 0x000000013204b000, 0x0000000124808800, 0x000000012388a600,
0x000000012388ac00, 0x000000013204c000, 0x000000013204ce00, 0x00000001320ae800,
0x0000000123890c00, 0x00000001322a8600, 0x000000013231d400, 0x0000000131816e00,
0x0000000132373a00, 0x00000001323aee00
}

Java Threads: ( => current thread )
  0x0000000132008800 JavaThread "main" [_thread_blocked, id=9731, stack(0x000000016b4e8000,0x000000016b6eb000)]
  0x0000000123884a00 JavaThread "Reference Handler" daemon [_thread_blocked, id=14851, stack(0x000000016c33c000,0x000000016c53f000)]
  0x0000000123887200 JavaThread "Finalizer" daemon [_thread_blocked, id=15875, stack(0x000000016c548000,0x000000016c74b000)]
  0x000000013204d400 JavaThread "Signal Dispatcher" daemon [_thread_blocked, id=41731, stack(0x000000016c8f8000,0x000000016cafb000)]
  0x0000000124808e00 JavaThread "Service Thread" daemon [_thread_blocked, id=41475, stack(0x000000016cb04000,0x000000016cd07000)]
  0x000000013204b000 JavaThread "Monitor Deflation Thread" daemon [_thread_blocked, id=40963, stack(0x000000016cd10000,0x000000016cf13000)]
  0x0000000124808800 JavaThread "C2 CompilerThread0" daemon [_thread_blocked, id=22787, stack(0x000000016cf1c000,0x000000016d11f000)]
  0x000000012388a600 JavaThread "C1 CompilerThread0" daemon [_thread_blocked, id=23043, stack(0x000000016d128000,0x000000016d32b000)]
  0x000000012388ac00 JavaThread "Sweeper thread" daemon [_thread_blocked, id=23555, stack(0x000000016d334000,0x000000016d537000)]
  0x000000013204c000 JavaThread "Common-Cleaner" daemon [_thread_blocked, id=40195, stack(0x000000016d540000,0x000000016d743000)]
  0x000000013204ce00 JavaThread "Notification Thread" daemon [_thread_blocked, id=24067, stack(0x000000016d74c000,0x000000016d94f000)]
  0x00000001320ae800 JavaThread "QuantumRenderer-0" daemon [_thread_blocked, id=24579, stack(0x000000016db64000,0x000000016dd67000)]
=>0x0000000123890c00 JavaThread "InvokeLaterDispatcher" daemon [_thread_in_native, id=35339, stack(0x000000016dd70000,0x000000016df73000)]
  0x00000001322a8600 JavaThread "JavaFX Application Thread" [_thread_in_vm, id=259, stack(0x000000016ac60000,0x000000016b45c000)]
  0x000000013231d400 JavaThread "PulseTimer-CVDisplayLink thread" daemon [_thread_in_native, id=77827, stack(0x000000016df7c000,0x000000016dfff000)]
  0x0000000131816e00 JavaThread "JavaFX-Launcher" [_thread_blocked, id=56067, stack(0x000000016e214000,0x000000016e417000)]
  0x0000000132373a00 JavaThread "Prism Font Disposer" daemon [_thread_blocked, id=71179, stack(0x000000016ee5c000,0x000000016f05f000)]
  0x00000001323aee00 JavaThread "Cleaner-0" daemon [_thread_blocked, id=62999, stack(0x000000016f068000,0x000000016f26b000)]

Other Threads:
  0x000000013280a530 VMThread "VM Thread" [stack: 0x000000016c130000,0x000000016c333000] [id=16899]
  0x0000000131724160 WatcherThread [stack: 0x000000016d958000,0x000000016db5b000] [id=39683]
  0x0000000131706eb0 GCTaskThread "GC Thread#0" [stack: 0x000000016b6f4000,0x000000016b8f7000] [id=12291]
  0x0000000121612b30 GCTaskThread "GC Thread#1" [stack: 0x000000016e420000,0x000000016e623000] [id=56835]
  0x0000000121612fb0 GCTaskThread "GC Thread#2" [stack: 0x000000016e62c000,0x000000016e82f000] [id=72451]
  0x00000001328402e0 GCTaskThread "GC Thread#3" [stack: 0x000000016e838000,0x000000016ea3b000] [id=72195]
  0x0000000132840980 GCTaskThread "GC Thread#4" [stack: 0x000000016ea44000,0x000000016ec47000] [id=57603]
  0x0000000132841020 GCTaskThread "GC Thread#5" [stack: 0x000000016ec50000,0x000000016ee53000] [id=57859]
  0x0000000131707560 ConcurrentGCThread "G1 Main Marker" [stack: 0x000000016b900000,0x000000016bb03000] [id=19715]
  0x00000001328041a0 ConcurrentGCThread "G1 Conc#0" [stack: 0x000000016bb0c000,0x000000016bd0f000] [id=18947]
  0x0000000132806010 ConcurrentGCThread "G1 Refine#0" [stack: 0x000000016bd18000,0x000000016bf1b000] [id=18691]
  0x00000001328068b0 ConcurrentGCThread "G1 Service" [stack: 0x000000016bf24000,0x000000016c127000] [id=13571]

Threads with active compile tasks:

VM state: not at safepoint (normal execution)

VM Mutex/Monitor currently owned by a thread: None

Heap address: 0x0000000780000000, size: 2048 MB, Compressed Oops mode: Zero based, Oop shift amount: 3

CDS archive(s) mapped at: [0x0000000800000000-0x0000000800bd4000-0x0000000800bd4000), size 12402688, SharedBaseAddress: 0x0000000800000000, ArchiveRelocationMode: 0.
Compressed class space mapped at: 0x0000000800c00000-0x0000000840c00000, reserved size: 1073741824
Narrow klass base: 0x0000000800000000, Narrow klass shift: 0, Narrow klass range: 0x100000000

GC Precious Log:
 CPUs: 8 total, 8 available
 Memory: 8192M
 Large Page Support: Disabled
 NUMA Support: Disabled
 Compressed Oops: Enabled (Zero based)
 Heap Region Size: 1M
 Heap Min Capacity: 8M
 Heap Initial Capacity: 128M
 Heap Max Capacity: 2G
 Pre-touch: Disabled
 Parallel Workers: 8
 Concurrent Workers: 2
 Concurrent Refinement Workers: 8
 Periodic GC: Disabled

Heap:
 garbage-first heap   total 133120K, used 30357K [0x0000000780000000, 0x0000000800000000)
  region size 1024K, 27 young (27648K), 3 survivors (3072K)
 Metaspace       used 12512K, committed 12736K, reserved 1064960K
  class space    used 1924K, committed 2048K, reserved 1048576K

Heap Regions: E=young(eden), S=young(survivor), O=old, HS=humongous(starts), HC=humongous(continues), CS=collection set, F=free, OA=open archive, CA=closed archive, TAMS=top-at-mark-start (previous, next)
|   0|0x0000000780000000, 0x00000007800ad600, 0x0000000780100000| 67%| O|  |TAMS 0x0000000780000000, 0x0000000780000000| Untracked 
|   1|0x0000000780100000, 0x0000000780200000, 0x0000000780200000|100%|HS|  |TAMS 0x0000000780100000, 0x0000000780100000| Complete 
|   2|0x0000000780200000, 0x0000000780300000, 0x0000000780300000|100%|HC|  |TAMS 0x0000000780200000, 0x0000000780200000| Complete 
|   3|0x0000000780300000, 0x0000000780300000, 0x0000000780400000|  0%| F|  |TAMS 0x0000000780300000, 0x0000000780300000| Untracked 
|   4|0x0000000780400000, 0x0000000780400000, 0x0000000780500000|  0%| F|  |TAMS 0x0000000780400000, 0x0000000780400000| Untracked 
|   5|0x0000000780500000, 0x0000000780500000, 0x0000000780600000|  0%| F|  |TAMS 0x0000000780500000, 0x0000000780500000| Untracked 
|   6|0x0000000780600000, 0x0000000780600000, 0x0000000780700000|  0%| F|  |TAMS 0x0000000780600000, 0x0000000780600000| Untracked 
|   7|0x0000000780700000, 0x0000000780700000, 0x0000000780800000|  0%| F|  |TAMS 0x0000000780700000, 0x0000000780700000| Untracked 
|   8|0x0000000780800000, 0x0000000780800000, 0x0000000780900000|  0%| F|  |TAMS 0x0000000780800000, 0x0000000780800000| Untracked 
|   9|0x0000000780900000, 0x0000000780900000, 0x0000000780a00000|  0%| F|  |TAMS 0x0000000780900000, 0x0000000780900000| Untracked 
|  10|0x0000000780a00000, 0x0000000780a00000, 0x0000000780b00000|  0%| F|  |TAMS 0x0000000780a00000, 0x0000000780a00000| Untracked 
|  11|0x0000000780b00000, 0x0000000780b00000, 0x0000000780c00000|  0%| F|  |TAMS 0x0000000780b00000, 0x0000000780b00000| Untracked 
|  12|0x0000000780c00000, 0x0000000780c00000, 0x0000000780d00000|  0%| F|  |TAMS 0x0000000780c00000, 0x0000000780c00000| Untracked 
|  13|0x0000000780d00000, 0x0000000780d00000, 0x0000000780e00000|  0%| F|  |TAMS 0x0000000780d00000, 0x0000000780d00000| Untracked 
|  14|0x0000000780e00000, 0x0000000780e00000, 0x0000000780f00000|  0%| F|  |TAMS 0x0000000780e00000, 0x0000000780e00000| Untracked 
|  15|0x0000000780f00000, 0x0000000780f00000, 0x0000000781000000|  0%| F|  |TAMS 0x0000000780f00000, 0x0000000780f00000| Untracked 
|  16|0x0000000781000000, 0x0000000781000000, 0x0000000781100000|  0%| F|  |TAMS 0x0000000781000000, 0x0000000781000000| Untracked 
|  17|0x0000000781100000, 0x0000000781100000, 0x0000000781200000|  0%| F|  |TAMS 0x0000000781100000, 0x0000000781100000| Untracked 
|  18|0x0000000781200000, 0x0000000781200000, 0x0000000781300000|  0%| F|  |TAMS 0x0000000781200000, 0x0000000781200000| Untracked 
|  19|0x0000000781300000, 0x0000000781300000, 0x0000000781400000|  0%| F|  |TAMS 0x0000000781300000, 0x0000000781300000| Untracked 
|  20|0x0000000781400000, 0x0000000781400000, 0x0000000781500000|  0%| F|  |TAMS 0x0000000781400000, 0x0000000781400000| Untracked 
|  21|0x0000000781500000, 0x0000000781500000, 0x0000000781600000|  0%| F|  |TAMS 0x0000000781500000, 0x0000000781500000| Untracked 
|  22|0x0000000781600000, 0x0000000781600000, 0x0000000781700000|  0%| F|  |TAMS 0x0000000781600000, 0x0000000781600000| Untracked 
|  23|0x0000000781700000, 0x0000000781700000, 0x0000000781800000|  0%| F|  |TAMS 0x0000000781700000, 0x0000000781700000| Untracked 
|  24|0x0000000781800000, 0x0000000781800000, 0x0000000781900000|  0%| F|  |TAMS 0x0000000781800000, 0x0000000781800000| Untracked 
|  25|0x0000000781900000, 0x0000000781900000, 0x0000000781a00000|  0%| F|  |TAMS 0x0000000781900000, 0x0000000781900000| Untracked 
|  26|0x0000000781a00000, 0x0000000781a00000, 0x0000000781b00000|  0%| F|  |TAMS 0x0000000781a00000, 0x0000000781a00000| Untracked 
|  27|0x0000000781b00000, 0x0000000781b00000, 0x0000000781c00000|  0%| F|  |TAMS 0x0000000781b00000, 0x0000000781b00000| Untracked 
|  28|0x0000000781c00000, 0x0000000781c00000, 0x0000000781d00000|  0%| F|  |TAMS 0x0000000781c00000, 0x0000000781c00000| Untracked 
|  29|0x0000000781d00000, 0x0000000781d00000, 0x0000000781e00000|  0%| F|  |TAMS 0x0000000781d00000, 0x0000000781d00000| Untracked 
|  30|0x0000000781e00000, 0x0000000781e00000, 0x0000000781f00000|  0%| F|  |TAMS 0x0000000781e00000, 0x0000000781e00000| Untracked 
|  31|0x0000000781f00000, 0x0000000781f00000, 0x0000000782000000|  0%| F|  |TAMS 0x0000000781f00000, 0x0000000781f00000| Untracked 
|  32|0x0000000782000000, 0x0000000782000000, 0x0000000782100000|  0%| F|  |TAMS 0x0000000782000000, 0x0000000782000000| Untracked 
|  33|0x0000000782100000, 0x0000000782100000, 0x0000000782200000|  0%| F|  |TAMS 0x0000000782100000, 0x0000000782100000| Untracked 
|  34|0x0000000782200000, 0x0000000782200000, 0x0000000782300000|  0%| F|  |TAMS 0x0000000782200000, 0x0000000782200000| Untracked 
|  35|0x0000000782300000, 0x0000000782300000, 0x0000000782400000|  0%| F|  |TAMS 0x0000000782300000, 0x0000000782300000| Untracked 
|  36|0x0000000782400000, 0x0000000782400000, 0x0000000782500000|  0%| F|  |TAMS 0x0000000782400000, 0x0000000782400000| Untracked 
|  37|0x0000000782500000, 0x0000000782500000, 0x0000000782600000|  0%| F|  |TAMS 0x0000000782500000, 0x0000000782500000| Untracked 
|  38|0x0000000782600000, 0x0000000782600000, 0x0000000782700000|  0%| F|  |TAMS 0x0000000782600000, 0x0000000782600000| Untracked 
|  39|0x0000000782700000, 0x0000000782700000, 0x0000000782800000|  0%| F|  |TAMS 0x0000000782700000, 0x0000000782700000| Untracked 
|  40|0x0000000782800000, 0x0000000782800000, 0x0000000782900000|  0%| F|  |TAMS 0x0000000782800000, 0x0000000782800000| Untracked 
|  41|0x0000000782900000, 0x0000000782900000, 0x0000000782a00000|  0%| F|  |TAMS 0x0000000782900000, 0x0000000782900000| Untracked 
|  42|0x0000000782a00000, 0x0000000782a00000, 0x0000000782b00000|  0%| F|  |TAMS 0x0000000782a00000, 0x0000000782a00000| Untracked 
|  43|0x0000000782b00000, 0x0000000782b00000, 0x0000000782c00000|  0%| F|  |TAMS 0x0000000782b00000, 0x0000000782b00000| Untracked 
|  44|0x0000000782c00000, 0x0000000782c00000, 0x0000000782d00000|  0%| F|  |TAMS 0x0000000782c00000, 0x0000000782c00000| Untracked 
|  45|0x0000000782d00000, 0x0000000782d00000, 0x0000000782e00000|  0%| F|  |TAMS 0x0000000782d00000, 0x0000000782d00000| Untracked 
|  46|0x0000000782e00000, 0x0000000782e00000, 0x0000000782f00000|  0%| F|  |TAMS 0x0000000782e00000, 0x0000000782e00000| Untracked 
|  47|0x0000000782f00000, 0x0000000782f00000, 0x0000000783000000|  0%| F|  |TAMS 0x0000000782f00000, 0x0000000782f00000| Untracked 
|  48|0x0000000783000000, 0x0000000783000000, 0x0000000783100000|  0%| F|  |TAMS 0x0000000783000000, 0x0000000783000000| Untracked 
|  49|0x0000000783100000, 0x0000000783100000, 0x0000000783200000|  0%| F|  |TAMS 0x0000000783100000, 0x0000000783100000| Untracked 
|  50|0x0000000783200000, 0x0000000783200000, 0x0000000783300000|  0%| F|  |TAMS 0x0000000783200000, 0x0000000783200000| Untracked 
|  51|0x0000000783300000, 0x0000000783300000, 0x0000000783400000|  0%| F|  |TAMS 0x0000000783300000, 0x0000000783300000| Untracked 
|  52|0x0000000783400000, 0x0000000783400000, 0x0000000783500000|  0%| F|  |TAMS 0x0000000783400000, 0x0000000783400000| Untracked 
|  53|0x0000000783500000, 0x0000000783500000, 0x0000000783600000|  0%| F|  |TAMS 0x0000000783500000, 0x0000000783500000| Untracked 
|  54|0x0000000783600000, 0x0000000783600000, 0x0000000783700000|  0%| F|  |TAMS 0x0000000783600000, 0x0000000783600000| Untracked 
|  55|0x0000000783700000, 0x0000000783700000, 0x0000000783800000|  0%| F|  |TAMS 0x0000000783700000, 0x0000000783700000| Untracked 
|  56|0x0000000783800000, 0x0000000783800000, 0x0000000783900000|  0%| F|  |TAMS 0x0000000783800000, 0x0000000783800000| Untracked 
|  57|0x0000000783900000, 0x0000000783900000, 0x0000000783a00000|  0%| F|  |TAMS 0x0000000783900000, 0x0000000783900000| Untracked 
|  58|0x0000000783a00000, 0x0000000783a00000, 0x0000000783b00000|  0%| F|  |TAMS 0x0000000783a00000, 0x0000000783a00000| Untracked 
|  59|0x0000000783b00000, 0x0000000783b00000, 0x0000000783c00000|  0%| F|  |TAMS 0x0000000783b00000, 0x0000000783b00000| Untracked 
|  60|0x0000000783c00000, 0x0000000783c00000, 0x0000000783d00000|  0%| F|  |TAMS 0x0000000783c00000, 0x0000000783c00000| Untracked 
|  61|0x0000000783d00000, 0x0000000783d00000, 0x0000000783e00000|  0%| F|  |TAMS 0x0000000783d00000, 0x0000000783d00000| Untracked 
|  62|0x0000000783e00000, 0x0000000783e00000, 0x0000000783f00000|  0%| F|  |TAMS 0x0000000783e00000, 0x0000000783e00000| Untracked 
|  63|0x0000000783f00000, 0x0000000783f00000, 0x0000000784000000|  0%| F|  |TAMS 0x0000000783f00000, 0x0000000783f00000| Untracked 
|  64|0x0000000784000000, 0x0000000784000000, 0x0000000784100000|  0%| F|  |TAMS 0x0000000784000000, 0x0000000784000000| Untracked 
|  65|0x0000000784100000, 0x0000000784100000, 0x0000000784200000|  0%| F|  |TAMS 0x0000000784100000, 0x0000000784100000| Untracked 
|  66|0x0000000784200000, 0x0000000784200000, 0x0000000784300000|  0%| F|  |TAMS 0x0000000784200000, 0x0000000784200000| Untracked 
|  67|0x0000000784300000, 0x0000000784300000, 0x0000000784400000|  0%| F|  |TAMS 0x0000000784300000, 0x0000000784300000| Untracked 
|  68|0x0000000784400000, 0x0000000784400000, 0x0000000784500000|  0%| F|  |TAMS 0x0000000784400000, 0x0000000784400000| Untracked 
|  69|0x0000000784500000, 0x0000000784500000, 0x0000000784600000|  0%| F|  |TAMS 0x0000000784500000, 0x0000000784500000| Untracked 
|  70|0x0000000784600000, 0x0000000784600000, 0x0000000784700000|  0%| F|  |TAMS 0x0000000784600000, 0x0000000784600000| Untracked 
|  71|0x0000000784700000, 0x0000000784700000, 0x0000000784800000|  0%| F|  |TAMS 0x0000000784700000, 0x0000000784700000| Untracked 
|  72|0x0000000784800000, 0x0000000784800000, 0x0000000784900000|  0%| F|  |TAMS 0x0000000784800000, 0x0000000784800000| Untracked 
|  73|0x0000000784900000, 0x0000000784900000, 0x0000000784a00000|  0%| F|  |TAMS 0x0000000784900000, 0x0000000784900000| Untracked 
|  74|0x0000000784a00000, 0x0000000784a00000, 0x0000000784b00000|  0%| F|  |TAMS 0x0000000784a00000, 0x0000000784a00000| Untracked 
|  75|0x0000000784b00000, 0x0000000784b00000, 0x0000000784c00000|  0%| F|  |TAMS 0x0000000784b00000, 0x0000000784b00000| Untracked 
|  76|0x0000000784c00000, 0x0000000784c00000, 0x0000000784d00000|  0%| F|  |TAMS 0x0000000784c00000, 0x0000000784c00000| Untracked 
|  77|0x0000000784d00000, 0x0000000784d00000, 0x0000000784e00000|  0%| F|  |TAMS 0x0000000784d00000, 0x0000000784d00000| Untracked 
|  78|0x0000000784e00000, 0x0000000784e00000, 0x0000000784f00000|  0%| F|  |TAMS 0x0000000784e00000, 0x0000000784e00000| Untracked 
|  79|0x0000000784f00000, 0x0000000784f00000, 0x0000000785000000|  0%| F|  |TAMS 0x0000000784f00000, 0x0000000784f00000| Untracked 
|  80|0x0000000785000000, 0x0000000785000000, 0x0000000785100000|  0%| F|  |TAMS 0x0000000785000000, 0x0000000785000000| Untracked 
|  81|0x0000000785100000, 0x0000000785100000, 0x0000000785200000|  0%| F|  |TAMS 0x0000000785100000, 0x0000000785100000| Untracked 
|  82|0x0000000785200000, 0x0000000785200000, 0x0000000785300000|  0%| F|  |TAMS 0x0000000785200000, 0x0000000785200000| Untracked 
|  83|0x0000000785300000, 0x0000000785300000, 0x0000000785400000|  0%| F|  |TAMS 0x0000000785300000, 0x0000000785300000| Untracked 
|  84|0x0000000785400000, 0x0000000785400000, 0x0000000785500000|  0%| F|  |TAMS 0x0000000785400000, 0x0000000785400000| Untracked 
|  85|0x0000000785500000, 0x0000000785500000, 0x0000000785600000|  0%| F|  |TAMS 0x0000000785500000, 0x0000000785500000| Untracked 
|  86|0x0000000785600000, 0x0000000785600000, 0x0000000785700000|  0%| F|  |TAMS 0x0000000785600000, 0x0000000785600000| Untracked 
|  87|0x0000000785700000, 0x0000000785700000, 0x0000000785800000|  0%| F|  |TAMS 0x0000000785700000, 0x0000000785700000| Untracked 
|  88|0x0000000785800000, 0x0000000785800000, 0x0000000785900000|  0%| F|  |TAMS 0x0000000785800000, 0x0000000785800000| Untracked 
|  89|0x0000000785900000, 0x0000000785900000, 0x0000000785a00000|  0%| F|  |TAMS 0x0000000785900000, 0x0000000785900000| Untracked 
|  90|0x0000000785a00000, 0x0000000785a00000, 0x0000000785b00000|  0%| F|  |TAMS 0x0000000785a00000, 0x0000000785a00000| Untracked 
|  91|0x0000000785b00000, 0x0000000785b00000, 0x0000000785c00000|  0%| F|  |TAMS 0x0000000785b00000, 0x0000000785b00000| Untracked 
|  92|0x0000000785c00000, 0x0000000785c00000, 0x0000000785d00000|  0%| F|  |TAMS 0x0000000785c00000, 0x0000000785c00000| Untracked 
|  93|0x0000000785d00000, 0x0000000785d00000, 0x0000000785e00000|  0%| F|  |TAMS 0x0000000785d00000, 0x0000000785d00000| Untracked 
|  94|0x0000000785e00000, 0x0000000785e00000, 0x0000000785f00000|  0%| F|  |TAMS 0x0000000785e00000, 0x0000000785e00000| Untracked 
|  95|0x0000000785f00000, 0x0000000785f00000, 0x0000000786000000|  0%| F|  |TAMS 0x0000000785f00000, 0x0000000785f00000| Untracked 
|  96|0x0000000786000000, 0x0000000786000000, 0x0000000786100000|  0%| F|  |TAMS 0x0000000786000000, 0x0000000786000000| Untracked 
|  97|0x0000000786100000, 0x0000000786100000, 0x0000000786200000|  0%| F|  |TAMS 0x0000000786100000, 0x0000000786100000| Untracked 
|  98|0x0000000786200000, 0x0000000786200000, 0x0000000786300000|  0%| F|  |TAMS 0x0000000786200000, 0x0000000786200000| Untracked 
|  99|0x0000000786300000, 0x0000000786300000, 0x0000000786400000|  0%| F|  |TAMS 0x0000000786300000, 0x0000000786300000| Untracked 
| 100|0x0000000786400000, 0x0000000786400000, 0x0000000786500000|  0%| F|  |TAMS 0x0000000786400000, 0x0000000786400000| Untracked 
| 101|0x0000000786500000, 0x00000007865d7278, 0x0000000786600000| 84%| E|  |TAMS 0x0000000786500000, 0x0000000786500000| Complete 
| 102|0x0000000786600000, 0x0000000786700000, 0x0000000786700000|100%| S|CS|TAMS 0x0000000786600000, 0x0000000786600000| Complete 
| 103|0x0000000786700000, 0x0000000786800000, 0x0000000786800000|100%| S|CS|TAMS 0x0000000786700000, 0x0000000786700000| Complete 
| 104|0x0000000786800000, 0x0000000786900000, 0x0000000786900000|100%| S|CS|TAMS 0x0000000786800000, 0x0000000786800000| Complete 
| 105|0x0000000786900000, 0x0000000786a00000, 0x0000000786a00000|100%| E|CS|TAMS 0x0000000786900000, 0x0000000786900000| Complete 
| 106|0x0000000786a00000, 0x0000000786b00000, 0x0000000786b00000|100%| E|CS|TAMS 0x0000000786a00000, 0x0000000786a00000| Complete 
| 107|0x0000000786b00000, 0x0000000786c00000, 0x0000000786c00000|100%| E|CS|TAMS 0x0000000786b00000, 0x0000000786b00000| Complete 
| 108|0x0000000786c00000, 0x0000000786d00000, 0x0000000786d00000|100%| E|CS|TAMS 0x0000000786c00000, 0x0000000786c00000| Complete 
| 109|0x0000000786d00000, 0x0000000786e00000, 0x0000000786e00000|100%| E|CS|TAMS 0x0000000786d00000, 0x0000000786d00000| Complete 
| 110|0x0000000786e00000, 0x0000000786f00000, 0x0000000786f00000|100%| E|CS|TAMS 0x0000000786e00000, 0x0000000786e00000| Complete 
| 111|0x0000000786f00000, 0x0000000787000000, 0x0000000787000000|100%| E|CS|TAMS 0x0000000786f00000, 0x0000000786f00000| Complete 
| 112|0x0000000787000000, 0x0000000787100000, 0x0000000787100000|100%| E|CS|TAMS 0x0000000787000000, 0x0000000787000000| Complete 
| 113|0x0000000787100000, 0x0000000787200000, 0x0000000787200000|100%| E|CS|TAMS 0x0000000787100000, 0x0000000787100000| Complete 
| 114|0x0000000787200000, 0x0000000787300000, 0x0000000787300000|100%| E|CS|TAMS 0x0000000787200000, 0x0000000787200000| Complete 
| 115|0x0000000787300000, 0x0000000787400000, 0x0000000787400000|100%| E|CS|TAMS 0x0000000787300000, 0x0000000787300000| Complete 
| 116|0x0000000787400000, 0x0000000787500000, 0x0000000787500000|100%| E|CS|TAMS 0x0000000787400000, 0x0000000787400000| Complete 
| 117|0x0000000787500000, 0x0000000787600000, 0x0000000787600000|100%| E|CS|TAMS 0x0000000787500000, 0x0000000787500000| Complete 
| 118|0x0000000787600000, 0x0000000787700000, 0x0000000787700000|100%| E|CS|TAMS 0x0000000787600000, 0x0000000787600000| Complete 
| 119|0x0000000787700000, 0x0000000787800000, 0x0000000787800000|100%| E|CS|TAMS 0x0000000787700000, 0x0000000787700000| Complete 
| 120|0x0000000787800000, 0x0000000787900000, 0x0000000787900000|100%| E|CS|TAMS 0x0000000787800000, 0x0000000787800000| Complete 
| 121|0x0000000787900000, 0x0000000787a00000, 0x0000000787a00000|100%| E|CS|TAMS 0x0000000787900000, 0x0000000787900000| Complete 
| 122|0x0000000787a00000, 0x0000000787b00000, 0x0000000787b00000|100%| E|CS|TAMS 0x0000000787a00000, 0x0000000787a00000| Complete 
| 123|0x0000000787b00000, 0x0000000787c00000, 0x0000000787c00000|100%| E|CS|TAMS 0x0000000787b00000, 0x0000000787b00000| Complete 
| 124|0x0000000787c00000, 0x0000000787d00000, 0x0000000787d00000|100%| E|CS|TAMS 0x0000000787c00000, 0x0000000787c00000| Complete 
| 125|0x0000000787d00000, 0x0000000787e00000, 0x0000000787e00000|100%| E|CS|TAMS 0x0000000787d00000, 0x0000000787d00000| Complete 
| 126|0x0000000787e00000, 0x0000000787f00000, 0x0000000787f00000|100%| E|CS|TAMS 0x0000000787e00000, 0x0000000787e00000| Complete 
| 127|0x0000000787f00000, 0x0000000788000000, 0x0000000788000000|100%| E|CS|TAMS 0x0000000787f00000, 0x0000000787f00000| Complete 
|2046|0x00000007ffe00000, 0x00000007ffe78000, 0x00000007fff00000| 46%|OA|  |TAMS 0x00000007ffe00000, 0x00000007ffe00000| Untracked 
|2047|0x00000007fff00000, 0x00000007fff80000, 0x0000000800000000| 50%|CA|  |TAMS 0x00000007fff00000, 0x00000007fff00000| Untracked 

Card table byte_map: [0x0000000105284000,0x0000000105684000] _byte_map_base: 0x0000000101684000

Marking Bits (Prev, Next): (CMBitMap*) 0x0000000132039610, (CMBitMap*) 0x0000000132039650
 Prev Bits: [0x000000011d12c000, 0x000000011f12c000)
 Next Bits: [0x000000011f12c000, 0x000000012112c000)

Polling page: 0x0000000104bdc000

Metaspace:

Usage:
  Non-class:     10.34 MB used.
      Class:      1.88 MB used.
       Both:     12.22 MB used.

Virtual space:
  Non-class space:       16.00 MB reserved,      10.44 MB ( 65%) committed,  2 nodes.
      Class space:        1.00 GB reserved,       2.00 MB ( <1%) committed,  1 nodes.
             Both:        1.02 GB reserved,      12.44 MB (  1%) committed. 

Chunk freelists:
   Non-Class:  432.00 KB
       Class:  1.86 MB
        Both:  2.28 MB

MaxMetaspaceSize: unlimited
CompressedClassSpaceSize: 1.00 GB
Initial GC threshold: 21.00 MB
Current GC threshold: 21.00 MB
CDS: on
MetaspaceReclaimPolicy: balanced
 - commit_granule_bytes: 65536.
 - commit_granule_words: 8192.
 - virtual_space_node_default_size: 1048576.
 - enlarge_chunks_in_place: 1.
 - new_chunks_are_fully_committed: 0.
 - uncommit_free_chunks: 1.
 - use_allocation_guard: 0.
 - handle_deallocations: 1.


Internal statistics:

num_allocs_failed_limit: 0.
num_arena_births: 144.
num_arena_deaths: 0.
num_vsnodes_births: 3.
num_vsnodes_deaths: 0.
num_space_committed: 199.
num_space_uncommitted: 0.
num_chunks_returned_to_freelist: 0.
num_chunks_taken_from_freelist: 549.
num_chunk_merges: 0.
num_chunk_splits: 393.
num_chunks_enlarged: 324.
num_purges: 0.
num_inconsistent_stats: 0.

CodeHeap 'non-profiled nmethods': size=120032Kb used=466Kb max_used=466Kb free=119565Kb
 bounds [0x0000000115bf4000, 0x0000000115e64000, 0x000000011d12c000]
CodeHeap 'profiled nmethods': size=120016Kb used=2832Kb max_used=2832Kb free=117184Kb
 bounds [0x000000010e6c0000, 0x000000010e990000, 0x0000000115bf4000]
CodeHeap 'non-nmethods': size=5712Kb used=1345Kb max_used=1371Kb free=4366Kb
 bounds [0x000000010e12c000, 0x000000010e39c000, 0x000000010e6c0000]
 total_blobs=2203 nmethods=1471 adapters=649
 compilation: enabled
              stopped_count=0, restarted_count=0
 full_count=0

Compilation events (20 events):
Event: 1.056 Thread 0x000000012388a600 nmethod 1516 0x000000010e97f310 code [0x000000010e97f540, 0x000000010e97f9a8]
Event: 1.062 Thread 0x000000012388a600 1518       3       java.util.concurrent.locks.AbstractQueuedSynchronizer$ConditionNode::isReleasable (23 bytes)
Event: 1.062 Thread 0x000000012388a600 nmethod 1518 0x000000010e97fb90 code [0x000000010e97fd40, 0x000000010e97ffe8]
Event: 1.105 Thread 0x000000012388a600 1519       3       java.util.WeakHashMap::putAll (133 bytes)
Event: 1.106 Thread 0x000000012388a600 nmethod 1519 0x000000010e980090 code [0x000000010e980340, 0x000000010e980f98]
Event: 1.110 Thread 0x000000012388a600 1520       3       com.sun.scenario.animation.AnimationPulse::getDefaultBean (4 bytes)
Event: 1.111 Thread 0x000000012388a600 nmethod 1520 0x000000010e981290 code [0x000000010e981440, 0x000000010e981528]
Event: 1.189 Thread 0x000000012388a600 1521       3       java.util.concurrent.locks.ReentrantLock$NonfairSync::initialTryLock (58 bytes)
Event: 1.190 Thread 0x000000012388a600 nmethod 1521 0x000000010e981610 code [0x000000010e981800, 0x000000010e981c48]
Event: 1.195 Thread 0x000000012388a600 1522       3       java.util.concurrent.locks.ReentrantLock::unlock (10 bytes)
Event: 1.196 Thread 0x000000012388a600 nmethod 1522 0x000000010e981d90 code [0x000000010e981f80, 0x000000010e9822c8]
Event: 1.201 Thread 0x000000012388a600 1523       3       java.util.concurrent.locks.ReentrantLock::lock (8 bytes)
Event: 1.201 Thread 0x000000012388a600 nmethod 1523 0x000000010e982410 code [0x000000010e982600, 0x000000010e982988]
Event: 1.201 Thread 0x000000012388a600 1524       3       java.util.concurrent.locks.ReentrantLock$Sync::lock (13 bytes)
Event: 1.202 Thread 0x000000012388a600 nmethod 1524 0x000000010e982a90 code [0x000000010e982c80, 0x000000010e982f88]
Event: 1.226 Thread 0x000000012388a600 1526       3       java.lang.Thread::interrupted (23 bytes)
Event: 1.226 Thread 0x000000012388a600 nmethod 1526 0x000000010e983090 code [0x000000010e983240, 0x000000010e983418]
Event: 1.268 Thread 0x000000012388a600 1527       3       jdk.internal.misc.Unsafe::putReferenceOpaque (9 bytes)
Event: 1.268 Thread 0x000000012388a600 nmethod 1527 0x000000010e983510 code [0x000000010e9836c0, 0x000000010e983868]
Event: 1.298 Thread 0x000000012388a600 1528       3       java.util.concurrent.locks.AbstractQueuedSynchronizer$ConditionObject::signal (34 bytes)

GC Heap History (2 events):
Event: 0.297 GC heap before
{Heap before GC invocations=0 (full 0):
 garbage-first heap   total 133120K, used 23520K [0x0000000780000000, 0x0000000800000000)
  region size 1024K, 23 young (23552K), 0 survivors (0K)
 Metaspace       used 6452K, committed 6656K, reserved 1056768K
  class space    used 793K, committed 896K, reserved 1048576K
}
Event: 0.299 GC heap after
{Heap after GC invocations=1 (full 0):
 garbage-first heap   total 133120K, used 4757K [0x0000000780000000, 0x0000000800000000)
  region size 1024K, 3 young (3072K), 3 survivors (3072K)
 Metaspace       used 6452K, committed 6656K, reserved 1056768K
  class space    used 793K, committed 896K, reserved 1048576K
}

Deoptimization events (20 events):
Event: 0.432 Thread 0x00000001322a8600 Uncommon trap: trap_request=0xffffffde fr.pc=0x0000000115c07798 relative=0x0000000000000158
Event: 0.432 Thread 0x00000001322a8600 Uncommon trap: reason=class_check action=maybe_recompile pc=0x0000000115c07798 method=java.lang.String.equals(Ljava/lang/Object;)Z @ 8 c2
Event: 0.432 Thread 0x00000001322a8600 DEOPT PACKING pc=0x0000000115c07798 sp=0x000000016b456070
Event: 0.432 Thread 0x00000001322a8600 DEOPT UNPACKING pc=0x000000010e16ad1c sp=0x000000016b456010 mode 2
Event: 0.481 Thread 0x00000001322a8600 Uncommon trap: trap_request=0xffffff45 fr.pc=0x0000000115c3525c relative=0x000000000000019c
Event: 0.481 Thread 0x00000001322a8600 Uncommon trap: reason=unstable_if action=reinterpret pc=0x0000000115c3525c method=java.io.ByteArrayInputStream.read()I @ 8 c2
Event: 0.481 Thread 0x00000001322a8600 DEOPT PACKING pc=0x0000000115c3525c sp=0x000000016b455380
Event: 0.481 Thread 0x00000001322a8600 DEOPT UNPACKING pc=0x000000010e16ad1c sp=0x000000016b455300 mode 2
Event: 0.483 Thread 0x00000001322a8600 Uncommon trap: trap_request=0xffffffc6 fr.pc=0x0000000115c3c514 relative=0x0000000000000514
Event: 0.483 Thread 0x00000001322a8600 Uncommon trap: reason=bimorphic_or_optimized_type_check action=maybe_recompile pc=0x0000000115c3c514 method=java.util.concurrent.ConcurrentHashMap.get(Ljava/lang/Object;)Ljava/lang/Object; @ 149 c2
Event: 0.483 Thread 0x00000001322a8600 DEOPT PACKING pc=0x0000000115c3c514 sp=0x000000016b455c60
Event: 0.483 Thread 0x00000001322a8600 DEOPT UNPACKING pc=0x000000010e16ad1c sp=0x000000016b455bf0 mode 2
Event: 0.484 Thread 0x00000001322a8600 Uncommon trap: trap_request=0xffffffc6 fr.pc=0x0000000115c3c514 relative=0x0000000000000514
Event: 0.484 Thread 0x00000001322a8600 Uncommon trap: reason=bimorphic_or_optimized_type_check action=maybe_recompile pc=0x0000000115c3c514 method=java.util.concurrent.ConcurrentHashMap.get(Ljava/lang/Object;)Ljava/lang/Object; @ 149 c2
Event: 0.484 Thread 0x00000001322a8600 DEOPT PACKING pc=0x0000000115c3c514 sp=0x000000016b455c60
Event: 0.484 Thread 0x00000001322a8600 DEOPT UNPACKING pc=0x000000010e16ad1c sp=0x000000016b455bf0 mode 2
Event: 0.484 Thread 0x00000001322a8600 Uncommon trap: trap_request=0xffffffc6 fr.pc=0x0000000115c3c514 relative=0x0000000000000514
Event: 0.484 Thread 0x00000001322a8600 Uncommon trap: reason=bimorphic_or_optimized_type_check action=maybe_recompile pc=0x0000000115c3c514 method=java.util.concurrent.ConcurrentHashMap.get(Ljava/lang/Object;)Ljava/lang/Object; @ 149 c2
Event: 0.484 Thread 0x00000001322a8600 DEOPT PACKING pc=0x0000000115c3c514 sp=0x000000016b4557d0
Event: 0.484 Thread 0x00000001322a8600 DEOPT UNPACKING pc=0x000000010e16ad1c sp=0x000000016b455760 mode 2

Classes unloaded (0 events):
No events

Classes redefined (0 events):
No events

Internal exceptions (20 events):
Event: 0.259 Thread 0x00000001322a8600 Exception <a 'java/lang/NoSuchMethodError'{0x0000000786fe3828}: 'java.lang.Object java.lang.invoke.DirectMethodHandle$Holder.invokeStaticInit(java.lang.Object, java.lang.Object, java.lang.Object, java.lang.Object)'> (0x0000000786fe3828) 
thrown [open/src/hotspot/share/interpreter/linkResolver.cpp, line 766]
Event: 0.259 Thread 0x00000001322a8600 Exception <a 'java/lang/NullPointerException'{0x0000000786fef7c8}> (0x0000000786fef7c8) 
thrown [open/src/hotspot/share/interpreter/linkResolver.cpp, line 1357]
Event: 0.296 Thread 0x00000001322a8600 Exception <a 'java/lang/NoSuchMethodError'{0x00000007869d5758}: 'void java.lang.invoke.DirectMethodHandle$Holder.invokeStaticInit(java.lang.Object, java.lang.Object)'> (0x00000007869d5758) 
thrown [open/src/hotspot/share/interpreter/linkResolver.cpp, line 766]
Event: 0.306 Thread 0x00000001322a8600 Exception <a 'java/lang/NoSuchMethodError'{0x0000000787fabd88}: 'void java.lang.invoke.DirectMethodHandle$Holder.invokeSpecial(java.lang.Object, java.lang.Object, java.lang.Object, java.lang.Object, java.lang.Object)'> (0x0000000787fabd88) 
thrown [open/src/hotspot/share/interpreter/linkResolver.cpp, line 766]
Event: 0.329 Thread 0x00000001322a8600 Exception <a 'sun/nio/fs/UnixException'{0x0000000787b056c8}> (0x0000000787b056c8) 
thrown [open/src/hotspot/share/prims/jni.cpp, line 516]
Event: 0.335 Thread 0x00000001322a8600 Implicit null exception at 0x0000000115c379b8 to 0x0000000115c385b0
Event: 0.341 Thread 0x00000001322a8600 Implicit null exception at 0x0000000115c3a294 to 0x0000000115c3a654
Event: 0.343 Thread 0x00000001322a8600 Implicit null exception at 0x0000000115c34754 to 0x0000000115c34aa8
Event: 0.429 Thread 0x00000001322a8600 Exception <a 'java/lang/NoSuchMethodError'{0x00000007875db9e0}: 'java.lang.Object java.lang.invoke.DirectMethodHandle$Holder.invokeInterface(java.lang.Object, java.lang.Object, java.lang.Object)'> (0x00000007875db9e0) 
thrown [open/src/hotspot/share/interpreter/linkResolver.cpp, line 766]
Event: 0.429 Thread 0x00000001322a8600 Exception <a 'java/lang/IncompatibleClassChangeError'{0x00000007875df368}: Found class java.lang.Object, but interface was expected> (0x00000007875df368) 
thrown [open/src/hotspot/share/interpreter/linkResolver.cpp, line 833]
Event: 0.443 Thread 0x00000001322a8600 Exception <a 'java/lang/ClassNotFoundException'{0x00000007873f54e0}: com/sun/javafx/scene/control/skin/resources/controls> (0x00000007873f54e0) 
thrown [open/src/hotspot/share/prims/jni.cpp, line 535]
Event: 0.444 Thread 0x00000001322a8600 Exception <a 'java/lang/ClassNotFoundException'{0x0000000787203df0}: com/sun/javafx/scene/control/skin/resources/controls_en> (0x0000000787203df0) 
thrown [open/src/hotspot/share/prims/jni.cpp, line 535]
Event: 0.444 Thread 0x00000001322a8600 Exception <a 'java/lang/ClassNotFoundException'{0x0000000787204d88}: com/sun/javafx/scene/control/skin/resources/controls_en_FI> (0x0000000787204d88) 
thrown [open/src/hotspot/share/prims/jni.cpp, line 535]
Event: 0.456 Thread 0x00000001322a8600 Exception <a 'java/lang/NoSuchMethodError'{0x00000007871bf1e0}: 'void java.lang.invoke.DirectMethodHandle$Holder.invokeSpecial(java.lang.Object, java.lang.Object, java.lang.Object, java.lang.Object, java.lang.Object, java.lang.Object)'> (0x00000007871bf1e0) 
thrown [open/src/hotspot/share/interpreter/linkResolver.cpp, line 766]
Event: 0.489 Thread 0x00000001322a8600 Exception <a 'java/lang/NoSuchMethodError'{0x0000000786d8e540}: 'java.lang.Object java.lang.invoke.DirectMethodHandle$Holder.newInvokeSpecial(java.lang.Object, java.lang.Object, int)'> (0x0000000786d8e540) 
thrown [open/src/hotspot/share/interpreter/linkResolver.cpp, line 766]
Event: 0.528 Thread 0x00000001320ae800 Exception <a 'java/lang/NoSuchMethodError'{0x0000000786c66b50}: 'int java.lang.invoke.DirectMethodHandle$Holder.invokeStaticInit(java.lang.Object, java.lang.Object)'> (0x0000000786c66b50) 
thrown [open/src/hotspot/share/interpreter/linkResolver.cpp, line 766]
Event: 0.535 Thread 0x00000001322a8600 Exception <a 'java/lang/NoSuchMethodError'{0x0000000786de1a10}: 'long java.lang.invoke.DirectMethodHandle$Holder.invokeStatic(java.lang.Object, java.lang.Object, java.lang.Object)'> (0x0000000786de1a10) 
thrown [open/src/hotspot/share/interpreter/linkResolver.cpp, line 766]
Event: 0.535 Thread 0x00000001322a8600 Exception <a 'java/lang/NoSuchMethodError'{0x0000000786de51b8}: 'long java.lang.invoke.DirectMethodHandle$Holder.invokeStaticInit(java.lang.Object, java.lang.Object, java.lang.Object)'> (0x0000000786de51b8) 
thrown [open/src/hotspot/share/interpreter/linkResolver.cpp, line 766]
Event: 0.536 Thread 0x00000001322a8600 Exception <a 'java/lang/NoSuchMethodError'{0x0000000786dfcdc0}: 'java.lang.Object java.lang.invoke.DirectMethodHandle$Holder.newInvokeSpecial(java.lang.Object, java.lang.Object, long)'> (0x0000000786dfcdc0) 
thrown [open/src/hotspot/share/interpreter/linkResolver.cpp, line 766]
Event: 0.536 Thread 0x00000001322a8600 Exception <a 'java/lang/NoSuchMethodError'{0x0000000786b011c0}: 'java.lang.Object java.lang.invoke.Invokers$Holder.linkToTargetMethod(java.lang.Object, long, java.lang.Object)'> (0x0000000786b011c0) 
thrown [open/src/hotspot/share/interpreter/linkResolver.cpp, line 766]

VM Operations (16 events):
Event: 0.040 Executing VM operation: HandshakeAllThreads
Event: 0.040 Executing VM operation: HandshakeAllThreads done
Event: 0.040 Executing VM operation: HandshakeAllThreads
Event: 0.040 Executing VM operation: HandshakeAllThreads done
Event: 0.138 Executing VM operation: ICBufferFull
Event: 0.138 Executing VM operation: ICBufferFull done
Event: 0.275 Executing VM operation: HandshakeAllThreads
Event: 0.275 Executing VM operation: HandshakeAllThreads done
Event: 0.282 Executing VM operation: ICBufferFull
Event: 0.282 Executing VM operation: ICBufferFull done
Event: 0.297 Executing VM operation: G1CollectForAllocation
Event: 0.299 Executing VM operation: G1CollectForAllocation done
Event: 0.423 Executing VM operation: HandshakeAllThreads
Event: 0.423 Executing VM operation: HandshakeAllThreads done
Event: 0.472 Executing VM operation: ICBufferFull
Event: 0.472 Executing VM operation: ICBufferFull done

Events (20 events):
Event: 0.544 loading class java/nio/FloatBuffer
Event: 0.545 loading class java/nio/FloatBuffer done
Event: 0.545 loading class java/nio/DoubleBuffer
Event: 0.545 loading class java/nio/DoubleBuffer done
Event: 0.549 loading class jdk/internal/ref/CleanerImpl$InnocuousThreadFactory
Event: 0.549 loading class jdk/internal/ref/CleanerImpl$InnocuousThreadFactory done
Event: 0.549 Thread 0x00000001323aee00 Thread added: 0x00000001323aee00
Event: 0.549 Protecting memory [0x000000016f068000,0x000000016f074000] with protection modes 0
Event: 0.551 loading class sun/misc/Unsafe
Event: 0.551 loading class sun/misc/Unsafe done
Event: 0.551 loading class jdk/internal/reflect/UnsafeFieldAccessorFactory
Event: 0.551 loading class jdk/internal/reflect/UnsafeFieldAccessorFactory done
Event: 0.551 loading class jdk/internal/reflect/UnsafeQualifiedStaticObjectFieldAccessorImpl
Event: 0.551 loading class jdk/internal/reflect/UnsafeQualifiedStaticFieldAccessorImpl
Event: 0.551 loading class jdk/internal/reflect/UnsafeQualifiedStaticFieldAccessorImpl done
Event: 0.551 loading class jdk/internal/reflect/UnsafeQualifiedStaticObjectFieldAccessorImpl done
Event: 0.559 loading class java/nio/DirectFloatBufferU
Event: 0.560 loading class java/nio/DirectFloatBufferU done
Event: 0.592 loading class jdk/internal/misc/ScopedMemoryAccess$Scope
Event: 0.593 loading class jdk/internal/misc/ScopedMemoryAccess$Scope done


Dynamic libraries:
0x00000001049d8000 	/Library/Java/JavaVirtualMachines/jdk-17.0.1.jdk/Contents/Home/lib/libjli.dylib
0x000000019c070000 	/usr/lib/libz.1.dylib
0x000000019c127000 	/usr/lib/libSystem.B.dylib
0x000000019c121000 	/usr/lib/system/libcache.dylib
0x000000019c0df000 	/usr/lib/system/libcommonCrypto.dylib
0x000000019c108000 	/usr/lib/system/libcompiler_rt.dylib
0x000000019c0ff000 	/usr/lib/system/libcopyfile.dylib
0x0000000191367000 	/usr/lib/system/libcorecrypto.dylib
0x000000019141a000 	/usr/lib/system/libdispatch.dylib
0x00000001915e8000 	/usr/lib/system/libdyld.dylib
0x000000019c117000 	/usr/lib/system/libkeymgr.dylib
0x000000019c0ba000 	/usr/lib/system/libmacho.dylib
0x000000019b7af000 	/usr/lib/system/libquarantine.dylib
0x000000019c114000 	/usr/lib/system/libremovefile.dylib
0x0000000196750000 	/usr/lib/system/libsystem_asl.dylib
0x0000000191309000 	/usr/lib/system/libsystem_blocks.dylib
0x00000001914a2000 	/usr/lib/system/libsystem_c.dylib
0x000000019c10c000 	/usr/lib/system/libsystem_collections.dylib
0x000000019ac3d000 	/usr/lib/system/libsystem_configuration.dylib
0x0000000199e99000 	/usr/lib/system/libsystem_containermanager.dylib
0x000000019be1c000 	/usr/lib/system/libsystem_coreservices.dylib
0x0000000193d10000 	/usr/lib/system/libsystem_darwin.dylib
0x000000019c118000 	/usr/lib/system/libsystem_dnssd.dylib
0x000000019149f000 	/usr/lib/system/libsystem_featureflags.dylib
0x00000001915fd000 	/usr/lib/system/libsystem_info.dylib
0x000000019c082000 	/usr/lib/system/libsystem_m.dylib
0x00000001913ef000 	/usr/lib/system/libsystem_malloc.dylib
0x00000001966df000 	/usr/lib/system/libsystem_networkextension.dylib
0x0000000194169000 	/usr/lib/system/libsystem_notify.dylib
0x00000001a2465000 	/usr/lib/system/libsystem_product_info_filter.dylib
0x000000019ac42000 	/usr/lib/system/libsystem_sandbox.dylib
0x000000019c111000 	/usr/lib/system/libsystem_secinit.dylib
0x00000001915a3000 	/usr/lib/system/libsystem_kernel.dylib
0x00000001915f5000 	/usr/lib/system/libsystem_platform.dylib
0x00000001915db000 	/usr/lib/system/libsystem_pthread.dylib
0x0000000197ea8000 	/usr/lib/system/libsystem_symptoms.dylib
0x000000019134d000 	/usr/lib/system/libsystem_trace.dylib
0x000000019c0ec000 	/usr/lib/system/libunwind.dylib
0x000000019130b000 	/usr/lib/system/libxpc.dylib
0x000000019158b000 	/usr/lib/libc++abi.dylib
0x0000000191461000 	/usr/lib/libobjc.A.dylib
0x000000019c0f7000 	/usr/lib/liboah.dylib
0x0000000191524000 	/usr/lib/libc++.1.dylib
0x00000001a7f7e000 	/System/Library/Frameworks/Cocoa.framework/Versions/A/Cocoa
0x00000001941ca000 	/System/Library/Frameworks/AppKit.framework/Versions/C/AppKit
0x00000001976d0000 	/System/Library/Frameworks/CoreData.framework/Versions/A/CoreData
0x0000000192525000 	/System/Library/Frameworks/Foundation.framework/Versions/C/Foundation
0x0000000195082000 	/System/Library/PrivateFrameworks/UIFoundation.framework/Versions/A/UIFoundation
0x00000001a215f000 	/System/Library/PrivateFrameworks/RemoteViewServices.framework/Versions/A/RemoteViewServices
0x000000019a5e5000 	/System/Library/PrivateFrameworks/XCTTargetBootstrap.framework/Versions/A/XCTTargetBootstrap
0x000000019de63000 	/System/Library/PrivateFrameworks/InternationalSupport.framework/Versions/A/InternationalSupport
0x000000019deec000 	/System/Library/PrivateFrameworks/UserActivity.framework/Versions/A/UserActivity
0x000000019d35e000 	/usr/lib/libspindump.dylib
0x00000001952f3000 	/System/Library/Frameworks/UniformTypeIdentifiers.framework/Versions/A/UniformTypeIdentifiers
0x0000000198b30000 	/usr/lib/libapp_launch_measurement.dylib
0x000000019805a000 	/System/Library/PrivateFrameworks/CoreAnalytics.framework/Versions/A/CoreAnalytics
0x0000000198b33000 	/System/Library/PrivateFrameworks/CoreAutoLayout.framework/Versions/A/CoreAutoLayout
0x0000000199ed6000 	/System/Library/Frameworks/Metal.framework/Versions/A/Metal
0x000000019ac4d000 	/usr/lib/liblangid.dylib
0x000000019a5ea000 	/System/Library/PrivateFrameworks/CoreSVG.framework/Versions/A/CoreSVG
0x0000000196784000 	/System/Library/PrivateFrameworks/SkyLight.framework/Versions/A/SkyLight
0x0000000196b59000 	/System/Library/Frameworks/CoreGraphics.framework/Versions/A/CoreGraphics
0x00000001a282b000 	/System/Library/Frameworks/Accelerate.framework/Versions/A/Accelerate
0x000000019cdd5000 	/System/Library/PrivateFrameworks/IconServices.framework/Versions/A/IconServices
0x0000000199eb8000 	/System/Library/Frameworks/IOSurface.framework/Versions/A/IOSurface
0x000000019808b000 	/usr/lib/libDiagnosticMessagesClient.dylib
0x00000001a5d2c000 	/System/Library/Frameworks/ApplicationServices.framework/Versions/A/ApplicationServices
0x000000019a5cd000 	/System/Library/PrivateFrameworks/DFRFoundation.framework/Versions/A/DFRFoundation
0x0000000193a5a000 	/usr/lib/libicucore.A.dylib
0x000000019ed0f000 	/System/Library/Frameworks/AudioToolbox.framework/Versions/A/AudioToolbox
0x000000019de6f000 	/System/Library/PrivateFrameworks/DataDetectorsCore.framework/Versions/A/DataDetectorsCore
0x00000001b47af000 	/System/Library/PrivateFrameworks/TextInput.framework/Versions/A/TextInput
0x00000001966f9000 	/usr/lib/libMobileGestalt.dylib
0x000000019a299000 	/System/Library/Frameworks/Carbon.framework/Versions/A/Frameworks/HIToolbox.framework/Versions/A/HIToolbox
0x000000019850c000 	/System/Library/Frameworks/QuartzCore.framework/Versions/A/QuartzCore
0x00000001936dd000 	/System/Library/Frameworks/Security.framework/Versions/A/Security
0x00000001a219f000 	/System/Library/Frameworks/Carbon.framework/Versions/A/Frameworks/SpeechRecognition.framework/Versions/A/SpeechRecognition
0x0000000198886000 	/System/Library/PrivateFrameworks/CoreUI.framework/Versions/A/CoreUI
0x0000000192fba000 	/System/Library/Frameworks/CoreAudio.framework/Versions/A/CoreAudio
0x0000000198180000 	/System/Library/Frameworks/DiskArbitration.framework/Versions/A/DiskArbitration
0x000000019d768000 	/System/Library/PrivateFrameworks/MultitouchSupport.framework/Versions/A/MultitouchSupport
0x00000001966f7000 	/usr/lib/libenergytrace.dylib
0x0000000194092000 	/System/Library/Frameworks/IOKit.framework/Versions/A/IOKit
0x00000001a258e000 	/System/Library/Frameworks/CoreServices.framework/Versions/A/CoreServices
0x0000000198ac0000 	/System/Library/PrivateFrameworks/PerformanceAnalysis.framework/Versions/A/PerformanceAnalysis
0x00000001f2a97000 	/System/Library/Frameworks/OpenGL.framework/Versions/A/OpenGL
0x000000019b6c7000 	/System/Library/PrivateFrameworks/MobileKeyBag.framework/Versions/A/MobileKeyBag
0x0000000197166000 	/System/Library/Frameworks/ColorSync.framework/Versions/A/ColorSync
0x000000019162a000 	/System/Library/Frameworks/CoreFoundation.framework/Versions/A/CoreFoundation
0x000000019a869000 	/System/Library/Frameworks/CoreImage.framework/Versions/A/CoreImage
0x0000000192dde000 	/System/Library/Frameworks/CoreText.framework/Versions/A/CoreText
0x000000019a61a000 	/System/Library/Frameworks/ImageIO.framework/Versions/A/ImageIO
0x000000019c12d000 	/System/Library/PrivateFrameworks/SoftLinking.framework/Versions/A/SoftLinking
0x0000000198b7e000 	/usr/lib/libxml2.2.dylib
0x000000019c3c6000 	/usr/lib/libcompression.dylib
0x000000019ddbf000 	/System/Library/PrivateFrameworks/TextureIO.framework/Versions/A/TextureIO
0x000000019caee000 	/usr/lib/libate.dylib
0x000000019c9b3000 	/usr/lib/liblzma.5.dylib
0x0000000192219000 	/System/Library/Frameworks/SystemConfiguration.framework/Versions/A/SystemConfiguration
0x000000019c129000 	/usr/lib/libfakelink.dylib
0x000000019622b000 	/System/Library/Frameworks/CFNetwork.framework/Versions/A/CFNetwork
0x000000019c26f000 	/usr/lib/libarchive.2.dylib
0x000000019ac49000 	/System/Library/PrivateFrameworks/AppleSystemInfo.framework/Versions/A/AppleSystemInfo
0x000000019b7da000 	/usr/lib/libbsm.0.dylib
0x000000019579c000 	/usr/lib/libnetwork.dylib
0x000000019c0c3000 	/usr/lib/system/libkxld.dylib
0x000000019b3ed000 	/System/Library/PrivateFrameworks/IOMobileFramebuffer.framework/Versions/A/IOMobileFramebuffer
0x00000002103c3000 	/usr/lib/libCoreEntitlements.dylib
0x000000019bdfe000 	/System/Library/PrivateFrameworks/AppleFSCompression.framework/Versions/A/AppleFSCompression
0x000000019b7c2000 	/usr/lib/libcoretls.dylib
0x000000019c9cc000 	/usr/lib/libcoretls_cfhelpers.dylib
0x000000019c3c1000 	/usr/lib/libpam.2.dylib
0x0000000197abf000 	/usr/lib/libsqlite3.dylib
0x000000019ca35000 	/usr/lib/libxar.1.dylib
0x000000019be0f000 	/usr/lib/libbz2.1.0.dylib
0x000000019c12e000 	/usr/lib/libpcap.A.dylib
0x0000000197e9f000 	/usr/lib/libdns_services.dylib
0x000000019c394000 	/usr/lib/libapple_nghttp2.dylib
0x000000019c16b000 	/usr/lib/libiconv.2.dylib
0x000000019c0b9000 	/usr/lib/libcharset.1.dylib
0x0000000198afc000 	/System/Library/Frameworks/CoreServices.framework/Versions/A/Frameworks/FSEvents.framework/Versions/A/FSEvents
0x0000000193d1b000 	/System/Library/Frameworks/CoreServices.framework/Versions/A/Frameworks/CarbonCore.framework/Versions/A/CarbonCore
0x00000001980e0000 	/System/Library/Frameworks/CoreServices.framework/Versions/A/Frameworks/Metadata.framework/Versions/A/Metadata
0x000000019be22000 	/System/Library/Frameworks/CoreServices.framework/Versions/A/Frameworks/OSServices.framework/Versions/A/OSServices
0x000000019c2f5000 	/System/Library/Frameworks/CoreServices.framework/Versions/A/Frameworks/SearchKit.framework/Versions/A/SearchKit
0x0000000197e2e000 	/System/Library/Frameworks/CoreServices.framework/Versions/A/Frameworks/AE.framework/Versions/A/AE
0x0000000191b70000 	/System/Library/Frameworks/CoreServices.framework/Versions/A/Frameworks/LaunchServices.framework/Versions/A/LaunchServices
0x000000019c95c000 	/System/Library/Frameworks/CoreServices.framework/Versions/A/Frameworks/DictionaryServices.framework/Versions/A/DictionaryServices
0x0000000198b09000 	/System/Library/Frameworks/CoreServices.framework/Versions/A/Frameworks/SharedFileList.framework/Versions/A/SharedFileList
0x000000019b7b2000 	/usr/lib/libCheckFix.dylib
0x0000000196768000 	/System/Library/PrivateFrameworks/TCC.framework/Versions/A/TCC
0x000000019ac4f000 	/System/Library/PrivateFrameworks/CoreNLP.framework/Versions/A/CoreNLP
0x000000019808e000 	/System/Library/PrivateFrameworks/MetadataUtilities.framework/Versions/A/MetadataUtilities
0x00000001922d2000 	/usr/lib/libmecabra.dylib
0x000000019b7eb000 	/usr/lib/libmecab.dylib
0x000000019229e000 	/usr/lib/libCRFSuite.dylib
0x000000019b848000 	/usr/lib/libgermantok.dylib
0x000000019c36d000 	/usr/lib/libThaiTokenizer.dylib
0x0000000198188000 	/System/Library/Frameworks/Accelerate.framework/Versions/A/Frameworks/vImage.framework/Versions/A/vImage
0x00000001a2565000 	/System/Library/Frameworks/Accelerate.framework/Versions/A/Frameworks/vecLib.framework/Versions/A/vecLib
0x000000019ca7a000 	/System/Library/Frameworks/Accelerate.framework/Versions/A/Frameworks/vecLib.framework/Versions/A/libvMisc.dylib
0x000000019b2f4000 	/System/Library/Frameworks/Accelerate.framework/Versions/A/Frameworks/vecLib.framework/Versions/A/libvDSP.dylib
0x0000000191ef9000 	/System/Library/Frameworks/Accelerate.framework/Versions/A/Frameworks/vecLib.framework/Versions/A/libBLAS.dylib
0x000000019c497000 	/System/Library/Frameworks/Accelerate.framework/Versions/A/Frameworks/vecLib.framework/Versions/A/libLAPACK.dylib
0x000000019b84b000 	/System/Library/Frameworks/Accelerate.framework/Versions/A/Frameworks/vecLib.framework/Versions/A/libLinearAlgebra.dylib
0x000000019c3ac000 	/System/Library/Frameworks/Accelerate.framework/Versions/A/Frameworks/vecLib.framework/Versions/A/libSparseBLAS.dylib
0x000000019c492000 	/System/Library/Frameworks/Accelerate.framework/Versions/A/Frameworks/vecLib.framework/Versions/A/libQuadrature.dylib
0x000000019ad48000 	/System/Library/Frameworks/Accelerate.framework/Versions/A/Frameworks/vecLib.framework/Versions/A/libBNNS.dylib
0x00000001921b7000 	/System/Library/Frameworks/Accelerate.framework/Versions/A/Frameworks/vecLib.framework/Versions/A/libSparse.dylib
0x000000019ad40000 	/System/Library/PrivateFrameworks/LinguisticData.framework/Versions/A/LinguisticData
0x000000019216f000 	/System/Library/PrivateFrameworks/Lexicon.framework/Versions/A/Lexicon
0x000000019ca72000 	/usr/lib/libChineseTokenizer.dylib
0x0000000192916000 	/System/Library/PrivateFrameworks/LanguageModeling.framework/Versions/A/LanguageModeling
0x000000019c36f000 	/System/Library/PrivateFrameworks/AppleSauce.framework/Versions/A/AppleSauce
0x000000019b3da000 	/System/Library/PrivateFrameworks/CoreEmoji.framework/Versions/A/CoreEmoji
0x000000019c25d000 	/usr/lib/libcmph.dylib
0x0000000198adc000 	/System/Library/Frameworks/OpenDirectory.framework/Versions/A/Frameworks/CFOpenDirectory.framework/Versions/A/CFOpenDirectory
0x0000000198acc000 	/System/Library/Frameworks/OpenDirectory.framework/Versions/A/OpenDirectory
0x000000019c9ce000 	/System/Library/PrivateFrameworks/APFS.framework/Versions/A/APFS
0x000000019b702000 	/System/Library/Frameworks/SecurityFoundation.framework/Versions/A/SecurityFoundation
0x000000019ca44000 	/usr/lib/libutil.dylib
0x0000000194054000 	/System/Library/PrivateFrameworks/CoreServicesStore.framework/Versions/A/CoreServicesStore
0x000000019ca48000 	/usr/lib/libxslt.1.dylib
0x000000019b796000 	/System/Library/PrivateFrameworks/BackgroundTaskManagement.framework/Versions/A/BackgroundTaskManagement
0x000000019dce0000 	/System/Library/Frameworks/ImageIO.framework/Versions/A/Resources/libRadiance.dylib
0x000000019dce9000 	/System/Library/Frameworks/ImageIO.framework/Versions/A/Resources/libJPEG.dylib
0x000000019dc3c000 	/System/Library/Frameworks/ImageIO.framework/Versions/A/Resources/libPng.dylib
0x000000019dc5e000 	/System/Library/Frameworks/ImageIO.framework/Versions/A/Resources/libTIFF.dylib
0x000000019dd44000 	/System/Library/Frameworks/ImageIO.framework/Versions/A/Resources/libGIF.dylib
0x000000019d678000 	/System/Library/Frameworks/ImageIO.framework/Versions/A/Resources/libJP2.dylib
0x000000019cd9a000 	/usr/lib/libexpat.1.dylib
0x000000019d633000 	/System/Library/PrivateFrameworks/AppleJPEG.framework/Versions/A/AppleJPEG
0x000000019a155000 	/System/Library/PrivateFrameworks/FontServices.framework/libFontParser.dylib
0x0000000197dd3000 	/System/Library/PrivateFrameworks/RunningBoardServices.framework/Versions/A/RunningBoardServices
0x00000001a8651000 	/System/Library/PrivateFrameworks/IOSurfaceAccelerator.framework/Versions/A/IOSurfaceAccelerator
0x000000019d764000 	/System/Library/PrivateFrameworks/WatchdogClient.framework/Versions/A/WatchdogClient
0x0000000192a1a000 	/System/Library/Frameworks/CoreDisplay.framework/Versions/A/CoreDisplay
0x000000019a03f000 	/System/Library/Frameworks/CoreMedia.framework/Versions/A/CoreMedia
0x0000000199ecc000 	/System/Library/PrivateFrameworks/IOAccelerator.framework/Versions/A/IOAccelerator
0x0000000198c6c000 	/System/Library/Frameworks/CoreVideo.framework/Versions/A/CoreVideo
0x000000019c3bf000 	/System/Library/Frameworks/MetalPerformanceShaders.framework/Versions/A/MetalPerformanceShaders
0x000000019d7a3000 	/System/Library/Frameworks/VideoToolbox.framework/Versions/A/VideoToolbox
0x0000000197d17000 	/System/Library/PrivateFrameworks/BaseBoard.framework/Versions/A/BaseBoard
0x0000000197aa5000 	/System/Library/PrivateFrameworks/ProtocolBuffer.framework/Versions/A/ProtocolBuffer
0x000000019dcdb000 	/System/Library/PrivateFrameworks/GPUWrangler.framework/Versions/A/GPUWrangler
0x000000019dcbb000 	/System/Library/PrivateFrameworks/IOPresentment.framework/Versions/A/IOPresentment
0x000000019dce3000 	/System/Library/PrivateFrameworks/DSExternalDisplay.framework/Versions/A/DSExternalDisplay
0x00000001f2a8a000 	/System/Library/Frameworks/OpenGL.framework/Versions/A/Libraries/libCoreFSCache.dylib
0x00000001fcf49000 	/System/Library/PrivateFrameworks/GPUCompiler.framework/Versions/31001/Libraries/libGPUCompilerUtils.dylib
0x000000019dd49000 	/System/Library/PrivateFrameworks/CMCaptureCore.framework/Versions/A/CMCaptureCore
0x000000019d34b000 	/System/Library/PrivateFrameworks/AppServerSupport.framework/Versions/A/AppServerSupport
0x000000019f5cc000 	/System/Library/PrivateFrameworks/perfdata.framework/Versions/A/perfdata
0x0000000192b3a000 	/System/Library/PrivateFrameworks/AudioToolboxCore.framework/Versions/A/AudioToolboxCore
0x000000019a018000 	/System/Library/PrivateFrameworks/caulk.framework/Versions/A/caulk
0x000000019eec1000 	/usr/lib/libAudioStatistics.dylib
0x00000001b0e16000 	/System/Library/PrivateFrameworks/SystemPolicy.framework/Versions/A/SystemPolicy
0x000000019f12d000 	/usr/lib/libSMC.dylib
0x00000001a7e60000 	/System/Library/Frameworks/CoreMIDI.framework/Versions/A/CoreMIDI
0x000000019dc0a000 	/usr/lib/libAudioToolboxUtility.dylib
0x00000001acee3000 	/System/Library/PrivateFrameworks/OSAServicesClient.framework/Versions/A/OSAServicesClient
0x000000019f5d9000 	/usr/lib/libperfcheck.dylib
0x00000001b192e000 	/usr/lib/libmis.dylib
0x00000001f2aec000 	/System/Library/Frameworks/OpenGL.framework/Versions/A/Libraries/libGLU.dylib
0x00000001f2aab000 	/System/Library/Frameworks/OpenGL.framework/Versions/A/Libraries/libGFXShared.dylib
0x00000001f2c98000 	/System/Library/Frameworks/OpenGL.framework/Versions/A/Libraries/libGL.dylib
0x00000001f2ab4000 	/System/Library/Frameworks/OpenGL.framework/Versions/A/Libraries/libGLImage.dylib
0x00000001f2aa8000 	/System/Library/Frameworks/OpenGL.framework/Versions/A/Libraries/libCVMSPluginSupport.dylib
0x00000001f2a91000 	/System/Library/Frameworks/OpenGL.framework/Versions/A/Libraries/libCoreVMClient.dylib
0x000000019abc9000 	/System/Library/Frameworks/MetalPerformanceShaders.framework/Versions/A/Frameworks/MPSCore.framework/Versions/A/MPSCore
0x000000019bd71000 	/System/Library/Frameworks/MetalPerformanceShaders.framework/Versions/A/Frameworks/MPSImage.framework/Versions/A/MPSImage
0x000000019b860000 	/System/Library/Frameworks/MetalPerformanceShaders.framework/Versions/A/Frameworks/MPSNeuralNetwork.framework/Versions/A/MPSNeuralNetwork
0x000000019bc99000 	/System/Library/Frameworks/MetalPerformanceShaders.framework/Versions/A/Frameworks/MPSMatrix.framework/Versions/A/MPSMatrix
0x000000019ba72000 	/System/Library/Frameworks/MetalPerformanceShaders.framework/Versions/A/Frameworks/MPSRayIntersector.framework/Versions/A/MPSRayIntersector
0x000000019bcca000 	/System/Library/Frameworks/MetalPerformanceShaders.framework/Versions/A/Frameworks/MPSNDArray.framework/Versions/A/MPSNDArray
0x00000001f4c03000 	/System/Library/Frameworks/MetalPerformanceShaders.framework/Versions/A/Frameworks/MPSFunctions.framework/Versions/A/MPSFunctions
0x0000000191dd0000 	/System/Library/PrivateFrameworks/MetalTools.framework/Versions/A/MetalTools
0x000000019ac47000 	/System/Library/PrivateFrameworks/AggregateDictionary.framework/Versions/A/AggregateDictionary
0x000000019cb7f000 	/usr/lib/libIOReport.dylib
0x00000001a6e7e000 	/System/Library/PrivateFrameworks/ASEProcessing.framework/Versions/A/ASEProcessing
0x000000019cef4000 	/System/Library/PrivateFrameworks/FaceCore.framework/Versions/A/FaceCore
0x000000019cee6000 	/System/Library/PrivateFrameworks/GraphVisualizer.framework/Versions/A/GraphVisualizer
0x00000001fce60000 	/System/Library/PrivateFrameworks/FontServices.framework/Versions/A/FontServices
0x000000019d307000 	/System/Library/PrivateFrameworks/OTSVG.framework/Versions/A/OTSVG
0x0000000198836000 	/System/Library/Frameworks/ApplicationServices.framework/Versions/A/Frameworks/ATS.framework/Versions/A/Resources/libFontRegistry.dylib
0x000000019d354000 	/System/Library/PrivateFrameworks/FontServices.framework/libhvf.dylib
0x00000001fce61000 	/System/Library/PrivateFrameworks/FontServices.framework/libXTFontStaticRegistryData.dylib
0x00000001f2e39000 	/System/Library/Frameworks/OpenCL.framework/Versions/A/OpenCL
0x000000019cd4e000 	/System/Library/PrivateFrameworks/AppleVA.framework/Versions/A/AppleVA
0x000000019eee9000 	/System/Library/Frameworks/ApplicationServices.framework/Versions/A/Frameworks/ATS.framework/Versions/A/ATS
0x0000000197263000 	/System/Library/Frameworks/ApplicationServices.framework/Versions/A/Frameworks/HIServices.framework/Versions/A/HIServices
0x000000019dd53000 	/System/Library/Frameworks/ApplicationServices.framework/Versions/A/Frameworks/PrintCore.framework/Versions/A/PrintCore
0x000000019f280000 	/System/Library/Frameworks/ApplicationServices.framework/Versions/A/Frameworks/QD.framework/Versions/A/QD
0x000000019f278000 	/System/Library/Frameworks/ApplicationServices.framework/Versions/A/Frameworks/ColorSyncLegacy.framework/Versions/A/ColorSyncLegacy
0x000000019eed5000 	/System/Library/Frameworks/ApplicationServices.framework/Versions/A/Frameworks/SpeechSynthesis.framework/Versions/A/SpeechSynthesis
0x000000019dd14000 	/System/Library/Frameworks/ApplicationServices.framework/Versions/A/Frameworks/ATSUI.framework/Versions/A/ATSUI
0x000000019f20d000 	/usr/lib/libcups.2.dylib
0x000000019f5e7000 	/System/Library/Frameworks/Kerberos.framework/Versions/A/Kerberos
0x000000019f5f8000 	/System/Library/Frameworks/GSS.framework/Versions/A/GSS
0x000000019ef59000 	/usr/lib/libresolv.9.dylib
0x000000019d363000 	/System/Library/PrivateFrameworks/Heimdal.framework/Versions/A/Heimdal
0x00000001a60b3000 	/System/Library/Frameworks/Kerberos.framework/Versions/A/Libraries/libHeimdalProxy.dylib
0x0000000197eb1000 	/System/Library/Frameworks/Network.framework/Versions/A/Network
0x000000019cdb5000 	/usr/lib/libheimdal-asn1.dylib
0x000000019f648000 	/System/Library/PrivateFrameworks/CommonAuth.framework/Versions/A/CommonAuth
0x000000019ee4f000 	/System/Library/PrivateFrameworks/AudioSession.framework/Versions/A/AudioSession
0x000000019ce47000 	/System/Library/PrivateFrameworks/MediaExperience.framework/Versions/A/MediaExperience
0x000000019ecd5000 	/System/Library/PrivateFrameworks/AudioSession.framework/libSessionUtility.dylib
0x000000019f28c000 	/System/Library/PrivateFrameworks/AudioResourceArbitration.framework/Versions/A/AudioResourceArbitration
0x00000001a3442000 	/System/Library/PrivateFrameworks/PowerLog.framework/Versions/A/PowerLog
0x000000019cdbf000 	/System/Library/PrivateFrameworks/IconFoundation.framework/Versions/A/IconFoundation
0x00000001a218b000 	/System/Library/PrivateFrameworks/SpeechRecognitionCore.framework/Versions/A/SpeechRecognitionCore
0x0000000105ac8000 	/Library/Java/JavaVirtualMachines/jdk-17.0.1.jdk/Contents/Home/lib/server/libjvm.dylib
0x0000000104bf0000 	/Library/Java/JavaVirtualMachines/jdk-17.0.1.jdk/Contents/Home/lib/libjimage.dylib
0x0000000104c78000 	/Library/Java/JavaVirtualMachines/jdk-17.0.1.jdk/Contents/Home/lib/libjava.dylib
0x0000000105aa4000 	/Library/Java/JavaVirtualMachines/jdk-17.0.1.jdk/Contents/Home/lib/libnio.dylib
0x00000001211b8000 	/Library/Java/JavaVirtualMachines/jdk-17.0.1.jdk/Contents/Home/lib/libnet.dylib
0x0000000105a84000 	/Library/Java/JavaVirtualMachines/jdk-17.0.1.jdk/Contents/Home/lib/libzip.dylib
0x0000000121194000 	/Users/tommipoiko/.openjfx/cache/17.0.1/libprism_es2.dylib
0x0000000194017000 	/System/Library/PrivateFrameworks/CoreServicesInternal.framework/Versions/A/CoreServicesInternal
0x00000001f2ca2000 	/System/Library/Frameworks/OpenGL.framework/Versions/A/Resources/GLEngine.bundle/GLEngine
0x00000001f2b2a000 	/System/Library/Frameworks/OpenGL.framework/Versions/A/Libraries/libGLProgrammability.dylib
0x00000001213b8000 	/System/Library/Extensions/AppleMetalOpenGLRenderer.bundle/Contents/MacOS/AppleMetalOpenGLRenderer
0x00000001f2e11000 	/System/Library/Frameworks/OpenGL.framework/Versions/A/Resources/GLRendererFloat.bundle/GLRendererFloat
0x00000001f2f11000 	/System/Library/Extensions/AGXMetal13_3.bundle/Contents/MacOS/AGXMetal13_3
0x00000001b194a000 	/System/Library/PrivateFrameworks/GPURawCounter.framework/Versions/A/GPURawCounter
0x00000001ac054000 	/System/Library/PrivateFrameworks/IOGPU.framework/Versions/A/IOGPU
0x0000000127694000 	/Users/tommipoiko/.openjfx/cache/17.0.1/libglass.dylib
0x00000001a369a000 	/System/Library/Frameworks/FileProvider.framework/Versions/A/FileProvider
0x0000000197c7f000 	/System/Library/Frameworks/Accounts.framework/Versions/A/Accounts
0x00000001a381e000 	/System/Library/PrivateFrameworks/GenerationalStorage.framework/Versions/A/GenerationalStorage
0x00000001a43e1000 	/System/Library/PrivateFrameworks/CoreSymbolication.framework/Versions/A/CoreSymbolication
0x00000001a3436000 	/System/Library/PrivateFrameworks/SymptomDiagnosticReporter.framework/Versions/A/SymptomDiagnosticReporter
0x0000000195307000 	/System/Library/PrivateFrameworks/DesktopServicesPriv.framework/Versions/A/DesktopServicesPriv
0x0000000194179000 	/usr/lib/libsandbox.1.dylib
0x0000000198cfa000 	/System/Library/PrivateFrameworks/UserManagement.framework/Versions/A/UserManagement
0x00000001a439e000 	/System/Library/PrivateFrameworks/DebugSymbols.framework/Versions/A/DebugSymbols
0x000000019f26b000 	/System/Library/PrivateFrameworks/NetAuth.framework/Versions/A/NetAuth
0x00000001a0189000 	/System/Library/PrivateFrameworks/Sharing.framework/Versions/A/Sharing
0x0000000198cca000 	/System/Library/PrivateFrameworks/login.framework/Versions/A/Frameworks/loginsupport.framework/Versions/A/loginsupport
0x00000001a55d3000 	/System/Library/PrivateFrameworks/Apple80211.framework/Versions/A/Apple80211
0x000000019be55000 	/System/Library/PrivateFrameworks/AuthKit.framework/Versions/A/AuthKit
0x000000019b4d6000 	/System/Library/PrivateFrameworks/CoreUtils.framework/Versions/A/CoreUtils
0x000000019b3f9000 	/System/Library/Frameworks/CoreWLAN.framework/Versions/A/CoreWLAN
0x00000001a02f9000 	/System/Library/Frameworks/IOBluetooth.framework/Versions/A/IOBluetooth
0x00000001a5633000 	/System/Library/PrivateFrameworks/CoreWiFi.framework/Versions/A/CoreWiFi
0x00000001a3f7e000 	/System/Library/PrivateFrameworks/FrontBoardServices.framework/Versions/A/FrontBoardServices
0x00000001a4016000 	/System/Library/PrivateFrameworks/BoardServices.framework/Versions/A/BoardServices
0x000000019b6f0000 	/System/Library/PrivateFrameworks/AssertionServices.framework/Versions/A/AssertionServices
0x00000001a57b0000 	/System/Library/PrivateFrameworks/BackBoardServices.framework/Versions/A/BackBoardServices
0x000000019f6df000 	/System/Library/PrivateFrameworks/CorePhoneNumbers.framework/Versions/A/CorePhoneNumbers
0x00000001a3566000 	/System/Library/PrivateFrameworks/DiskManagement.framework/Versions/A/DiskManagement
0x00000001a3469000 	/System/Library/PrivateFrameworks/AppleIDAuthSupport.framework/Versions/A/AppleIDAuthSupport
0x00000001f742a000 	/System/Library/PrivateFrameworks/AAAFoundation.framework/Versions/A/AAAFoundation
0x000000019f6be000 	/System/Library/PrivateFrameworks/KeychainCircle.framework/Versions/A/KeychainCircle
0x00000001a3532000 	/System/Library/PrivateFrameworks/MediaKit.framework/Versions/A/MediaKit
0x00000001a3476000 	/System/Library/Frameworks/DiscRecording.framework/Versions/A/DiscRecording
0x000000019ccca000 	/usr/lib/libCoreStorage.dylib
0x00000001a5aad000 	/usr/lib/libcsfde.dylib
0x00000001a03ce000 	/System/Library/PrivateFrameworks/ProtectedCloudStorage.framework/Versions/A/ProtectedCloudStorage
0x00000001a5aa5000 	/System/Library/PrivateFrameworks/EFILogin.framework/Versions/A/EFILogin
0x00000001a3845000 	/System/Library/PrivateFrameworks/OctagonTrust.framework/Versions/A/OctagonTrust
0x00000001fbffb000 	/System/Library/PrivateFrameworks/CoreUtilsExtras.framework/Versions/A/CoreUtilsExtras
0x00000001a339b000 	/System/Library/Frameworks/CoreBluetooth.framework/Versions/A/CoreBluetooth
0x00000001a6138000 	/System/Library/Frameworks/AudioUnit.framework/Versions/A/AudioUnit
0x000000019ccc2000 	/usr/lib/libMatch.1.dylib
0x00000001b5df6000 	/System/Library/Frameworks/Accelerate.framework/Versions/A/Frameworks/vImage.framework/Versions/A/Libraries/libCGInterfaces.dylib
0x0000000127fc4000 	/usr/lib/libobjc-trampolines.dylib
0x00000001989c4000 	/System/Library/PrivateFrameworks/ViewBridge.framework/Versions/A/ViewBridge
0x000000019d426000 	/System/Library/PrivateFrameworks/login.framework/Versions/A/login
0x000000019cb88000 	/System/Library/PrivateFrameworks/CrashReporterSupport.framework/Versions/A/CrashReporterSupport
0x00000001bd86f000 	/System/Library/PrivateFrameworks/OSAnalytics.framework/Versions/A/OSAnalytics
0x00000001c8b6d000 	/System/Library/PrivateFrameworks/Symbolication.framework/Versions/A/Symbolication
0x00000001b190b000 	/System/Library/PrivateFrameworks/MallocStackLogging.framework/Versions/A/MallocStackLogging
0x0000000133728000 	/Users/tommipoiko/.openjfx/cache/17.0.1/libjavafx_font.dylib


VM Arguments:
jvm_args: --module-path=/Users/tommipoiko/Programming/School/COMP3/Round12/calc/target/classes:/Users/tommipoiko/.m2/repository/org/openjfx/javafx-base/17.0.1/javafx-base-17.0.1-mac-aarch64.jar:/Users/tommipoiko/.m2/repository/org/openjfx/javafx-controls/17.0.1/javafx-controls-17.0.1-mac-aarch64.jar:/Users/tommipoiko/.m2/repository/org/openjfx/javafx-graphics/17.0.1/javafx-graphics-17.0.1-mac-aarch64.jar --add-modules=fi.tuni.prog3.calc -Djdk.module.main=fi.tuni.prog3.calc 
java_command: fi.tuni.prog3.calc/fi.tuni.prog3.calc.Calculator
java_class_path (initial): /Users/tommipoiko/.m2/repository/org/openjfx/javafx-base/17.0.1/javafx-base-17.0.1.jar:/Users/tommipoiko/.m2/repository/org/openjfx/javafx-controls/17.0.1/javafx-controls-17.0.1.jar:/Users/tommipoiko/.m2/repository/org/openjfx/javafx-graphics/17.0.1/javafx-graphics-17.0.1.jar
Launcher Type: SUN_STANDARD

[Global flags]
     intx CICompilerCount                          = 4                                         {product} {ergonomic}
     uint ConcGCThreads                            = 2                                         {product} {ergonomic}
     uint G1ConcRefinementThreads                  = 8                                         {product} {ergonomic}
   size_t G1HeapRegionSize                         = 1048576                                   {product} {ergonomic}
    uintx GCDrainStackTargetSize                   = 64                                        {product} {ergonomic}
   size_t InitialHeapSize                          = 134217728                                 {product} {ergonomic}
   size_t MarkStackSize                            = 4194304                                   {product} {ergonomic}
   size_t MaxHeapSize                              = 2147483648                                {product} {ergonomic}
   size_t MaxNewSize                               = 1287651328                                {product} {ergonomic}
   size_t MinHeapDeltaBytes                        = 1048576                                   {product} {ergonomic}
   size_t MinHeapSize                              = 8388608                                   {product} {ergonomic}
    uintx NonNMethodCodeHeapSize                   = 5839564                                {pd product} {ergonomic}
    uintx NonProfiledCodeHeapSize                  = 122909338                              {pd product} {ergonomic}
    uintx ProfiledCodeHeapSize                     = 122909338                              {pd product} {ergonomic}
    uintx ReservedCodeCacheSize                    = 251658240                              {pd product} {ergonomic}
     bool SegmentedCodeCache                       = true                                      {product} {ergonomic}
   size_t SoftMaxHeapSize                          = 2147483648                             {manageable} {ergonomic}
     bool UseCompressedClassPointers               = true                           {product lp64_product} {ergonomic}
     bool UseCompressedOops                        = true                           {product lp64_product} {ergonomic}
     bool UseG1GC                                  = true                                      {product} {ergonomic}
     bool UseNUMA                                  = false                                     {product} {ergonomic}
     bool UseNUMAInterleaving                      = false                                     {product} {ergonomic}

Logging:
Log output configuration:
 #0: stdout all=warning uptime,level,tags
 #1: stderr all=off uptime,level,tags

Environment Variables:
JAVA_HOME=/Library/Java/JavaVirtualMachines/jdk-17.0.1.jdk/Contents/Home
PATH=/usr/bin:/bin:/usr/sbin:/sbin
SHELL=/bin/zsh
LC_CTYPE=UTF-8

Signal Handlers:
   SIGSEGV: _ZL13crash_handleriP9__siginfoPv in libjvm.dylib, mask=11100110000111110111111111111111, flags=SA_RESTART|SA_SIGINFO
    SIGBUS: _ZL13crash_handleriP9__siginfoPv in libjvm.dylib, mask=11100110000111110111111111111111, flags=SA_RESTART|SA_SIGINFO
    SIGFPE: _ZL13crash_handleriP9__siginfoPv in libjvm.dylib, mask=11100110000111110111111111111111, flags=SA_RESTART|SA_SIGINFO
   SIGPIPE: _ZL17javaSignalHandleriP9__siginfoPv in libjvm.dylib, mask=11100110000111110111111111111111, flags=SA_RESTART|SA_SIGINFO
   SIGXFSZ: _ZL17javaSignalHandleriP9__siginfoPv in libjvm.dylib, mask=11100110000111110111111111111111, flags=SA_RESTART|SA_SIGINFO
    SIGILL: _ZL13crash_handleriP9__siginfoPv in libjvm.dylib, mask=11100110000111110111111111111111, flags=SA_RESTART|SA_SIGINFO
   SIGUSR2: _ZL10SR_handleriP9__siginfoP17__darwin_ucontext in libjvm.dylib, mask=00100000000000000000000000000000, flags=SA_RESTART|SA_SIGINFO
    SIGHUP: _ZL11UserHandleriPvS_ in libjvm.dylib, mask=11100110000111110111111111111111, flags=SA_RESTART|SA_SIGINFO
    SIGINT: SIG_IGN, mask=11111111011111110111111111111111, flags=none
   SIGTERM: _ZL11UserHandleriPvS_ in libjvm.dylib, mask=11100110000111110111111111111111, flags=SA_RESTART|SA_SIGINFO
   SIGQUIT: _ZL11UserHandleriPvS_ in libjvm.dylib, mask=11100110000111110111111111111111, flags=SA_RESTART|SA_SIGINFO
   SIGTRAP: _ZL13crash_handleriP9__siginfoPv in libjvm.dylib, mask=11100110000111110111111111111111, flags=SA_RESTART|SA_SIGINFO


---------------  S Y S T E M  ---------------

OS:
uname: Darwin 21.4.0 Darwin Kernel Version 21.4.0: Fri Mar 18 00:47:26 PDT 2022; root:xnu-8020.101.4~15/RELEASE_ARM64_T8101 arm64
OS uptime: 6 days 23:25 hours
rlimit (soft/hard): STACK 8176k/65520k , CORE 0k/infinity , NPROC 1333/2000 , NOFILE 10240/infinity , AS infinity/infinity , CPU infinity/infinity , DATA infinity/infinity , FSIZE infinity/infinity , MEMLOCK infinity/infinity , RSS infinity/infinity
load average: 1.31 1.45 1.32

CPU: total 8 (initial active 8) 0x61:0x0:0x1b588bb3:0, fp, simd, crc, lse

Memory: 16k page, physical 8388608k(90800k free), swap 1048576k(957696k free)

vm_info: Java HotSpot(TM) 64-Bit Server VM (17.0.1+12-LTS-39) for bsd-aarch64 JRE (17.0.1+12-LTS-39), built on Sep 27 2021 17:38:30 by "mach5one" with clang Apple LLVM 12.0.0 (clang-1200.0.32.29)

END.
