#
# A fatal error has been detected by the Java Runtime Environment:
#
#  SIGBUS (0xa) at pc=0x000000010c3954f0, pid=67808, tid=28679
#
# JRE version: Java(TM) SE Runtime Environment (17.0.1+12) (build 17.0.1+12-LTS-39)
# Java VM: Java HotSpot(TM) 64-Bit Server VM (17.0.1+12-LTS-39, mixed mode, sharing, tiered, compressed oops, compressed class ptrs, g1 gc, bsd-aarch64)
# Problematic frame:
# v  ~StubRoutines::SafeFetchN
#
# No core dump will be written. Core dumps have been disabled. To enable core dumping, try "ulimit -c unlimited" before starting Java again
#
# If you would like to submit a bug report, please visit:
#   https://bugreport.java.com/bugreport/crash.jsp
# The crash happened outside the Java Virtual Machine in native code.
# See problematic frame for where to report the bug.
#

---------------  S U M M A R Y ------------

Command Line: --module-path=/Users/tommipoiko/Programming/School/COMP3/Round12/calc/target/classes:/Users/tommipoiko/.m2/repository/org/openjfx/javafx-base/17.0.1/javafx-base-17.0.1-mac-aarch64.jar:/Users/tommipoiko/.m2/repository/org/openjfx/javafx-controls/17.0.1/javafx-controls-17.0.1-mac-aarch64.jar:/Users/tommipoiko/.m2/repository/org/openjfx/javafx-graphics/17.0.1/javafx-graphics-17.0.1-mac-aarch64.jar --add-modules=fi.tuni.prog3.calc -Djdk.module.main=fi.tuni.prog3.calc fi.tuni.prog3.calc/fi.tuni.prog3.calc.Calculator

Host: "MacBookPro17,1" arm64 1 MHz, 8 cores, 8G, Darwin 21.4.0, macOS 12.3.1 (21E258)
Time: Fri Apr  8 21:33:27 2022 EEST elapsed time: 3.700386 seconds (0d 0h 0m 3s)

---------------  T H R E A D  ---------------

Current thread (0x000000014f1e1800):  JavaThread "InvokeLaterDispatcher" daemon [_thread_in_native, id=28679, stack(0x000000016fc20000,0x000000016fe23000)]

Stack: [0x000000016fc20000,0x000000016fe23000],  sp=0x000000016fe227d0,  free space=2057k
Native frames: (J=compiled Java code, j=interpreted, Vv=VM code, C=native code)
v  ~StubRoutines::SafeFetchN
V  [libjvm.dylib+0x79e208]  OopStorage::release(oopDesc* const*)+0x20
V  [libjvm.dylib+0x4b8f30]  jni_DeleteGlobalRef+0xc4
C  [libglass.dylib+0xab08]  -[GlassRunnable dealloc]+0x34
C  [Foundation+0x85618]  -[_NSThreadPerformInfo dealloc]+0x30
C  [Foundation+0x5198c]  -[NSObject(NSThreadPerformAdditions) performSelectorOnMainThread:withObject:waitUntilDone:]+0x88
C  0xb446000113ef9d4c
J 1873 c1 com.sun.glass.ui.mac.MacApplication.submitForLaterInvocation(Ljava/lang/Runnable;)V javafx.graphics (6 bytes) @ 0x000000010cc93758 [0x000000010cc936c0+0x0000000000000098]
C  0x000000078681fff8

Java frames: (J=compiled Java code, j=interpreted, Vv=VM code)
J 1880  com.sun.glass.ui.mac.MacApplication._submitForLaterInvocation(Ljava/lang/Runnable;)V javafx.graphics (0 bytes) @ 0x0000000113ef9d4c [0x0000000113ef9cc0+0x000000000000008c]
J 1873 c1 com.sun.glass.ui.mac.MacApplication.submitForLaterInvocation(Ljava/lang/Runnable;)V javafx.graphics (6 bytes) @ 0x000000010cc93758 [0x000000010cc936c0+0x0000000000000098]
j  com.sun.glass.ui.InvokeLaterDispatcher.run()V+82 javafx.graphics
v  ~StubRoutines::call_stub

siginfo: si_signo: 10 (SIGBUS), si_code: 1 (BUS_ADRALN), si_addr: 0x000000010c3954f0

Register to memory mapping:

 x0=0x000000014f80b648 points into unknown readable memory: 0x0000000000000000 | 00 00 00 00 00 00 00 00
 x1=0x0 is NULL
 x2=0x0000000787e88f68 is an oop: com.sun.glass.ui.InvokeLaterDispatcher$Future 
{0x0000000787e88f68} - klass: 'com/sun/glass/ui/InvokeLaterDispatcher$Future'
 - ---- fields (total size 3 words):
 - private 'done' 'Z' @12  true
 - private final 'runnable' 'Ljava/lang/Runnable;' @16  a 'com/sun/javafx/tk/quantum/QuantumToolkit$$Lambda$83+0x0000000800c38ec0'{0x0000000786817540} (f0d02ea8)
 - final synthetic 'this$0' 'Lcom/sun/glass/ui/InvokeLaterDispatcher;' @20  a 'com/sun/glass/ui/InvokeLaterDispatcher'{0x000000078681fff8} (f0d03fff)
 x3=0x0 is NULL
 x4=0x00000000000130a8 is an unknown value
 x5=0x0 is NULL
 x6=0x0 is NULL
 x7=0x0 is NULL
 x8=0x000000010c3954ec is at begin+0 in a stub
StubRoutines::SafeFetchN [0x000000010c3954ec, 0x000000010c3954f8] (12 bytes)
 x9=0x0 is NULL
x10=0x2010000030300000 is an unknown value
x11=0x0000000000000007 is an unknown value
x12=0x0000000000000004 is an unknown value
x13=0x0000600003660bb0 points into unknown readable memory: 0xe37e8001241a69e8 | e8 69 1a 24 01 80 7e e3
x14=0x00002b0000000000 is an unknown value
x15=0x00000001241e1f98: OBJC_CLASS_$_GlassRunnable+0 in /Users/tommipoiko/.openjfx/cache/17.0.1/libglass.dylib at 0x000000012419c000
x16=0x00000001915dd0fc: pthread_getspecific+0 in /usr/lib/system/libsystem_pthread.dylib at 0x00000001915db000
x17=0x0000600003c57420 points into unknown readable memory: 0xfffffffffffffffe | fe ff ff ff ff ff ff ff
x18=0x0 is NULL
x19=0x00006000033583f0 points into unknown readable memory: 0x0000600001a50500 | 00 05 a5 01 00 60 00 00
x20=0x000000014f80b440 points into unknown readable memory: 0x8e12b2b3e3190cc1 | c1 0c 19 e3 b3 b2 12 8e
x21=0x000000014f80b648 points into unknown readable memory: 0x0000000000000000 | 00 00 00 00 00 00 00 00
x22=0x000000014f1e1800 is a thread
x23=0x0000000000000001 is an unknown value
x24=0x000000014f80b600 is a global jni handle
x25=0x00000001048c15d8: _ZN12StubRoutines17_safefetchN_entryE+0 in /Library/Java/JavaVirtualMachines/jdk-17.0.1.jdk/Contents/Home/lib/server/libjvm.dylib at 0x0000000103d30000
x26=0x0000000121918f08 is pointing into metadata
x27=0x0 is NULL
x28=0x000000014f1e1800 is a thread


Registers:
 x0=0x000000014f80b648  x1=0x0000000000000000  x2=0x0000000787e88f68  x3=0x0000000000000000
 x4=0x00000000000130a8  x5=0x0000000000000000  x6=0x0000000000000000  x7=0x0000000000000000
 x8=0x000000010c3954ec  x9=0x0000000000000000 x10=0x2010000030300000 x11=0x0000000000000007
x12=0x0000000000000004 x13=0x0000600003660bb0 x14=0x00002b0000000000 x15=0x00000001241e1f98
x16=0x00000001915dd0fc x17=0x0000600003c57420 x18=0x0000000000000000 x19=0x00006000033583f0
x20=0x000000014f80b440 x21=0x000000014f80b648 x22=0x000000014f1e1800 x23=0x0000000000000001
x24=0x000000014f80b600 x25=0x00000001048c15d8 x26=0x0000000121918f08 x27=0x0000000000000000
x28=0x000000014f1e1800  fp=0x000000016fe22810  lr=0x00000001044ccfd8  sp=0x000000016fe227d0
pc=0x000000010c3954f0 cpsr=0x0000000060001000
Top of Stack: (sp=0x000000016fe227d0)
0x000000016fe227d0:   0000000121918f08 0000000000000001
0x000000016fe227e0:   0000000800c2aa08 0000600001a10010
0x000000016fe227f0:   0000000000000000 000000014f80b600
0x000000016fe22800:   000000014f80b600 00006000033583f0
0x000000016fe22810:   000000016fe22850 00000001044ce208
0x000000016fe22820:   0000000000000001 000000014f80b600
0x000000016fe22830:   0000000000000000 000000014f80b600
0x000000016fe22840:   0000000000000001 000000014f1e1e00
0x000000016fe22850:   000000016fe22880 00000001041e8f30
0x000000016fe22860:   0000600001a10040 00000001db6a2be0
0x000000016fe22870:   0000000000000000 0000600001a10040
0x000000016fe22880:   000000016fe228b0 00000001241a6b08
0x000000016fe22890:   0601ad6afae000ba 0000000000000000
0x000000016fe228a0:   0000000000000000 0000600000d5fac0
0x000000016fe228b0:   000000016fe228f0 00000001925aa618
0x000000016fe228c0:   0000000800c2aa08 0000600001a10010
0x000000016fe228d0:   0000600001a10040 0601ad6afae000ba
0x000000016fe228e0:   0000000000000000 0000000000000000
0x000000016fe228f0:   000000016fe22930 154b80019257698c
0x000000016fe22900:   0000000800c2aa08 000000010c39c7c0
0x000000016fe22910:   0000000121918952 00000001048c8f90
0x000000016fe22920:   000000016fe22a10 00000000000000b9
0x000000016fe22930:   000000016fe22990 b446000113ef9d4c
0x000000016fe22940:   0000000786816da8 0000000787e88f68
0x000000016fe22950:   000000016fe22ab8 00000001915e9630
0x000000016fe22960:   000000014f1e1800 00000001048a5db0
0x000000016fe22970:   000000016fe22a20 0000000000000001
0x000000016fe22980:   000000016fe229c0 00000007867e1480
0x000000016fe22990:   000000016fe22a80 000000010cc93758
0x000000016fe229a0:   0000000787e88f68 0000000786817540
0x000000016fe229b0:   000000016fe22a18 00000000000000b6
0x000000016fe229c0:   000000016fe22a80 9c5c00010c3ab2a0 

Instructions: (pc=0x000000010c3954f0)
0x000000010c3953f0:   f2a09109 f2c00029 6d425935 1e640886
0x000000010c395400:   0c402d31 1e6408c7 1f5654d0 1e6c1017
0x000000010c395410:   1f5050d0 1f504cd0 1f5048d0 1e650af6
0x000000010c395420:   1f50d8f6 1f5694d6 1f5158f6 1e762880
0x000000010c395430:   36000501 1e614000 14000026 2e251ca5
0x000000010c395440:   d29c3009 f2a09109 f2c00029 6d425d36
0x000000010c395450:   1e600806 0c402d32 1f5758c7 1e6c101a
0x000000010c395460:   1f4754c7 1e650805 1f4750c7 d2866668
0x000000010c395470:   f2a7fa68 1f474cc7 1e6608c0 1f4748c7
0x000000010c395480:   1e6e1019 eb08007f 540000ac 1f479400
0x000000010c395490:   1f460340 1e603b20 1400000e d2a7fd29
0x000000010c3954a0:   eb09007f 540000ac 51480069 d3607d29
0x000000010c3954b0:   9e670121 14000002 1e6a5001 1f679417
0x000000010c3954c0:   1f668742 1e613b23 1e773857 1e773860
0x000000010c3954d0:   a8c17ff3 910003bf a8c17bfd d65f03c0
0x000000010c3954e0:   b9400001 aa0103e0 d65f03c0 f9400001
0x000000010c3954f0:   aa0103e0 d65f03c0 00000000 00000000
0x000000010c395500:   00000000 00000000 00000000 00000000
0x000000010c395510:   00000000 00000000 00000000 00000000
0x000000010c395520:   00000000 00000000 00000000 00000000
0x000000010c395530:   00000000 00000000 00000000 00000000
0x000000010c395540:   00000000 00000000 00000000 00000000
0x000000010c395550:   00000000 00000000 00000000 00000000
0x000000010c395560:   00000000 00000000 00000000 00000000
0x000000010c395570:   00000000 00000000 00000000 00000000
0x000000010c395580:   00000000 00000000 00000000 00000000
0x000000010c395590:   00000000 00000000 00000000 00000000
0x000000010c3955a0:   00000000 00000000 00000000 00000000
0x000000010c3955b0:   00000000 00000000 00000000 00000000
0x000000010c3955c0:   00000000 00000000 00000000 00000000
0x000000010c3955d0:   00000000 00000000 00000000 00000000
0x000000010c3955e0:   00000000 00000000 00000000 00000000 


Stack slot to memory mapping:
stack at sp + 0 slots: 0x0000000121918f08 is pointing into metadata
stack at sp + 1 slots: 0x0000000000000001 is an unknown value
stack at sp + 2 slots: 0x0000000800c2aa08 is a pointer to class: 
com.sun.glass.ui.mac.MacApplication {0x0000000800c2aa08}
 - instance size:     5
 - klass size:        136
 - access:            final synchronized 
 - state:             fully_initialized
 - name:              'com/sun/glass/ui/mac/MacApplication'
 - super:             'com/sun/glass/ui/Application'
 - sub:               
 - arrays:            NULL
 - methods:           Array<T>(0x00000001218efa30)
 - method ordering:   Array<T>(0x0000000800918908)
 - default_methods:   Array<T>(0x0000000000000000)
 - local interfaces:  Array<T>(0x00000001218f1168)
 - trans. interfaces: Array<T>(0x00000001218f1168)
 - constants:         constant pool [548]/operands[69] {0x00000001218f0000} for 'com/sun/glass/ui/mac/MacApplication' cache=0x0000000121916898
 - class loader data:  loader data: 0x00006000029581e0 for instance a 'jdk/internal/loader/ClassLoaders$AppClassLoader'{0x000000078680ac70}
 - source file:       'MacApplication.java'
 - class annotations:       Array<T>(0x0000000000000000)
 - class type annotations:  Array<T>(0x0000000000000000)
 - field annotations:       Array<T>(0x0000000000000000)
 - field type annotations:  Array<T>(0x0000000000000000)
 - inner classes:     Array<T>(0x00000001218f4030)
 - nest members:     Array<T>(0x00000001218f4088)
 - permitted subclasses:     Array<T>(0x00000008005c37e0)
 - java mirror:       a 'java/lang/Class'{0x0000000786816d30} = 'com/sun/glass/ui/mac/MacApplication'
 - vtable length      72  (start addr: 0x0000000800c2abd8)
 - itable length      5 (start addr: 0x0000000800c2ae18)
 - ---- static fields (1 words):
 - static final 'BROWSER_PARENT_ID' 'J' @112 
 - ---- non-static fields (7 words):
 - private 'initialActiveEventReceived' 'Z' @12 
 - private 'terminateWhenLastWindowClosed' 'Z' @13 
 - protected 'name' 'Ljava/lang/String;' @16 
 - private 'eventHandler' 'Lcom/sun/glass/ui/Application$EventHandler;' @20 
 - private 'initialOpenedFiles' '[Ljava/lang/String;' @24 
 - private 'isTaskbarApplication' 'Z' @14 
 - private 'firstDidResignActive' 'Z' @15 
 - private final 'invokeLaterDispatcher' 'Lcom/sun/glass/ui/InvokeLaterDispatcher;' @28 
 - private 'appleMenu' 'Lcom/sun/glass/ui/Menu;' @32 
 - private final 'reactivationLatch' 'Ljava/util/concurrent/CountDownLatch;' @36 
 - non-static oop maps: 16-36 
stack at sp + 3 slots: 0x0000600001a10010 points into unknown readable memory: 0x01000001e9d8e011 | 11 e0 d8 e9 01 00 00 01
stack at sp + 4 slots: 0x0 is NULL
stack at sp + 5 slots: 0x000000014f80b600 is a global jni handle
stack at sp + 6 slots: 0x000000014f80b600 is a global jni handle
stack at sp + 7 slots: 0x00006000033583f0 points into unknown readable memory: 0x0000600001a50500 | 00 05 a5 01 00 60 00 00

StubRoutines::SafeFetchN [0x000000010c3954ec, 0x000000010c3954f8] (12 bytes)
[MachCode]
  0x000000010c3954ec: 0100 40f9 | e003 01aa | c003 5fd6 
[/MachCode]

---------------  P R O C E S S  ---------------

Threads class SMR info:
_java_thread_list=0x0000600001899dc0, length=18, elements={
0x000000014f008800, 0x000000012e808200, 0x0000000158089600, 0x000000015808ba00,
0x0000000158088000, 0x0000000158088600, 0x000000015808e200, 0x000000015808e800,
0x0000000158096e00, 0x0000000158097e00, 0x000000012e808c00, 0x000000014e813a00,
0x000000014f1e1800, 0x000000014f1e1e00, 0x000000012e8bf600, 0x000000015829e800,
0x00000001582a4000, 0x000000012ec60a00
}

Java Threads: ( => current thread )
  0x000000014f008800 JavaThread "main" [_thread_blocked, id=10243, stack(0x000000016d424000,0x000000016d627000)]
  0x000000012e808200 JavaThread "Reference Handler" daemon [_thread_blocked, id=15363, stack(0x000000016e278000,0x000000016e47b000)]
  0x0000000158089600 JavaThread "Finalizer" daemon [_thread_blocked, id=16387, stack(0x000000016e484000,0x000000016e687000)]
  0x000000015808ba00 JavaThread "Signal Dispatcher" daemon [_thread_blocked, id=41987, stack(0x000000016e7a8000,0x000000016e9ab000)]
  0x0000000158088000 JavaThread "Service Thread" daemon [_thread_blocked, id=22531, stack(0x000000016e9b4000,0x000000016ebb7000)]
  0x0000000158088600 JavaThread "Monitor Deflation Thread" daemon [_thread_blocked, id=23043, stack(0x000000016ebc0000,0x000000016edc3000)]
  0x000000015808e200 JavaThread "C2 CompilerThread0" daemon [_thread_blocked, id=41219, stack(0x000000016edcc000,0x000000016efcf000)]
  0x000000015808e800 JavaThread "C1 CompilerThread0" daemon [_thread_blocked, id=40963, stack(0x000000016efd8000,0x000000016f1db000)]
  0x0000000158096e00 JavaThread "Sweeper thread" daemon [_thread_blocked, id=40707, stack(0x000000016f1e4000,0x000000016f3e7000)]
  0x0000000158097e00 JavaThread "Common-Cleaner" daemon [_thread_blocked, id=40451, stack(0x000000016f3f0000,0x000000016f5f3000)]
  0x000000012e808c00 JavaThread "Notification Thread" daemon [_thread_blocked, id=40195, stack(0x000000016f5fc000,0x000000016f7ff000)]
  0x000000014e813a00 JavaThread "QuantumRenderer-0" daemon [_thread_blocked, id=39427, stack(0x000000016fa14000,0x000000016fc17000)]
=>0x000000014f1e1800 JavaThread "InvokeLaterDispatcher" daemon [_thread_in_native, id=28679, stack(0x000000016fc20000,0x000000016fe23000)]
  0x000000014f1e1e00 JavaThread "JavaFX Application Thread" [_thread_in_vm, id=259, stack(0x000000016cb9c000,0x000000016d398000)]
  0x000000012e8bf600 JavaThread "PulseTimer-CVDisplayLink thread" daemon [_thread_in_native, id=79363, stack(0x000000016feb8000,0x000000016ff3b000)]
  0x000000015829e800 JavaThread "JavaFX-Launcher" [_thread_blocked, id=72203, stack(0x00000001700c4000,0x00000001702c7000)]
  0x00000001582a4000 JavaThread "Prism Font Disposer" daemon [_thread_blocked, id=58379, stack(0x0000000170d98000,0x0000000170f9b000)]
  0x000000012ec60a00 JavaThread "Cleaner-0" daemon [_thread_blocked, id=62475, stack(0x0000000170fa4000,0x00000001711a7000)]

Other Threads:
  0x000000014f809910 VMThread "VM Thread" [stack: 0x000000016e06c000,0x000000016e26f000] [id=17155]
  0x000000014f825870 WatcherThread [stack: 0x000000016f808000,0x000000016fa0b000] [id=39683]
  0x000000014e706800 GCTaskThread "GC Thread#0" [stack: 0x000000016d630000,0x000000016d833000] [id=12035]
  0x000000014e7548d0 GCTaskThread "GC Thread#1" [stack: 0x00000001702d0000,0x00000001704d3000] [id=71683]
  0x000000014e754d50 GCTaskThread "GC Thread#2" [stack: 0x00000001704dc000,0x00000001706df000] [id=56579]
  0x000000014e7551d0 GCTaskThread "GC Thread#3" [stack: 0x00000001706e8000,0x00000001708eb000] [id=56835]
  0x000000014e755a40 GCTaskThread "GC Thread#4" [stack: 0x00000001708f4000,0x0000000170af7000] [id=71171]
  0x000000014e7562b0 GCTaskThread "GC Thread#5" [stack: 0x0000000170b00000,0x0000000170d03000] [id=57603]
  0x000000014e706eb0 ConcurrentGCThread "G1 Main Marker" [stack: 0x000000016d83c000,0x000000016da3f000] [id=19459]
  0x000000014e707730 ConcurrentGCThread "G1 Conc#0" [stack: 0x000000016da48000,0x000000016dc4b000] [id=13059]
  0x000000014f805e80 ConcurrentGCThread "G1 Refine#0" [stack: 0x000000016dc54000,0x000000016de57000] [id=13315]
  0x000000014f806720 ConcurrentGCThread "G1 Service" [stack: 0x000000016de60000,0x000000016e063000] [id=18435]

Threads with active compile tasks:

VM state: not at safepoint (normal execution)

VM Mutex/Monitor currently owned by a thread: None

Heap address: 0x0000000780000000, size: 2048 MB, Compressed Oops mode: Zero based, Oop shift amount: 3

CDS archive(s) mapped at: [0x0000000800000000-0x0000000800bd4000-0x0000000800bd4000), size 12402688, SharedBaseAddress: 0x0000000800000000, ArchiveRelocationMode: 0.
Compressed class space mapped at: 0x0000000800c00000-0x0000000840c00000, reserved size: 1073741824
Narrow klass base: 0x0000000800000000, Narrow klass shift: 0, Narrow klass range: 0x100000000

GC Precious Log:
 CPUs: 8 total, 8 available
 Memory: 8192M
 Large Page Support: Disabled
 NUMA Support: Disabled
 Compressed Oops: Enabled (Zero based)
 Heap Region Size: 1M
 Heap Min Capacity: 8M
 Heap Initial Capacity: 128M
 Heap Max Capacity: 2G
 Pre-touch: Disabled
 Parallel Workers: 8
 Concurrent Workers: 2
 Concurrent Refinement Workers: 8
 Periodic GC: Disabled

Heap:
 garbage-first heap   total 133120K, used 33389K [0x0000000780000000, 0x0000000800000000)
  region size 1024K, 30 young (30720K), 3 survivors (3072K)
 Metaspace       used 13440K, committed 13760K, reserved 1064960K
  class space    used 2019K, committed 2176K, reserved 1048576K

Heap Regions: E=young(eden), S=young(survivor), O=old, HS=humongous(starts), HC=humongous(continues), CS=collection set, F=free, OA=open archive, CA=closed archive, TAMS=top-at-mark-start (previous, next)
|   0|0x0000000780000000, 0x00000007800a3400, 0x0000000780100000| 63%| O|  |TAMS 0x0000000780000000, 0x0000000780000000| Untracked 
|   1|0x0000000780100000, 0x0000000780200000, 0x0000000780200000|100%|HS|  |TAMS 0x0000000780100000, 0x0000000780100000| Complete 
|   2|0x0000000780200000, 0x0000000780300000, 0x0000000780300000|100%|HC|  |TAMS 0x0000000780200000, 0x0000000780200000| Complete 
|   3|0x0000000780300000, 0x0000000780300000, 0x0000000780400000|  0%| F|  |TAMS 0x0000000780300000, 0x0000000780300000| Untracked 
|   4|0x0000000780400000, 0x0000000780400000, 0x0000000780500000|  0%| F|  |TAMS 0x0000000780400000, 0x0000000780400000| Untracked 
|   5|0x0000000780500000, 0x0000000780500000, 0x0000000780600000|  0%| F|  |TAMS 0x0000000780500000, 0x0000000780500000| Untracked 
|   6|0x0000000780600000, 0x0000000780600000, 0x0000000780700000|  0%| F|  |TAMS 0x0000000780600000, 0x0000000780600000| Untracked 
|   7|0x0000000780700000, 0x0000000780700000, 0x0000000780800000|  0%| F|  |TAMS 0x0000000780700000, 0x0000000780700000| Untracked 
|   8|0x0000000780800000, 0x0000000780800000, 0x0000000780900000|  0%| F|  |TAMS 0x0000000780800000, 0x0000000780800000| Untracked 
|   9|0x0000000780900000, 0x0000000780900000, 0x0000000780a00000|  0%| F|  |TAMS 0x0000000780900000, 0x0000000780900000| Untracked 
|  10|0x0000000780a00000, 0x0000000780a00000, 0x0000000780b00000|  0%| F|  |TAMS 0x0000000780a00000, 0x0000000780a00000| Untracked 
|  11|0x0000000780b00000, 0x0000000780b00000, 0x0000000780c00000|  0%| F|  |TAMS 0x0000000780b00000, 0x0000000780b00000| Untracked 
|  12|0x0000000780c00000, 0x0000000780c00000, 0x0000000780d00000|  0%| F|  |TAMS 0x0000000780c00000, 0x0000000780c00000| Untracked 
|  13|0x0000000780d00000, 0x0000000780d00000, 0x0000000780e00000|  0%| F|  |TAMS 0x0000000780d00000, 0x0000000780d00000| Untracked 
|  14|0x0000000780e00000, 0x0000000780e00000, 0x0000000780f00000|  0%| F|  |TAMS 0x0000000780e00000, 0x0000000780e00000| Untracked 
|  15|0x0000000780f00000, 0x0000000780f00000, 0x0000000781000000|  0%| F|  |TAMS 0x0000000780f00000, 0x0000000780f00000| Untracked 
|  16|0x0000000781000000, 0x0000000781000000, 0x0000000781100000|  0%| F|  |TAMS 0x0000000781000000, 0x0000000781000000| Untracked 
|  17|0x0000000781100000, 0x0000000781100000, 0x0000000781200000|  0%| F|  |TAMS 0x0000000781100000, 0x0000000781100000| Untracked 
|  18|0x0000000781200000, 0x0000000781200000, 0x0000000781300000|  0%| F|  |TAMS 0x0000000781200000, 0x0000000781200000| Untracked 
|  19|0x0000000781300000, 0x0000000781300000, 0x0000000781400000|  0%| F|  |TAMS 0x0000000781300000, 0x0000000781300000| Untracked 
|  20|0x0000000781400000, 0x0000000781400000, 0x0000000781500000|  0%| F|  |TAMS 0x0000000781400000, 0x0000000781400000| Untracked 
|  21|0x0000000781500000, 0x0000000781500000, 0x0000000781600000|  0%| F|  |TAMS 0x0000000781500000, 0x0000000781500000| Untracked 
|  22|0x0000000781600000, 0x0000000781600000, 0x0000000781700000|  0%| F|  |TAMS 0x0000000781600000, 0x0000000781600000| Untracked 
|  23|0x0000000781700000, 0x0000000781700000, 0x0000000781800000|  0%| F|  |TAMS 0x0000000781700000, 0x0000000781700000| Untracked 
|  24|0x0000000781800000, 0x0000000781800000, 0x0000000781900000|  0%| F|  |TAMS 0x0000000781800000, 0x0000000781800000| Untracked 
|  25|0x0000000781900000, 0x0000000781900000, 0x0000000781a00000|  0%| F|  |TAMS 0x0000000781900000, 0x0000000781900000| Untracked 
|  26|0x0000000781a00000, 0x0000000781a00000, 0x0000000781b00000|  0%| F|  |TAMS 0x0000000781a00000, 0x0000000781a00000| Untracked 
|  27|0x0000000781b00000, 0x0000000781b00000, 0x0000000781c00000|  0%| F|  |TAMS 0x0000000781b00000, 0x0000000781b00000| Untracked 
|  28|0x0000000781c00000, 0x0000000781c00000, 0x0000000781d00000|  0%| F|  |TAMS 0x0000000781c00000, 0x0000000781c00000| Untracked 
|  29|0x0000000781d00000, 0x0000000781d00000, 0x0000000781e00000|  0%| F|  |TAMS 0x0000000781d00000, 0x0000000781d00000| Untracked 
|  30|0x0000000781e00000, 0x0000000781e00000, 0x0000000781f00000|  0%| F|  |TAMS 0x0000000781e00000, 0x0000000781e00000| Untracked 
|  31|0x0000000781f00000, 0x0000000781f00000, 0x0000000782000000|  0%| F|  |TAMS 0x0000000781f00000, 0x0000000781f00000| Untracked 
|  32|0x0000000782000000, 0x0000000782000000, 0x0000000782100000|  0%| F|  |TAMS 0x0000000782000000, 0x0000000782000000| Untracked 
|  33|0x0000000782100000, 0x0000000782100000, 0x0000000782200000|  0%| F|  |TAMS 0x0000000782100000, 0x0000000782100000| Untracked 
|  34|0x0000000782200000, 0x0000000782200000, 0x0000000782300000|  0%| F|  |TAMS 0x0000000782200000, 0x0000000782200000| Untracked 
|  35|0x0000000782300000, 0x0000000782300000, 0x0000000782400000|  0%| F|  |TAMS 0x0000000782300000, 0x0000000782300000| Untracked 
|  36|0x0000000782400000, 0x0000000782400000, 0x0000000782500000|  0%| F|  |TAMS 0x0000000782400000, 0x0000000782400000| Untracked 
|  37|0x0000000782500000, 0x0000000782500000, 0x0000000782600000|  0%| F|  |TAMS 0x0000000782500000, 0x0000000782500000| Untracked 
|  38|0x0000000782600000, 0x0000000782600000, 0x0000000782700000|  0%| F|  |TAMS 0x0000000782600000, 0x0000000782600000| Untracked 
|  39|0x0000000782700000, 0x0000000782700000, 0x0000000782800000|  0%| F|  |TAMS 0x0000000782700000, 0x0000000782700000| Untracked 
|  40|0x0000000782800000, 0x0000000782800000, 0x0000000782900000|  0%| F|  |TAMS 0x0000000782800000, 0x0000000782800000| Untracked 
|  41|0x0000000782900000, 0x0000000782900000, 0x0000000782a00000|  0%| F|  |TAMS 0x0000000782900000, 0x0000000782900000| Untracked 
|  42|0x0000000782a00000, 0x0000000782a00000, 0x0000000782b00000|  0%| F|  |TAMS 0x0000000782a00000, 0x0000000782a00000| Untracked 
|  43|0x0000000782b00000, 0x0000000782b00000, 0x0000000782c00000|  0%| F|  |TAMS 0x0000000782b00000, 0x0000000782b00000| Untracked 
|  44|0x0000000782c00000, 0x0000000782c00000, 0x0000000782d00000|  0%| F|  |TAMS 0x0000000782c00000, 0x0000000782c00000| Untracked 
|  45|0x0000000782d00000, 0x0000000782d00000, 0x0000000782e00000|  0%| F|  |TAMS 0x0000000782d00000, 0x0000000782d00000| Untracked 
|  46|0x0000000782e00000, 0x0000000782e00000, 0x0000000782f00000|  0%| F|  |TAMS 0x0000000782e00000, 0x0000000782e00000| Untracked 
|  47|0x0000000782f00000, 0x0000000782f00000, 0x0000000783000000|  0%| F|  |TAMS 0x0000000782f00000, 0x0000000782f00000| Untracked 
|  48|0x0000000783000000, 0x0000000783000000, 0x0000000783100000|  0%| F|  |TAMS 0x0000000783000000, 0x0000000783000000| Untracked 
|  49|0x0000000783100000, 0x0000000783100000, 0x0000000783200000|  0%| F|  |TAMS 0x0000000783100000, 0x0000000783100000| Untracked 
|  50|0x0000000783200000, 0x0000000783200000, 0x0000000783300000|  0%| F|  |TAMS 0x0000000783200000, 0x0000000783200000| Untracked 
|  51|0x0000000783300000, 0x0000000783300000, 0x0000000783400000|  0%| F|  |TAMS 0x0000000783300000, 0x0000000783300000| Untracked 
|  52|0x0000000783400000, 0x0000000783400000, 0x0000000783500000|  0%| F|  |TAMS 0x0000000783400000, 0x0000000783400000| Untracked 
|  53|0x0000000783500000, 0x0000000783500000, 0x0000000783600000|  0%| F|  |TAMS 0x0000000783500000, 0x0000000783500000| Untracked 
|  54|0x0000000783600000, 0x0000000783600000, 0x0000000783700000|  0%| F|  |TAMS 0x0000000783600000, 0x0000000783600000| Untracked 
|  55|0x0000000783700000, 0x0000000783700000, 0x0000000783800000|  0%| F|  |TAMS 0x0000000783700000, 0x0000000783700000| Untracked 
|  56|0x0000000783800000, 0x0000000783800000, 0x0000000783900000|  0%| F|  |TAMS 0x0000000783800000, 0x0000000783800000| Untracked 
|  57|0x0000000783900000, 0x0000000783900000, 0x0000000783a00000|  0%| F|  |TAMS 0x0000000783900000, 0x0000000783900000| Untracked 
|  58|0x0000000783a00000, 0x0000000783a00000, 0x0000000783b00000|  0%| F|  |TAMS 0x0000000783a00000, 0x0000000783a00000| Untracked 
|  59|0x0000000783b00000, 0x0000000783b00000, 0x0000000783c00000|  0%| F|  |TAMS 0x0000000783b00000, 0x0000000783b00000| Untracked 
|  60|0x0000000783c00000, 0x0000000783c00000, 0x0000000783d00000|  0%| F|  |TAMS 0x0000000783c00000, 0x0000000783c00000| Untracked 
|  61|0x0000000783d00000, 0x0000000783d00000, 0x0000000783e00000|  0%| F|  |TAMS 0x0000000783d00000, 0x0000000783d00000| Untracked 
|  62|0x0000000783e00000, 0x0000000783e00000, 0x0000000783f00000|  0%| F|  |TAMS 0x0000000783e00000, 0x0000000783e00000| Untracked 
|  63|0x0000000783f00000, 0x0000000783f00000, 0x0000000784000000|  0%| F|  |TAMS 0x0000000783f00000, 0x0000000783f00000| Untracked 
|  64|0x0000000784000000, 0x0000000784000000, 0x0000000784100000|  0%| F|  |TAMS 0x0000000784000000, 0x0000000784000000| Untracked 
|  65|0x0000000784100000, 0x0000000784100000, 0x0000000784200000|  0%| F|  |TAMS 0x0000000784100000, 0x0000000784100000| Untracked 
|  66|0x0000000784200000, 0x0000000784200000, 0x0000000784300000|  0%| F|  |TAMS 0x0000000784200000, 0x0000000784200000| Untracked 
|  67|0x0000000784300000, 0x0000000784300000, 0x0000000784400000|  0%| F|  |TAMS 0x0000000784300000, 0x0000000784300000| Untracked 
|  68|0x0000000784400000, 0x0000000784400000, 0x0000000784500000|  0%| F|  |TAMS 0x0000000784400000, 0x0000000784400000| Untracked 
|  69|0x0000000784500000, 0x0000000784500000, 0x0000000784600000|  0%| F|  |TAMS 0x0000000784500000, 0x0000000784500000| Untracked 
|  70|0x0000000784600000, 0x0000000784600000, 0x0000000784700000|  0%| F|  |TAMS 0x0000000784600000, 0x0000000784600000| Untracked 
|  71|0x0000000784700000, 0x0000000784700000, 0x0000000784800000|  0%| F|  |TAMS 0x0000000784700000, 0x0000000784700000| Untracked 
|  72|0x0000000784800000, 0x0000000784800000, 0x0000000784900000|  0%| F|  |TAMS 0x0000000784800000, 0x0000000784800000| Untracked 
|  73|0x0000000784900000, 0x0000000784900000, 0x0000000784a00000|  0%| F|  |TAMS 0x0000000784900000, 0x0000000784900000| Untracked 
|  74|0x0000000784a00000, 0x0000000784a00000, 0x0000000784b00000|  0%| F|  |TAMS 0x0000000784a00000, 0x0000000784a00000| Untracked 
|  75|0x0000000784b00000, 0x0000000784b00000, 0x0000000784c00000|  0%| F|  |TAMS 0x0000000784b00000, 0x0000000784b00000| Untracked 
|  76|0x0000000784c00000, 0x0000000784c00000, 0x0000000784d00000|  0%| F|  |TAMS 0x0000000784c00000, 0x0000000784c00000| Untracked 
|  77|0x0000000784d00000, 0x0000000784d00000, 0x0000000784e00000|  0%| F|  |TAMS 0x0000000784d00000, 0x0000000784d00000| Untracked 
|  78|0x0000000784e00000, 0x0000000784e00000, 0x0000000784f00000|  0%| F|  |TAMS 0x0000000784e00000, 0x0000000784e00000| Untracked 
|  79|0x0000000784f00000, 0x0000000784f00000, 0x0000000785000000|  0%| F|  |TAMS 0x0000000784f00000, 0x0000000784f00000| Untracked 
|  80|0x0000000785000000, 0x0000000785000000, 0x0000000785100000|  0%| F|  |TAMS 0x0000000785000000, 0x0000000785000000| Untracked 
|  81|0x0000000785100000, 0x0000000785100000, 0x0000000785200000|  0%| F|  |TAMS 0x0000000785100000, 0x0000000785100000| Untracked 
|  82|0x0000000785200000, 0x0000000785200000, 0x0000000785300000|  0%| F|  |TAMS 0x0000000785200000, 0x0000000785200000| Untracked 
|  83|0x0000000785300000, 0x0000000785300000, 0x0000000785400000|  0%| F|  |TAMS 0x0000000785300000, 0x0000000785300000| Untracked 
|  84|0x0000000785400000, 0x0000000785400000, 0x0000000785500000|  0%| F|  |TAMS 0x0000000785400000, 0x0000000785400000| Untracked 
|  85|0x0000000785500000, 0x0000000785500000, 0x0000000785600000|  0%| F|  |TAMS 0x0000000785500000, 0x0000000785500000| Untracked 
|  86|0x0000000785600000, 0x0000000785600000, 0x0000000785700000|  0%| F|  |TAMS 0x0000000785600000, 0x0000000785600000| Untracked 
|  87|0x0000000785700000, 0x0000000785700000, 0x0000000785800000|  0%| F|  |TAMS 0x0000000785700000, 0x0000000785700000| Untracked 
|  88|0x0000000785800000, 0x0000000785800000, 0x0000000785900000|  0%| F|  |TAMS 0x0000000785800000, 0x0000000785800000| Untracked 
|  89|0x0000000785900000, 0x0000000785900000, 0x0000000785a00000|  0%| F|  |TAMS 0x0000000785900000, 0x0000000785900000| Untracked 
|  90|0x0000000785a00000, 0x0000000785a00000, 0x0000000785b00000|  0%| F|  |TAMS 0x0000000785a00000, 0x0000000785a00000| Untracked 
|  91|0x0000000785b00000, 0x0000000785b00000, 0x0000000785c00000|  0%| F|  |TAMS 0x0000000785b00000, 0x0000000785b00000| Untracked 
|  92|0x0000000785c00000, 0x0000000785c00000, 0x0000000785d00000|  0%| F|  |TAMS 0x0000000785c00000, 0x0000000785c00000| Untracked 
|  93|0x0000000785d00000, 0x0000000785d00000, 0x0000000785e00000|  0%| F|  |TAMS 0x0000000785d00000, 0x0000000785d00000| Untracked 
|  94|0x0000000785e00000, 0x0000000785e00000, 0x0000000785f00000|  0%| F|  |TAMS 0x0000000785e00000, 0x0000000785e00000| Untracked 
|  95|0x0000000785f00000, 0x0000000785f00000, 0x0000000786000000|  0%| F|  |TAMS 0x0000000785f00000, 0x0000000785f00000| Untracked 
|  96|0x0000000786000000, 0x0000000786000000, 0x0000000786100000|  0%| F|  |TAMS 0x0000000786000000, 0x0000000786000000| Untracked 
|  97|0x0000000786100000, 0x0000000786100000, 0x0000000786200000|  0%| F|  |TAMS 0x0000000786100000, 0x0000000786100000| Untracked 
|  98|0x0000000786200000, 0x0000000786282010, 0x0000000786300000| 50%| E|  |TAMS 0x0000000786200000, 0x0000000786200000| Complete 
|  99|0x0000000786300000, 0x0000000786400000, 0x0000000786400000|100%| E|CS|TAMS 0x0000000786300000, 0x0000000786300000| Complete 
| 100|0x0000000786400000, 0x0000000786500000, 0x0000000786500000|100%| E|CS|TAMS 0x0000000786400000, 0x0000000786400000| Complete 
| 101|0x0000000786500000, 0x0000000786600000, 0x0000000786600000|100%| E|CS|TAMS 0x0000000786500000, 0x0000000786500000| Complete 
| 102|0x0000000786600000, 0x0000000786700000, 0x0000000786700000|100%| S|CS|TAMS 0x0000000786600000, 0x0000000786600000| Complete 
| 103|0x0000000786700000, 0x0000000786800000, 0x0000000786800000|100%| S|CS|TAMS 0x0000000786700000, 0x0000000786700000| Complete 
| 104|0x0000000786800000, 0x0000000786900000, 0x0000000786900000|100%| S|CS|TAMS 0x0000000786800000, 0x0000000786800000| Complete 
| 105|0x0000000786900000, 0x0000000786a00000, 0x0000000786a00000|100%| E|CS|TAMS 0x0000000786900000, 0x0000000786900000| Complete 
| 106|0x0000000786a00000, 0x0000000786b00000, 0x0000000786b00000|100%| E|CS|TAMS 0x0000000786a00000, 0x0000000786a00000| Complete 
| 107|0x0000000786b00000, 0x0000000786c00000, 0x0000000786c00000|100%| E|CS|TAMS 0x0000000786b00000, 0x0000000786b00000| Complete 
| 108|0x0000000786c00000, 0x0000000786d00000, 0x0000000786d00000|100%| E|CS|TAMS 0x0000000786c00000, 0x0000000786c00000| Complete 
| 109|0x0000000786d00000, 0x0000000786e00000, 0x0000000786e00000|100%| E|CS|TAMS 0x0000000786d00000, 0x0000000786d00000| Complete 
| 110|0x0000000786e00000, 0x0000000786f00000, 0x0000000786f00000|100%| E|CS|TAMS 0x0000000786e00000, 0x0000000786e00000| Complete 
| 111|0x0000000786f00000, 0x0000000787000000, 0x0000000787000000|100%| E|CS|TAMS 0x0000000786f00000, 0x0000000786f00000| Complete 
| 112|0x0000000787000000, 0x0000000787100000, 0x0000000787100000|100%| E|CS|TAMS 0x0000000787000000, 0x0000000787000000| Complete 
| 113|0x0000000787100000, 0x0000000787200000, 0x0000000787200000|100%| E|CS|TAMS 0x0000000787100000, 0x0000000787100000| Complete 
| 114|0x0000000787200000, 0x0000000787300000, 0x0000000787300000|100%| E|CS|TAMS 0x0000000787200000, 0x0000000787200000| Complete 
| 115|0x0000000787300000, 0x0000000787400000, 0x0000000787400000|100%| E|CS|TAMS 0x0000000787300000, 0x0000000787300000| Complete 
| 116|0x0000000787400000, 0x0000000787500000, 0x0000000787500000|100%| E|CS|TAMS 0x0000000787400000, 0x0000000787400000| Complete 
| 117|0x0000000787500000, 0x0000000787600000, 0x0000000787600000|100%| E|CS|TAMS 0x0000000787500000, 0x0000000787500000| Complete 
| 118|0x0000000787600000, 0x0000000787700000, 0x0000000787700000|100%| E|CS|TAMS 0x0000000787600000, 0x0000000787600000| Complete 
| 119|0x0000000787700000, 0x0000000787800000, 0x0000000787800000|100%| E|CS|TAMS 0x0000000787700000, 0x0000000787700000| Complete 
| 120|0x0000000787800000, 0x0000000787900000, 0x0000000787900000|100%| E|CS|TAMS 0x0000000787800000, 0x0000000787800000| Complete 
| 121|0x0000000787900000, 0x0000000787a00000, 0x0000000787a00000|100%| E|CS|TAMS 0x0000000787900000, 0x0000000787900000| Complete 
| 122|0x0000000787a00000, 0x0000000787b00000, 0x0000000787b00000|100%| E|CS|TAMS 0x0000000787a00000, 0x0000000787a00000| Complete 
| 123|0x0000000787b00000, 0x0000000787c00000, 0x0000000787c00000|100%| E|CS|TAMS 0x0000000787b00000, 0x0000000787b00000| Complete 
| 124|0x0000000787c00000, 0x0000000787d00000, 0x0000000787d00000|100%| E|CS|TAMS 0x0000000787c00000, 0x0000000787c00000| Complete 
| 125|0x0000000787d00000, 0x0000000787e00000, 0x0000000787e00000|100%| E|CS|TAMS 0x0000000787d00000, 0x0000000787d00000| Complete 
| 126|0x0000000787e00000, 0x0000000787f00000, 0x0000000787f00000|100%| E|CS|TAMS 0x0000000787e00000, 0x0000000787e00000| Complete 
| 127|0x0000000787f00000, 0x0000000788000000, 0x0000000788000000|100%| E|CS|TAMS 0x0000000787f00000, 0x0000000787f00000| Complete 
|2046|0x00000007ffe00000, 0x00000007ffe78000, 0x00000007fff00000| 46%|OA|  |TAMS 0x00000007ffe00000, 0x00000007ffe00000| Untracked 
|2047|0x00000007fff00000, 0x00000007fff80000, 0x0000000800000000| 50%|CA|  |TAMS 0x00000007fff00000, 0x00000007fff00000| Untracked 

Card table byte_map: [0x000000010341c000,0x000000010381c000] _byte_map_base: 0x00000000ff81c000

Marking Bits (Prev, Next): (CMBitMap*) 0x000000014f02ec10, (CMBitMap*) 0x000000014f02ec50
 Prev Bits: [0x000000011b394000, 0x000000011d394000)
 Next Bits: [0x000000011d394000, 0x000000011f394000)

Polling page: 0x0000000102bec000

Metaspace:

Usage:
  Non-class:     11.15 MB used.
      Class:      1.97 MB used.
       Both:     13.13 MB used.

Virtual space:
  Non-class space:       16.00 MB reserved,      11.31 MB ( 71%) committed,  2 nodes.
      Class space:        1.00 GB reserved,       2.12 MB ( <1%) committed,  1 nodes.
             Both:        1.02 GB reserved,      13.44 MB (  1%) committed. 

Chunk freelists:
   Non-Class:  3.86 MB
       Class:  1.79 MB
        Both:  5.65 MB

MaxMetaspaceSize: unlimited
CompressedClassSpaceSize: 1.00 GB
Initial GC threshold: 21.00 MB
Current GC threshold: 21.00 MB
CDS: on
MetaspaceReclaimPolicy: balanced
 - commit_granule_bytes: 65536.
 - commit_granule_words: 8192.
 - virtual_space_node_default_size: 1048576.
 - enlarge_chunks_in_place: 1.
 - new_chunks_are_fully_committed: 0.
 - uncommit_free_chunks: 1.
 - use_allocation_guard: 0.
 - handle_deallocations: 1.


Internal statistics:

num_allocs_failed_limit: 0.
num_arena_births: 148.
num_arena_deaths: 0.
num_vsnodes_births: 3.
num_vsnodes_deaths: 0.
num_space_committed: 215.
num_space_uncommitted: 0.
num_chunks_returned_to_freelist: 0.
num_chunks_taken_from_freelist: 576.
num_chunk_merges: 0.
num_chunk_splits: 413.
num_chunks_enlarged: 345.
num_purges: 0.
num_inconsistent_stats: 0.

CodeHeap 'non-profiled nmethods': size=120032Kb used=684Kb max_used=684Kb free=119347Kb
 bounds [0x0000000113e5c000, 0x00000001140cc000, 0x000000011b394000]
CodeHeap 'profiled nmethods': size=120016Kb used=4083Kb max_used=4083Kb free=115932Kb
 bounds [0x000000010c928000, 0x000000010cd28000, 0x0000000113e5c000]
CodeHeap 'non-nmethods': size=5712Kb used=1355Kb max_used=1468Kb free=4356Kb
 bounds [0x000000010c394000, 0x000000010c604000, 0x000000010c928000]
 total_blobs=2784 nmethods=2040 adapters=660
 compilation: enabled
              stopped_count=0, restarted_count=0
 full_count=0

Compilation events (20 events):
Event: 3.618 Thread 0x000000015808e800 2089       3       com.sun.marlin.IntArrayCache$Reference::putArray (55 bytes)
Event: 3.619 Thread 0x000000015808e800 nmethod 2089 0x000000010cd22190 code [0x000000010cd22400, 0x000000010cd22b38]
Event: 3.620 Thread 0x000000015808e800 2090       3       com.sun.marlin.Renderer::tosubpixy (10 bytes)
Event: 3.620 Thread 0x000000015808e800 nmethod 2090 0x000000010cd22e90 code [0x000000010cd23040, 0x000000010cd23168]
Event: 3.620 Thread 0x000000015808e800 2091       3       javafx.scene.layout.Region::snapSpace (14 bytes)
Event: 3.621 Thread 0x000000015808e800 nmethod 2091 0x000000010cd23210 code [0x000000010cd233c0, 0x000000010cd235d8]
Event: 3.621 Thread 0x000000015808e800 2092       1       javafx.geometry.Bounds::getWidth (5 bytes)
Event: 3.621 Thread 0x000000015808e800 nmethod 2092 0x0000000113f06610 code [0x0000000113f06780, 0x0000000113f06868]
Event: 3.621 Thread 0x000000015808e800 2093       1       javafx.geometry.Bounds::getHeight (5 bytes)
Event: 3.621 Thread 0x000000015808e800 nmethod 2093 0x0000000113f06910 code [0x0000000113f06a80, 0x0000000113f06b68]
Event: 3.621 Thread 0x000000015808e800 2094       1       javafx.scene.layout.CornerRadii::getTopLeftVerticalRadius (5 bytes)
Event: 3.621 Thread 0x000000015808e800 nmethod 2094 0x0000000113f06c10 code [0x0000000113f06d80, 0x0000000113f06e68]
Event: 3.622 Thread 0x000000015808e800 2095       3       com.sun.prism.impl.VertexBuffer::putColor (53 bytes)
Event: 3.622 Thread 0x000000015808e800 nmethod 2095 0x000000010cd23710 code [0x000000010cd238c0, 0x000000010cd23ae8]
Event: 3.622 Thread 0x000000015808e800 2096       3       com.sun.javafx.geom.transform.Affine3D::almostOne (22 bytes)
Event: 3.623 Thread 0x000000015808e800 nmethod 2096 0x000000010cd23c10 code [0x000000010cd23e00, 0x000000010cd23fa8]
Event: 3.623 Thread 0x000000015808e800 2097       3       com.sun.prism.impl.ps.BaseShaderContext::setTexture (52 bytes)
Event: 3.623 Thread 0x000000015808e800 nmethod 2097 0x000000010cd24090 code [0x000000010cd24300, 0x000000010cd24c68]
Event: 3.623 Thread 0x000000015808e800 2098       1       com.sun.prism.impl.BaseGraphics::getExtraAlpha (5 bytes)
Event: 3.623 Thread 0x000000015808e800 nmethod 2098 0x0000000113f06f10 code [0x0000000113f07080, 0x0000000113f07168]

GC Heap History (2 events):
Event: 0.319 GC heap before
{Heap before GC invocations=0 (full 0):
 garbage-first heap   total 133120K, used 23520K [0x0000000780000000, 0x0000000800000000)
  region size 1024K, 23 young (23552K), 0 survivors (0K)
 Metaspace       used 6444K, committed 6656K, reserved 1056768K
  class space    used 794K, committed 896K, reserved 1048576K
}
Event: 0.321 GC heap after
{Heap after GC invocations=1 (full 0):
 garbage-first heap   total 133120K, used 4717K [0x0000000780000000, 0x0000000800000000)
  region size 1024K, 3 young (3072K), 3 survivors (3072K)
 Metaspace       used 6444K, committed 6656K, reserved 1056768K
  class space    used 794K, committed 896K, reserved 1048576K
}

Deoptimization events (20 events):
Event: 0.521 Thread 0x000000014f1e1e00 Uncommon trap: trap_request=0xffffff45 fr.pc=0x0000000113e8fcc4 relative=0x0000000000000044
Event: 0.521 Thread 0x000000014f1e1e00 Uncommon trap: reason=unstable_if action=reinterpret pc=0x0000000113e8fcc4 method=jdk.internal.misc.Unsafe.convEndian(ZI)I @ 4 c2
Event: 0.521 Thread 0x000000014f1e1e00 DEOPT PACKING pc=0x0000000113e8fcc4 sp=0x000000016d391150
Event: 0.521 Thread 0x000000014f1e1e00 DEOPT UNPACKING pc=0x000000010c3d2d1c sp=0x000000016d3910f0 mode 2
Event: 2.547 Thread 0x000000014f1e1e00 Uncommon trap: trap_request=0xffffff45 fr.pc=0x0000000113ebf70c relative=0x0000000000000e0c
Event: 2.547 Thread 0x000000014f1e1e00 Uncommon trap: reason=unstable_if action=reinterpret pc=0x0000000113ebf70c method=java.util.concurrent.ConcurrentHashMap.putVal(Ljava/lang/Object;Ljava/lang/Object;Z)Ljava/lang/Object; @ 148 c2
Event: 2.548 Thread 0x000000014f1e1e00 DEOPT PACKING pc=0x0000000113ebf70c sp=0x000000016d391b80
Event: 2.548 Thread 0x000000014f1e1e00 DEOPT UNPACKING pc=0x000000010c3d2d1c sp=0x000000016d391a90 mode 2
Event: 2.549 Thread 0x000000014f1e1e00 Uncommon trap: trap_request=0xffffff45 fr.pc=0x0000000113e6cdb8 relative=0x00000000000000f8
Event: 2.549 Thread 0x000000014f1e1e00 Uncommon trap: reason=unstable_if action=reinterpret pc=0x0000000113e6cdb8 method=java.lang.StringLatin1.lastIndexOf([BI[BII)I @ 86 c2
Event: 2.549 Thread 0x000000014f1e1e00 DEOPT PACKING pc=0x0000000113e6cdb8 sp=0x000000016d391d30
Event: 2.549 Thread 0x000000014f1e1e00 DEOPT UNPACKING pc=0x000000010c3d2d1c sp=0x000000016d391c90 mode 2
Event: 3.617 Thread 0x000000014f1e1e00 Uncommon trap: trap_request=0xffffff45 fr.pc=0x0000000113efa4e4 relative=0x0000000000000064
Event: 3.617 Thread 0x000000014f1e1e00 Uncommon trap: reason=unstable_if action=reinterpret pc=0x0000000113efa4e4 method=javafx.scene.Node.updateLocalToParentTransform()V @ 4 c2
Event: 3.617 Thread 0x000000014f1e1e00 DEOPT PACKING pc=0x0000000113efa4e4 sp=0x000000016d392fc0
Event: 3.617 Thread 0x000000014f1e1e00 DEOPT UNPACKING pc=0x000000010c3d2d1c sp=0x000000016d392ed0 mode 2
Event: 3.617 Thread 0x000000014f1e1e00 Uncommon trap: trap_request=0xfffffff4 fr.pc=0x0000000113f01f94 relative=0x0000000000000954
Event: 3.617 Thread 0x000000014f1e1e00 Uncommon trap: reason=null_check action=make_not_entrant pc=0x0000000113f01f94 method=javafx.scene.Node$MiscProperties.getClip()Ljavafx/scene/Node; @ 20 c2
Event: 3.617 Thread 0x000000014f1e1e00 DEOPT PACKING pc=0x0000000113f01f94 sp=0x000000016d392da0
Event: 3.617 Thread 0x000000014f1e1e00 DEOPT UNPACKING pc=0x000000010c3d2d1c sp=0x000000016d392c60 mode 2

Classes unloaded (0 events):
No events

Classes redefined (0 events):
No events

Internal exceptions (20 events):
Event: 0.278 Thread 0x000000014f1e1e00 Exception <a 'java/lang/NullPointerException'{0x0000000786ff0308}> (0x0000000786ff0308) 
thrown [open/src/hotspot/share/interpreter/linkResolver.cpp, line 1357]
Event: 0.318 Thread 0x000000014f1e1e00 Exception <a 'java/lang/NoSuchMethodError'{0x00000007869d5a90}: 'void java.lang.invoke.DirectMethodHandle$Holder.invokeStaticInit(java.lang.Object, java.lang.Object)'> (0x00000007869d5a90) 
thrown [open/src/hotspot/share/interpreter/linkResolver.cpp, line 766]
Event: 0.326 Thread 0x000000014f1e1e00 Exception <a 'java/lang/NoSuchMethodError'{0x0000000787e2b598}: 'void java.lang.invoke.DirectMethodHandle$Holder.invokeSpecial(java.lang.Object, java.lang.Object, java.lang.Object, java.lang.Object, java.lang.Object)'> (0x0000000787e2b598) 
thrown [open/src/hotspot/share/interpreter/linkResolver.cpp, line 766]
Event: 0.352 Thread 0x000000014f1e1e00 Exception <a 'sun/nio/fs/UnixException'{0x0000000787b390d8}> (0x0000000787b390d8) 
thrown [open/src/hotspot/share/prims/jni.cpp, line 516]
Event: 0.368 Thread 0x000000014f1e1e00 Implicit null exception at 0x0000000113ea07d4 to 0x0000000113ea0b2c
Event: 0.370 Thread 0x000000014f1e1e00 Implicit null exception at 0x0000000113e9eb54 to 0x0000000113e9eea8
Event: 0.467 Thread 0x000000014f1e1e00 Exception <a 'java/lang/NoSuchMethodError'{0x0000000787411498}: 'java.lang.Object java.lang.invoke.DirectMethodHandle$Holder.invokeInterface(java.lang.Object, java.lang.Object, java.lang.Object)'> (0x0000000787411498) 
thrown [open/src/hotspot/share/interpreter/linkResolver.cpp, line 766]
Event: 0.467 Thread 0x000000014f1e1e00 Exception <a 'java/lang/IncompatibleClassChangeError'{0x0000000787414e20}: Found class java.lang.Object, but interface was expected> (0x0000000787414e20) 
thrown [open/src/hotspot/share/interpreter/linkResolver.cpp, line 833]
Event: 0.482 Thread 0x000000014f1e1e00 Exception <a 'java/lang/ClassNotFoundException'{0x000000078722c388}: com/sun/javafx/scene/control/skin/resources/controls> (0x000000078722c388) 
thrown [open/src/hotspot/share/prims/jni.cpp, line 535]
Event: 0.482 Thread 0x000000014f1e1e00 Exception <a 'java/lang/ClassNotFoundException'{0x000000078723a328}: com/sun/javafx/scene/control/skin/resources/controls_en> (0x000000078723a328) 
thrown [open/src/hotspot/share/prims/jni.cpp, line 535]
Event: 0.482 Thread 0x000000014f1e1e00 Exception <a 'java/lang/ClassNotFoundException'{0x000000078723b2c0}: com/sun/javafx/scene/control/skin/resources/controls_en_FI> (0x000000078723b2c0) 
thrown [open/src/hotspot/share/prims/jni.cpp, line 535]
Event: 0.495 Thread 0x000000014f1e1e00 Exception <a 'java/lang/NoSuchMethodError'{0x00000007871f3fa0}: 'void java.lang.invoke.DirectMethodHandle$Holder.invokeSpecial(java.lang.Object, java.lang.Object, java.lang.Object, java.lang.Object, java.lang.Object, java.lang.Object)'> (0x00000007871f3fa0) 
thrown [open/src/hotspot/share/interpreter/linkResolver.cpp, line 766]
Event: 0.529 Thread 0x000000014f1e1e00 Exception <a 'java/lang/NoSuchMethodError'{0x0000000786dc0ed8}: 'java.lang.Object java.lang.invoke.DirectMethodHandle$Holder.newInvokeSpecial(java.lang.Object, java.lang.Object, int)'> (0x0000000786dc0ed8) 
thrown [open/src/hotspot/share/interpreter/linkResolver.cpp, line 766]
Event: 0.564 Thread 0x000000014e813a00 Exception <a 'java/lang/NoSuchMethodError'{0x0000000786c66b50}: 'int java.lang.invoke.DirectMethodHandle$Holder.invokeStaticInit(java.lang.Object, java.lang.Object)'> (0x0000000786c66b50) 
thrown [open/src/hotspot/share/interpreter/linkResolver.cpp, line 766]
Event: 0.570 Thread 0x000000014f1e1e00 Exception <a 'java/lang/NoSuchMethodError'{0x0000000786cf3980}: 'long java.lang.invoke.DirectMethodHandle$Holder.invokeStatic(java.lang.Object, java.lang.Object, java.lang.Object)'> (0x0000000786cf3980) 
thrown [open/src/hotspot/share/interpreter/linkResolver.cpp, line 766]
Event: 0.570 Thread 0x000000014f1e1e00 Exception <a 'java/lang/NoSuchMethodError'{0x0000000786cf7128}: 'long java.lang.invoke.DirectMethodHandle$Holder.invokeStaticInit(java.lang.Object, java.lang.Object, java.lang.Object)'> (0x0000000786cf7128) 
thrown [open/src/hotspot/share/interpreter/linkResolver.cpp, line 766]
Event: 0.571 Thread 0x000000014f1e1e00 Exception <a 'java/lang/NoSuchMethodError'{0x0000000786b0f5f8}: 'java.lang.Object java.lang.invoke.DirectMethodHandle$Holder.newInvokeSpecial(java.lang.Object, java.lang.Object, long)'> (0x0000000786b0f5f8) 
thrown [open/src/hotspot/share/interpreter/linkResolver.cpp, line 766]
Event: 0.571 Thread 0x000000014f1e1e00 Exception <a 'java/lang/NoSuchMethodError'{0x0000000786b12ec0}: 'java.lang.Object java.lang.invoke.Invokers$Holder.linkToTargetMethod(java.lang.Object, long, java.lang.Object)'> (0x0000000786b12ec0) 
thrown [open/src/hotspot/share/interpreter/linkResolver.cpp, line 766]
Event: 2.537 Thread 0x000000014f1e1e00 Exception <a 'java/lang/NoSuchMethodError'{0x00000007864faa18}: 'long java.lang.invoke.DirectMethodHandle$Holder.invokeStatic(java.lang.Object, java.lang.Object)'> (0x00000007864faa18) 
thrown [open/src/hotspot/share/interpreter/linkResolver.cpp, line 766]
Event: 3.617 Thread 0x000000014f1e1e00 Implicit null exception at 0x0000000113f016e4 to 0x0000000113f01f80

VM Operations (20 events):
Event: 0.079 Executing VM operation: ICBufferFull
Event: 0.079 Executing VM operation: ICBufferFull done
Event: 0.296 Executing VM operation: HandshakeAllThreads
Event: 0.296 Executing VM operation: HandshakeAllThreads done
Event: 0.309 Executing VM operation: ICBufferFull
Event: 0.309 Executing VM operation: ICBufferFull done
Event: 0.319 Executing VM operation: G1CollectForAllocation
Event: 0.321 Executing VM operation: G1CollectForAllocation done
Event: 0.458 Executing VM operation: HandshakeAllThreads
Event: 0.458 Executing VM operation: HandshakeAllThreads done
Event: 0.512 Executing VM operation: ICBufferFull
Event: 0.512 Executing VM operation: ICBufferFull done
Event: 1.469 Executing VM operation: ICBufferFull
Event: 1.469 Executing VM operation: ICBufferFull done
Event: 2.474 Executing VM operation: Cleanup
Event: 2.475 Executing VM operation: Cleanup done
Event: 2.539 Executing VM operation: HandshakeAllThreads
Event: 2.539 Executing VM operation: HandshakeAllThreads done
Event: 3.103 Executing VM operation: ICBufferFull
Event: 3.104 Executing VM operation: ICBufferFull done

Events (20 events):
Event: 2.548 loading class sun/util/resources/LocaleData$LocaleDataResourceBundleProvider done
Event: 2.548 loading class sun/util/resources/LocaleData$CommonResourceBundleProvider done
Event: 2.549 loading class sun/text/resources/BreakIteratorInfo
Event: 2.549 loading class sun/text/resources/BreakIteratorInfo done
Event: 2.549 loading class sun/text/resources/BreakIteratorResources
Event: 2.549 loading class sun/util/resources/BreakIteratorResourceBundle
Event: 2.549 loading class sun/util/resources/BreakIteratorResourceBundle done
Event: 2.549 loading class sun/text/resources/BreakIteratorResources done
Event: 2.549 loading class sun/text/resources/BreakIteratorResources_en
Event: 2.549 loading class sun/text/resources/BreakIteratorResources_en done
Event: 2.549 loading class sun/util/resources/Bundles$2
Event: 2.549 loading class sun/util/resources/Bundles$2 done
Event: 2.550 loading class sun/text/RuleBasedBreakIterator
Event: 2.550 loading class sun/text/RuleBasedBreakIterator done
Event: 2.551 loading class sun/text/CompactByteArray
Event: 2.551 loading class sun/text/CompactByteArray done
Event: 2.551 loading class sun/text/SupplementaryCharacterData
Event: 2.551 loading class sun/text/SupplementaryCharacterData done
Event: 2.551 loading class java/text/BreakIterator$BreakIteratorCache
Event: 2.551 loading class java/text/BreakIterator$BreakIteratorCache done


Dynamic libraries:
0x0000000102b9c000 	/Library/Java/JavaVirtualMachines/jdk-17.0.1.jdk/Contents/Home/lib/libjli.dylib
0x000000019c070000 	/usr/lib/libz.1.dylib
0x000000019c127000 	/usr/lib/libSystem.B.dylib
0x000000019c121000 	/usr/lib/system/libcache.dylib
0x000000019c0df000 	/usr/lib/system/libcommonCrypto.dylib
0x000000019c108000 	/usr/lib/system/libcompiler_rt.dylib
0x000000019c0ff000 	/usr/lib/system/libcopyfile.dylib
0x0000000191367000 	/usr/lib/system/libcorecrypto.dylib
0x000000019141a000 	/usr/lib/system/libdispatch.dylib
0x00000001915e8000 	/usr/lib/system/libdyld.dylib
0x000000019c117000 	/usr/lib/system/libkeymgr.dylib
0x000000019c0ba000 	/usr/lib/system/libmacho.dylib
0x000000019b7af000 	/usr/lib/system/libquarantine.dylib
0x000000019c114000 	/usr/lib/system/libremovefile.dylib
0x0000000196750000 	/usr/lib/system/libsystem_asl.dylib
0x0000000191309000 	/usr/lib/system/libsystem_blocks.dylib
0x00000001914a2000 	/usr/lib/system/libsystem_c.dylib
0x000000019c10c000 	/usr/lib/system/libsystem_collections.dylib
0x000000019ac3d000 	/usr/lib/system/libsystem_configuration.dylib
0x0000000199e99000 	/usr/lib/system/libsystem_containermanager.dylib
0x000000019be1c000 	/usr/lib/system/libsystem_coreservices.dylib
0x0000000193d10000 	/usr/lib/system/libsystem_darwin.dylib
0x000000019c118000 	/usr/lib/system/libsystem_dnssd.dylib
0x000000019149f000 	/usr/lib/system/libsystem_featureflags.dylib
0x00000001915fd000 	/usr/lib/system/libsystem_info.dylib
0x000000019c082000 	/usr/lib/system/libsystem_m.dylib
0x00000001913ef000 	/usr/lib/system/libsystem_malloc.dylib
0x00000001966df000 	/usr/lib/system/libsystem_networkextension.dylib
0x0000000194169000 	/usr/lib/system/libsystem_notify.dylib
0x00000001a2465000 	/usr/lib/system/libsystem_product_info_filter.dylib
0x000000019ac42000 	/usr/lib/system/libsystem_sandbox.dylib
0x000000019c111000 	/usr/lib/system/libsystem_secinit.dylib
0x00000001915a3000 	/usr/lib/system/libsystem_kernel.dylib
0x00000001915f5000 	/usr/lib/system/libsystem_platform.dylib
0x00000001915db000 	/usr/lib/system/libsystem_pthread.dylib
0x0000000197ea8000 	/usr/lib/system/libsystem_symptoms.dylib
0x000000019134d000 	/usr/lib/system/libsystem_trace.dylib
0x000000019c0ec000 	/usr/lib/system/libunwind.dylib
0x000000019130b000 	/usr/lib/system/libxpc.dylib
0x000000019158b000 	/usr/lib/libc++abi.dylib
0x0000000191461000 	/usr/lib/libobjc.A.dylib
0x000000019c0f7000 	/usr/lib/liboah.dylib
0x0000000191524000 	/usr/lib/libc++.1.dylib
0x00000001a7f7e000 	/System/Library/Frameworks/Cocoa.framework/Versions/A/Cocoa
0x00000001941ca000 	/System/Library/Frameworks/AppKit.framework/Versions/C/AppKit
0x00000001976d0000 	/System/Library/Frameworks/CoreData.framework/Versions/A/CoreData
0x0000000192525000 	/System/Library/Frameworks/Foundation.framework/Versions/C/Foundation
0x0000000195082000 	/System/Library/PrivateFrameworks/UIFoundation.framework/Versions/A/UIFoundation
0x00000001a215f000 	/System/Library/PrivateFrameworks/RemoteViewServices.framework/Versions/A/RemoteViewServices
0x000000019a5e5000 	/System/Library/PrivateFrameworks/XCTTargetBootstrap.framework/Versions/A/XCTTargetBootstrap
0x000000019de63000 	/System/Library/PrivateFrameworks/InternationalSupport.framework/Versions/A/InternationalSupport
0x000000019deec000 	/System/Library/PrivateFrameworks/UserActivity.framework/Versions/A/UserActivity
0x000000019d35e000 	/usr/lib/libspindump.dylib
0x00000001952f3000 	/System/Library/Frameworks/UniformTypeIdentifiers.framework/Versions/A/UniformTypeIdentifiers
0x0000000198b30000 	/usr/lib/libapp_launch_measurement.dylib
0x000000019805a000 	/System/Library/PrivateFrameworks/CoreAnalytics.framework/Versions/A/CoreAnalytics
0x0000000198b33000 	/System/Library/PrivateFrameworks/CoreAutoLayout.framework/Versions/A/CoreAutoLayout
0x0000000199ed6000 	/System/Library/Frameworks/Metal.framework/Versions/A/Metal
0x000000019ac4d000 	/usr/lib/liblangid.dylib
0x000000019a5ea000 	/System/Library/PrivateFrameworks/CoreSVG.framework/Versions/A/CoreSVG
0x0000000196784000 	/System/Library/PrivateFrameworks/SkyLight.framework/Versions/A/SkyLight
0x0000000196b59000 	/System/Library/Frameworks/CoreGraphics.framework/Versions/A/CoreGraphics
0x00000001a282b000 	/System/Library/Frameworks/Accelerate.framework/Versions/A/Accelerate
0x000000019cdd5000 	/System/Library/PrivateFrameworks/IconServices.framework/Versions/A/IconServices
0x0000000199eb8000 	/System/Library/Frameworks/IOSurface.framework/Versions/A/IOSurface
0x000000019808b000 	/usr/lib/libDiagnosticMessagesClient.dylib
0x00000001a5d2c000 	/System/Library/Frameworks/ApplicationServices.framework/Versions/A/ApplicationServices
0x000000019a5cd000 	/System/Library/PrivateFrameworks/DFRFoundation.framework/Versions/A/DFRFoundation
0x0000000193a5a000 	/usr/lib/libicucore.A.dylib
0x000000019ed0f000 	/System/Library/Frameworks/AudioToolbox.framework/Versions/A/AudioToolbox
0x000000019de6f000 	/System/Library/PrivateFrameworks/DataDetectorsCore.framework/Versions/A/DataDetectorsCore
0x00000001b47af000 	/System/Library/PrivateFrameworks/TextInput.framework/Versions/A/TextInput
0x00000001966f9000 	/usr/lib/libMobileGestalt.dylib
0x000000019a299000 	/System/Library/Frameworks/Carbon.framework/Versions/A/Frameworks/HIToolbox.framework/Versions/A/HIToolbox
0x000000019850c000 	/System/Library/Frameworks/QuartzCore.framework/Versions/A/QuartzCore
0x00000001936dd000 	/System/Library/Frameworks/Security.framework/Versions/A/Security
0x00000001a219f000 	/System/Library/Frameworks/Carbon.framework/Versions/A/Frameworks/SpeechRecognition.framework/Versions/A/SpeechRecognition
0x0000000198886000 	/System/Library/PrivateFrameworks/CoreUI.framework/Versions/A/CoreUI
0x0000000192fba000 	/System/Library/Frameworks/CoreAudio.framework/Versions/A/CoreAudio
0x0000000198180000 	/System/Library/Frameworks/DiskArbitration.framework/Versions/A/DiskArbitration
0x000000019d768000 	/System/Library/PrivateFrameworks/MultitouchSupport.framework/Versions/A/MultitouchSupport
0x00000001966f7000 	/usr/lib/libenergytrace.dylib
0x0000000194092000 	/System/Library/Frameworks/IOKit.framework/Versions/A/IOKit
0x00000001a258e000 	/System/Library/Frameworks/CoreServices.framework/Versions/A/CoreServices
0x0000000198ac0000 	/System/Library/PrivateFrameworks/PerformanceAnalysis.framework/Versions/A/PerformanceAnalysis
0x00000001f2a97000 	/System/Library/Frameworks/OpenGL.framework/Versions/A/OpenGL
0x000000019b6c7000 	/System/Library/PrivateFrameworks/MobileKeyBag.framework/Versions/A/MobileKeyBag
0x0000000197166000 	/System/Library/Frameworks/ColorSync.framework/Versions/A/ColorSync
0x000000019162a000 	/System/Library/Frameworks/CoreFoundation.framework/Versions/A/CoreFoundation
0x000000019a869000 	/System/Library/Frameworks/CoreImage.framework/Versions/A/CoreImage
0x0000000192dde000 	/System/Library/Frameworks/CoreText.framework/Versions/A/CoreText
0x000000019a61a000 	/System/Library/Frameworks/ImageIO.framework/Versions/A/ImageIO
0x000000019c12d000 	/System/Library/PrivateFrameworks/SoftLinking.framework/Versions/A/SoftLinking
0x0000000198b7e000 	/usr/lib/libxml2.2.dylib
0x000000019c3c6000 	/usr/lib/libcompression.dylib
0x000000019ddbf000 	/System/Library/PrivateFrameworks/TextureIO.framework/Versions/A/TextureIO
0x000000019caee000 	/usr/lib/libate.dylib
0x000000019c9b3000 	/usr/lib/liblzma.5.dylib
0x0000000192219000 	/System/Library/Frameworks/SystemConfiguration.framework/Versions/A/SystemConfiguration
0x000000019c129000 	/usr/lib/libfakelink.dylib
0x000000019622b000 	/System/Library/Frameworks/CFNetwork.framework/Versions/A/CFNetwork
0x000000019c26f000 	/usr/lib/libarchive.2.dylib
0x000000019ac49000 	/System/Library/PrivateFrameworks/AppleSystemInfo.framework/Versions/A/AppleSystemInfo
0x000000019b7da000 	/usr/lib/libbsm.0.dylib
0x000000019579c000 	/usr/lib/libnetwork.dylib
0x000000019c0c3000 	/usr/lib/system/libkxld.dylib
0x000000019b3ed000 	/System/Library/PrivateFrameworks/IOMobileFramebuffer.framework/Versions/A/IOMobileFramebuffer
0x00000002103c3000 	/usr/lib/libCoreEntitlements.dylib
0x000000019bdfe000 	/System/Library/PrivateFrameworks/AppleFSCompression.framework/Versions/A/AppleFSCompression
0x000000019b7c2000 	/usr/lib/libcoretls.dylib
0x000000019c9cc000 	/usr/lib/libcoretls_cfhelpers.dylib
0x000000019c3c1000 	/usr/lib/libpam.2.dylib
0x0000000197abf000 	/usr/lib/libsqlite3.dylib
0x000000019ca35000 	/usr/lib/libxar.1.dylib
0x000000019be0f000 	/usr/lib/libbz2.1.0.dylib
0x000000019c12e000 	/usr/lib/libpcap.A.dylib
0x0000000197e9f000 	/usr/lib/libdns_services.dylib
0x000000019c394000 	/usr/lib/libapple_nghttp2.dylib
0x000000019c16b000 	/usr/lib/libiconv.2.dylib
0x000000019c0b9000 	/usr/lib/libcharset.1.dylib
0x0000000198afc000 	/System/Library/Frameworks/CoreServices.framework/Versions/A/Frameworks/FSEvents.framework/Versions/A/FSEvents
0x0000000193d1b000 	/System/Library/Frameworks/CoreServices.framework/Versions/A/Frameworks/CarbonCore.framework/Versions/A/CarbonCore
0x00000001980e0000 	/System/Library/Frameworks/CoreServices.framework/Versions/A/Frameworks/Metadata.framework/Versions/A/Metadata
0x000000019be22000 	/System/Library/Frameworks/CoreServices.framework/Versions/A/Frameworks/OSServices.framework/Versions/A/OSServices
0x000000019c2f5000 	/System/Library/Frameworks/CoreServices.framework/Versions/A/Frameworks/SearchKit.framework/Versions/A/SearchKit
0x0000000197e2e000 	/System/Library/Frameworks/CoreServices.framework/Versions/A/Frameworks/AE.framework/Versions/A/AE
0x0000000191b70000 	/System/Library/Frameworks/CoreServices.framework/Versions/A/Frameworks/LaunchServices.framework/Versions/A/LaunchServices
0x000000019c95c000 	/System/Library/Frameworks/CoreServices.framework/Versions/A/Frameworks/DictionaryServices.framework/Versions/A/DictionaryServices
0x0000000198b09000 	/System/Library/Frameworks/CoreServices.framework/Versions/A/Frameworks/SharedFileList.framework/Versions/A/SharedFileList
0x000000019b7b2000 	/usr/lib/libCheckFix.dylib
0x0000000196768000 	/System/Library/PrivateFrameworks/TCC.framework/Versions/A/TCC
0x000000019ac4f000 	/System/Library/PrivateFrameworks/CoreNLP.framework/Versions/A/CoreNLP
0x000000019808e000 	/System/Library/PrivateFrameworks/MetadataUtilities.framework/Versions/A/MetadataUtilities
0x00000001922d2000 	/usr/lib/libmecabra.dylib
0x000000019b7eb000 	/usr/lib/libmecab.dylib
0x000000019229e000 	/usr/lib/libCRFSuite.dylib
0x000000019b848000 	/usr/lib/libgermantok.dylib
0x000000019c36d000 	/usr/lib/libThaiTokenizer.dylib
0x0000000198188000 	/System/Library/Frameworks/Accelerate.framework/Versions/A/Frameworks/vImage.framework/Versions/A/vImage
0x00000001a2565000 	/System/Library/Frameworks/Accelerate.framework/Versions/A/Frameworks/vecLib.framework/Versions/A/vecLib
0x000000019ca7a000 	/System/Library/Frameworks/Accelerate.framework/Versions/A/Frameworks/vecLib.framework/Versions/A/libvMisc.dylib
0x000000019b2f4000 	/System/Library/Frameworks/Accelerate.framework/Versions/A/Frameworks/vecLib.framework/Versions/A/libvDSP.dylib
0x0000000191ef9000 	/System/Library/Frameworks/Accelerate.framework/Versions/A/Frameworks/vecLib.framework/Versions/A/libBLAS.dylib
0x000000019c497000 	/System/Library/Frameworks/Accelerate.framework/Versions/A/Frameworks/vecLib.framework/Versions/A/libLAPACK.dylib
0x000000019b84b000 	/System/Library/Frameworks/Accelerate.framework/Versions/A/Frameworks/vecLib.framework/Versions/A/libLinearAlgebra.dylib
0x000000019c3ac000 	/System/Library/Frameworks/Accelerate.framework/Versions/A/Frameworks/vecLib.framework/Versions/A/libSparseBLAS.dylib
0x000000019c492000 	/System/Library/Frameworks/Accelerate.framework/Versions/A/Frameworks/vecLib.framework/Versions/A/libQuadrature.dylib
0x000000019ad48000 	/System/Library/Frameworks/Accelerate.framework/Versions/A/Frameworks/vecLib.framework/Versions/A/libBNNS.dylib
0x00000001921b7000 	/System/Library/Frameworks/Accelerate.framework/Versions/A/Frameworks/vecLib.framework/Versions/A/libSparse.dylib
0x000000019ad40000 	/System/Library/PrivateFrameworks/LinguisticData.framework/Versions/A/LinguisticData
0x000000019216f000 	/System/Library/PrivateFrameworks/Lexicon.framework/Versions/A/Lexicon
0x000000019ca72000 	/usr/lib/libChineseTokenizer.dylib
0x0000000192916000 	/System/Library/PrivateFrameworks/LanguageModeling.framework/Versions/A/LanguageModeling
0x000000019c36f000 	/System/Library/PrivateFrameworks/AppleSauce.framework/Versions/A/AppleSauce
0x000000019b3da000 	/System/Library/PrivateFrameworks/CoreEmoji.framework/Versions/A/CoreEmoji
0x000000019c25d000 	/usr/lib/libcmph.dylib
0x0000000198adc000 	/System/Library/Frameworks/OpenDirectory.framework/Versions/A/Frameworks/CFOpenDirectory.framework/Versions/A/CFOpenDirectory
0x0000000198acc000 	/System/Library/Frameworks/OpenDirectory.framework/Versions/A/OpenDirectory
0x000000019c9ce000 	/System/Library/PrivateFrameworks/APFS.framework/Versions/A/APFS
0x000000019b702000 	/System/Library/Frameworks/SecurityFoundation.framework/Versions/A/SecurityFoundation
0x000000019ca44000 	/usr/lib/libutil.dylib
0x0000000194054000 	/System/Library/PrivateFrameworks/CoreServicesStore.framework/Versions/A/CoreServicesStore
0x000000019ca48000 	/usr/lib/libxslt.1.dylib
0x000000019b796000 	/System/Library/PrivateFrameworks/BackgroundTaskManagement.framework/Versions/A/BackgroundTaskManagement
0x000000019dce0000 	/System/Library/Frameworks/ImageIO.framework/Versions/A/Resources/libRadiance.dylib
0x000000019dce9000 	/System/Library/Frameworks/ImageIO.framework/Versions/A/Resources/libJPEG.dylib
0x000000019dc3c000 	/System/Library/Frameworks/ImageIO.framework/Versions/A/Resources/libPng.dylib
0x000000019dc5e000 	/System/Library/Frameworks/ImageIO.framework/Versions/A/Resources/libTIFF.dylib
0x000000019dd44000 	/System/Library/Frameworks/ImageIO.framework/Versions/A/Resources/libGIF.dylib
0x000000019d678000 	/System/Library/Frameworks/ImageIO.framework/Versions/A/Resources/libJP2.dylib
0x000000019cd9a000 	/usr/lib/libexpat.1.dylib
0x000000019d633000 	/System/Library/PrivateFrameworks/AppleJPEG.framework/Versions/A/AppleJPEG
0x000000019a155000 	/System/Library/PrivateFrameworks/FontServices.framework/libFontParser.dylib
0x0000000197dd3000 	/System/Library/PrivateFrameworks/RunningBoardServices.framework/Versions/A/RunningBoardServices
0x00000001a8651000 	/System/Library/PrivateFrameworks/IOSurfaceAccelerator.framework/Versions/A/IOSurfaceAccelerator
0x000000019d764000 	/System/Library/PrivateFrameworks/WatchdogClient.framework/Versions/A/WatchdogClient
0x0000000192a1a000 	/System/Library/Frameworks/CoreDisplay.framework/Versions/A/CoreDisplay
0x000000019a03f000 	/System/Library/Frameworks/CoreMedia.framework/Versions/A/CoreMedia
0x0000000199ecc000 	/System/Library/PrivateFrameworks/IOAccelerator.framework/Versions/A/IOAccelerator
0x0000000198c6c000 	/System/Library/Frameworks/CoreVideo.framework/Versions/A/CoreVideo
0x000000019c3bf000 	/System/Library/Frameworks/MetalPerformanceShaders.framework/Versions/A/MetalPerformanceShaders
0x000000019d7a3000 	/System/Library/Frameworks/VideoToolbox.framework/Versions/A/VideoToolbox
0x0000000197d17000 	/System/Library/PrivateFrameworks/BaseBoard.framework/Versions/A/BaseBoard
0x0000000197aa5000 	/System/Library/PrivateFrameworks/ProtocolBuffer.framework/Versions/A/ProtocolBuffer
0x000000019dcdb000 	/System/Library/PrivateFrameworks/GPUWrangler.framework/Versions/A/GPUWrangler
0x000000019dcbb000 	/System/Library/PrivateFrameworks/IOPresentment.framework/Versions/A/IOPresentment
0x000000019dce3000 	/System/Library/PrivateFrameworks/DSExternalDisplay.framework/Versions/A/DSExternalDisplay
0x00000001f2a8a000 	/System/Library/Frameworks/OpenGL.framework/Versions/A/Libraries/libCoreFSCache.dylib
0x00000001fcf49000 	/System/Library/PrivateFrameworks/GPUCompiler.framework/Versions/31001/Libraries/libGPUCompilerUtils.dylib
0x000000019dd49000 	/System/Library/PrivateFrameworks/CMCaptureCore.framework/Versions/A/CMCaptureCore
0x000000019d34b000 	/System/Library/PrivateFrameworks/AppServerSupport.framework/Versions/A/AppServerSupport
0x000000019f5cc000 	/System/Library/PrivateFrameworks/perfdata.framework/Versions/A/perfdata
0x0000000192b3a000 	/System/Library/PrivateFrameworks/AudioToolboxCore.framework/Versions/A/AudioToolboxCore
0x000000019a018000 	/System/Library/PrivateFrameworks/caulk.framework/Versions/A/caulk
0x000000019eec1000 	/usr/lib/libAudioStatistics.dylib
0x00000001b0e16000 	/System/Library/PrivateFrameworks/SystemPolicy.framework/Versions/A/SystemPolicy
0x000000019f12d000 	/usr/lib/libSMC.dylib
0x00000001a7e60000 	/System/Library/Frameworks/CoreMIDI.framework/Versions/A/CoreMIDI
0x000000019dc0a000 	/usr/lib/libAudioToolboxUtility.dylib
0x00000001acee3000 	/System/Library/PrivateFrameworks/OSAServicesClient.framework/Versions/A/OSAServicesClient
0x000000019f5d9000 	/usr/lib/libperfcheck.dylib
0x00000001b192e000 	/usr/lib/libmis.dylib
0x00000001f2aec000 	/System/Library/Frameworks/OpenGL.framework/Versions/A/Libraries/libGLU.dylib
0x00000001f2aab000 	/System/Library/Frameworks/OpenGL.framework/Versions/A/Libraries/libGFXShared.dylib
0x00000001f2c98000 	/System/Library/Frameworks/OpenGL.framework/Versions/A/Libraries/libGL.dylib
0x00000001f2ab4000 	/System/Library/Frameworks/OpenGL.framework/Versions/A/Libraries/libGLImage.dylib
0x00000001f2aa8000 	/System/Library/Frameworks/OpenGL.framework/Versions/A/Libraries/libCVMSPluginSupport.dylib
0x00000001f2a91000 	/System/Library/Frameworks/OpenGL.framework/Versions/A/Libraries/libCoreVMClient.dylib
0x000000019abc9000 	/System/Library/Frameworks/MetalPerformanceShaders.framework/Versions/A/Frameworks/MPSCore.framework/Versions/A/MPSCore
0x000000019bd71000 	/System/Library/Frameworks/MetalPerformanceShaders.framework/Versions/A/Frameworks/MPSImage.framework/Versions/A/MPSImage
0x000000019b860000 	/System/Library/Frameworks/MetalPerformanceShaders.framework/Versions/A/Frameworks/MPSNeuralNetwork.framework/Versions/A/MPSNeuralNetwork
0x000000019bc99000 	/System/Library/Frameworks/MetalPerformanceShaders.framework/Versions/A/Frameworks/MPSMatrix.framework/Versions/A/MPSMatrix
0x000000019ba72000 	/System/Library/Frameworks/MetalPerformanceShaders.framework/Versions/A/Frameworks/MPSRayIntersector.framework/Versions/A/MPSRayIntersector
0x000000019bcca000 	/System/Library/Frameworks/MetalPerformanceShaders.framework/Versions/A/Frameworks/MPSNDArray.framework/Versions/A/MPSNDArray
0x00000001f4c03000 	/System/Library/Frameworks/MetalPerformanceShaders.framework/Versions/A/Frameworks/MPSFunctions.framework/Versions/A/MPSFunctions
0x0000000191dd0000 	/System/Library/PrivateFrameworks/MetalTools.framework/Versions/A/MetalTools
0x000000019ac47000 	/System/Library/PrivateFrameworks/AggregateDictionary.framework/Versions/A/AggregateDictionary
0x000000019cb7f000 	/usr/lib/libIOReport.dylib
0x00000001a6e7e000 	/System/Library/PrivateFrameworks/ASEProcessing.framework/Versions/A/ASEProcessing
0x000000019cef4000 	/System/Library/PrivateFrameworks/FaceCore.framework/Versions/A/FaceCore
0x000000019cee6000 	/System/Library/PrivateFrameworks/GraphVisualizer.framework/Versions/A/GraphVisualizer
0x00000001fce60000 	/System/Library/PrivateFrameworks/FontServices.framework/Versions/A/FontServices
0x000000019d307000 	/System/Library/PrivateFrameworks/OTSVG.framework/Versions/A/OTSVG
0x0000000198836000 	/System/Library/Frameworks/ApplicationServices.framework/Versions/A/Frameworks/ATS.framework/Versions/A/Resources/libFontRegistry.dylib
0x000000019d354000 	/System/Library/PrivateFrameworks/FontServices.framework/libhvf.dylib
0x00000001fce61000 	/System/Library/PrivateFrameworks/FontServices.framework/libXTFontStaticRegistryData.dylib
0x00000001f2e39000 	/System/Library/Frameworks/OpenCL.framework/Versions/A/OpenCL
0x000000019cd4e000 	/System/Library/PrivateFrameworks/AppleVA.framework/Versions/A/AppleVA
0x000000019eee9000 	/System/Library/Frameworks/ApplicationServices.framework/Versions/A/Frameworks/ATS.framework/Versions/A/ATS
0x0000000197263000 	/System/Library/Frameworks/ApplicationServices.framework/Versions/A/Frameworks/HIServices.framework/Versions/A/HIServices
0x000000019dd53000 	/System/Library/Frameworks/ApplicationServices.framework/Versions/A/Frameworks/PrintCore.framework/Versions/A/PrintCore
0x000000019f280000 	/System/Library/Frameworks/ApplicationServices.framework/Versions/A/Frameworks/QD.framework/Versions/A/QD
0x000000019f278000 	/System/Library/Frameworks/ApplicationServices.framework/Versions/A/Frameworks/ColorSyncLegacy.framework/Versions/A/ColorSyncLegacy
0x000000019eed5000 	/System/Library/Frameworks/ApplicationServices.framework/Versions/A/Frameworks/SpeechSynthesis.framework/Versions/A/SpeechSynthesis
0x000000019dd14000 	/System/Library/Frameworks/ApplicationServices.framework/Versions/A/Frameworks/ATSUI.framework/Versions/A/ATSUI
0x000000019f20d000 	/usr/lib/libcups.2.dylib
0x000000019f5e7000 	/System/Library/Frameworks/Kerberos.framework/Versions/A/Kerberos
0x000000019f5f8000 	/System/Library/Frameworks/GSS.framework/Versions/A/GSS
0x000000019ef59000 	/usr/lib/libresolv.9.dylib
0x000000019d363000 	/System/Library/PrivateFrameworks/Heimdal.framework/Versions/A/Heimdal
0x00000001a60b3000 	/System/Library/Frameworks/Kerberos.framework/Versions/A/Libraries/libHeimdalProxy.dylib
0x0000000197eb1000 	/System/Library/Frameworks/Network.framework/Versions/A/Network
0x000000019cdb5000 	/usr/lib/libheimdal-asn1.dylib
0x000000019f648000 	/System/Library/PrivateFrameworks/CommonAuth.framework/Versions/A/CommonAuth
0x000000019ee4f000 	/System/Library/PrivateFrameworks/AudioSession.framework/Versions/A/AudioSession
0x000000019ce47000 	/System/Library/PrivateFrameworks/MediaExperience.framework/Versions/A/MediaExperience
0x000000019ecd5000 	/System/Library/PrivateFrameworks/AudioSession.framework/libSessionUtility.dylib
0x000000019f28c000 	/System/Library/PrivateFrameworks/AudioResourceArbitration.framework/Versions/A/AudioResourceArbitration
0x00000001a3442000 	/System/Library/PrivateFrameworks/PowerLog.framework/Versions/A/PowerLog
0x000000019cdbf000 	/System/Library/PrivateFrameworks/IconFoundation.framework/Versions/A/IconFoundation
0x00000001a218b000 	/System/Library/PrivateFrameworks/SpeechRecognitionCore.framework/Versions/A/SpeechRecognitionCore
0x0000000103d30000 	/Library/Java/JavaVirtualMachines/jdk-17.0.1.jdk/Contents/Home/lib/server/libjvm.dylib
0x0000000102c00000 	/Library/Java/JavaVirtualMachines/jdk-17.0.1.jdk/Contents/Home/lib/libjimage.dylib
0x0000000102c88000 	/Library/Java/JavaVirtualMachines/jdk-17.0.1.jdk/Contents/Home/lib/libjava.dylib
0x0000000102d44000 	/Library/Java/JavaVirtualMachines/jdk-17.0.1.jdk/Contents/Home/lib/libnio.dylib
0x0000000103c1c000 	/Library/Java/JavaVirtualMachines/jdk-17.0.1.jdk/Contents/Home/lib/libnet.dylib
0x0000000102d24000 	/Library/Java/JavaVirtualMachines/jdk-17.0.1.jdk/Contents/Home/lib/libzip.dylib
0x0000000102d64000 	/Users/tommipoiko/.openjfx/cache/17.0.1/libprism_es2.dylib
0x0000000194017000 	/System/Library/PrivateFrameworks/CoreServicesInternal.framework/Versions/A/CoreServicesInternal
0x00000001f2ca2000 	/System/Library/Frameworks/OpenGL.framework/Versions/A/Resources/GLEngine.bundle/GLEngine
0x00000001f2b2a000 	/System/Library/Frameworks/OpenGL.framework/Versions/A/Libraries/libGLProgrammability.dylib
0x0000000124254000 	/System/Library/Extensions/AppleMetalOpenGLRenderer.bundle/Contents/MacOS/AppleMetalOpenGLRenderer
0x00000001f2e11000 	/System/Library/Frameworks/OpenGL.framework/Versions/A/Resources/GLRendererFloat.bundle/GLRendererFloat
0x00000001f2f11000 	/System/Library/Extensions/AGXMetal13_3.bundle/Contents/MacOS/AGXMetal13_3
0x00000001b194a000 	/System/Library/PrivateFrameworks/GPURawCounter.framework/Versions/A/GPURawCounter
0x00000001ac054000 	/System/Library/PrivateFrameworks/IOGPU.framework/Versions/A/IOGPU
0x000000012419c000 	/Users/tommipoiko/.openjfx/cache/17.0.1/libglass.dylib
0x00000001a369a000 	/System/Library/Frameworks/FileProvider.framework/Versions/A/FileProvider
0x0000000197c7f000 	/System/Library/Frameworks/Accounts.framework/Versions/A/Accounts
0x00000001a381e000 	/System/Library/PrivateFrameworks/GenerationalStorage.framework/Versions/A/GenerationalStorage
0x00000001a43e1000 	/System/Library/PrivateFrameworks/CoreSymbolication.framework/Versions/A/CoreSymbolication
0x00000001a3436000 	/System/Library/PrivateFrameworks/SymptomDiagnosticReporter.framework/Versions/A/SymptomDiagnosticReporter
0x0000000195307000 	/System/Library/PrivateFrameworks/DesktopServicesPriv.framework/Versions/A/DesktopServicesPriv
0x0000000194179000 	/usr/lib/libsandbox.1.dylib
0x0000000198cfa000 	/System/Library/PrivateFrameworks/UserManagement.framework/Versions/A/UserManagement
0x00000001a439e000 	/System/Library/PrivateFrameworks/DebugSymbols.framework/Versions/A/DebugSymbols
0x000000019f26b000 	/System/Library/PrivateFrameworks/NetAuth.framework/Versions/A/NetAuth
0x00000001a0189000 	/System/Library/PrivateFrameworks/Sharing.framework/Versions/A/Sharing
0x0000000198cca000 	/System/Library/PrivateFrameworks/login.framework/Versions/A/Frameworks/loginsupport.framework/Versions/A/loginsupport
0x00000001a55d3000 	/System/Library/PrivateFrameworks/Apple80211.framework/Versions/A/Apple80211
0x000000019be55000 	/System/Library/PrivateFrameworks/AuthKit.framework/Versions/A/AuthKit
0x000000019b4d6000 	/System/Library/PrivateFrameworks/CoreUtils.framework/Versions/A/CoreUtils
0x000000019b3f9000 	/System/Library/Frameworks/CoreWLAN.framework/Versions/A/CoreWLAN
0x00000001a02f9000 	/System/Library/Frameworks/IOBluetooth.framework/Versions/A/IOBluetooth
0x00000001a5633000 	/System/Library/PrivateFrameworks/CoreWiFi.framework/Versions/A/CoreWiFi
0x00000001a3f7e000 	/System/Library/PrivateFrameworks/FrontBoardServices.framework/Versions/A/FrontBoardServices
0x00000001a4016000 	/System/Library/PrivateFrameworks/BoardServices.framework/Versions/A/BoardServices
0x000000019b6f0000 	/System/Library/PrivateFrameworks/AssertionServices.framework/Versions/A/AssertionServices
0x00000001a57b0000 	/System/Library/PrivateFrameworks/BackBoardServices.framework/Versions/A/BackBoardServices
0x000000019f6df000 	/System/Library/PrivateFrameworks/CorePhoneNumbers.framework/Versions/A/CorePhoneNumbers
0x00000001a3566000 	/System/Library/PrivateFrameworks/DiskManagement.framework/Versions/A/DiskManagement
0x00000001a3469000 	/System/Library/PrivateFrameworks/AppleIDAuthSupport.framework/Versions/A/AppleIDAuthSupport
0x00000001f742a000 	/System/Library/PrivateFrameworks/AAAFoundation.framework/Versions/A/AAAFoundation
0x000000019f6be000 	/System/Library/PrivateFrameworks/KeychainCircle.framework/Versions/A/KeychainCircle
0x00000001a3532000 	/System/Library/PrivateFrameworks/MediaKit.framework/Versions/A/MediaKit
0x00000001a3476000 	/System/Library/Frameworks/DiscRecording.framework/Versions/A/DiscRecording
0x000000019ccca000 	/usr/lib/libCoreStorage.dylib
0x00000001a5aad000 	/usr/lib/libcsfde.dylib
0x00000001a03ce000 	/System/Library/PrivateFrameworks/ProtectedCloudStorage.framework/Versions/A/ProtectedCloudStorage
0x00000001a5aa5000 	/System/Library/PrivateFrameworks/EFILogin.framework/Versions/A/EFILogin
0x00000001a3845000 	/System/Library/PrivateFrameworks/OctagonTrust.framework/Versions/A/OctagonTrust
0x00000001fbffb000 	/System/Library/PrivateFrameworks/CoreUtilsExtras.framework/Versions/A/CoreUtilsExtras
0x00000001a339b000 	/System/Library/Frameworks/CoreBluetooth.framework/Versions/A/CoreBluetooth
0x00000001a6138000 	/System/Library/Frameworks/AudioUnit.framework/Versions/A/AudioUnit
0x000000019ccc2000 	/usr/lib/libMatch.1.dylib
0x00000001b5df6000 	/System/Library/Frameworks/Accelerate.framework/Versions/A/Frameworks/vImage.framework/Versions/A/Libraries/libCGInterfaces.dylib
0x0000000125664000 	/usr/lib/libobjc-trampolines.dylib
0x00000001989c4000 	/System/Library/PrivateFrameworks/ViewBridge.framework/Versions/A/ViewBridge
0x0000000210541000 	/usr/lib/libRosetta.dylib
0x000000019d426000 	/System/Library/PrivateFrameworks/login.framework/Versions/A/login
0x000000019cb88000 	/System/Library/PrivateFrameworks/CrashReporterSupport.framework/Versions/A/CrashReporterSupport
0x00000001bd86f000 	/System/Library/PrivateFrameworks/OSAnalytics.framework/Versions/A/OSAnalytics
0x00000001c8b6d000 	/System/Library/PrivateFrameworks/Symbolication.framework/Versions/A/Symbolication
0x00000001b190b000 	/System/Library/PrivateFrameworks/MallocStackLogging.framework/Versions/A/MallocStackLogging
0x00000001273f4000 	/Users/tommipoiko/.openjfx/cache/17.0.1/libjavafx_font.dylib
0x00000001a28b4000 	/System/Library/PrivateFrameworks/SystemAdministration.framework/Versions/A/SystemAdministration
0x000000019df5a000 	/System/Library/Frameworks/MediaToolbox.framework/Versions/A/MediaToolbox
0x00000001a2153000 	/System/Library/Frameworks/DirectoryService.framework/Versions/A/DirectoryService
0x00000001a593a000 	/System/Library/PrivateFrameworks/DiskImages.framework/Versions/A/DiskImages
0x000000019b7a1000 	/System/Library/Frameworks/ServiceManagement.framework/Versions/A/ServiceManagement
0x00000001a5b23000 	/System/Library/PrivateFrameworks/LoginUIKit.framework/Versions/A/Frameworks/LoginUICore.framework/Versions/A/LoginUICore
0x000000019d5dc000 	/usr/lib/libodfde.dylib
0x00000001a3666000 	/System/Library/PrivateFrameworks/CoreAVCHD.framework/Versions/A/CoreAVCHD
0x00000001a2876000 	/System/Library/Frameworks/MediaAccessibility.framework/Versions/A/MediaAccessibility
0x00000001a3662000 	/System/Library/PrivateFrameworks/Mangrove.framework/Versions/A/Mangrove
0x00000001a2883000 	/System/Library/PrivateFrameworks/AlgosScoreFramework.framework/Versions/A/AlgosScoreFramework
0x00000001f90e6000 	/System/Library/PrivateFrameworks/CMPhoto.framework/Versions/A/CMPhoto
0x00000001a3656000 	/System/Library/PrivateFrameworks/CoreAUC.framework/Versions/A/CoreAUC
0x00000001a5ab9000 	/usr/lib/libcurl.4.dylib
0x00000002108e9000 	/usr/lib/libcrypto.46.dylib
0x0000000210d8e000 	/usr/lib/libssl.48.dylib
0x00000001a57d0000 	/System/Library/Frameworks/LDAP.framework/Versions/A/LDAP
0x00000001a580c000 	/System/Library/PrivateFrameworks/TrustEvaluationAgent.framework/Versions/A/TrustEvaluationAgent
0x000000019ef72000 	/usr/lib/libsasl2.2.dylib
0x00000001a28a9000 	/System/Library/PrivateFrameworks/CoreDaemon.framework/Versions/B/CoreDaemon
0x00000001a28a3000 	/System/Library/PrivateFrameworks/AppleSRP.framework/Versions/A/AppleSRP
0x00000001f7add000 	/System/Library/PrivateFrameworks/AccessibilityBundles.framework/Versions/A/AccessibilityBundles


VM Arguments:
jvm_args: --module-path=/Users/tommipoiko/Programming/School/COMP3/Round12/calc/target/classes:/Users/tommipoiko/.m2/repository/org/openjfx/javafx-base/17.0.1/javafx-base-17.0.1-mac-aarch64.jar:/Users/tommipoiko/.m2/repository/org/openjfx/javafx-controls/17.0.1/javafx-controls-17.0.1-mac-aarch64.jar:/Users/tommipoiko/.m2/repository/org/openjfx/javafx-graphics/17.0.1/javafx-graphics-17.0.1-mac-aarch64.jar --add-modules=fi.tuni.prog3.calc -Djdk.module.main=fi.tuni.prog3.calc 
java_command: fi.tuni.prog3.calc/fi.tuni.prog3.calc.Calculator
java_class_path (initial): /Users/tommipoiko/.m2/repository/org/openjfx/javafx-base/17.0.1/javafx-base-17.0.1.jar:/Users/tommipoiko/.m2/repository/org/openjfx/javafx-controls/17.0.1/javafx-controls-17.0.1.jar:/Users/tommipoiko/.m2/repository/org/openjfx/javafx-graphics/17.0.1/javafx-graphics-17.0.1.jar
Launcher Type: SUN_STANDARD

[Global flags]
     intx CICompilerCount                          = 4                                         {product} {ergonomic}
     uint ConcGCThreads                            = 2                                         {product} {ergonomic}
     uint G1ConcRefinementThreads                  = 8                                         {product} {ergonomic}
   size_t G1HeapRegionSize                         = 1048576                                   {product} {ergonomic}
    uintx GCDrainStackTargetSize                   = 64                                        {product} {ergonomic}
   size_t InitialHeapSize                          = 134217728                                 {product} {ergonomic}
   size_t MarkStackSize                            = 4194304                                   {product} {ergonomic}
   size_t MaxHeapSize                              = 2147483648                                {product} {ergonomic}
   size_t MaxNewSize                               = 1287651328                                {product} {ergonomic}
   size_t MinHeapDeltaBytes                        = 1048576                                   {product} {ergonomic}
   size_t MinHeapSize                              = 8388608                                   {product} {ergonomic}
    uintx NonNMethodCodeHeapSize                   = 5839564                                {pd product} {ergonomic}
    uintx NonProfiledCodeHeapSize                  = 122909338                              {pd product} {ergonomic}
    uintx ProfiledCodeHeapSize                     = 122909338                              {pd product} {ergonomic}
    uintx ReservedCodeCacheSize                    = 251658240                              {pd product} {ergonomic}
     bool SegmentedCodeCache                       = true                                      {product} {ergonomic}
   size_t SoftMaxHeapSize                          = 2147483648                             {manageable} {ergonomic}
     bool UseCompressedClassPointers               = true                           {product lp64_product} {ergonomic}
     bool UseCompressedOops                        = true                           {product lp64_product} {ergonomic}
     bool UseG1GC                                  = true                                      {product} {ergonomic}
     bool UseNUMA                                  = false                                     {product} {ergonomic}
     bool UseNUMAInterleaving                      = false                                     {product} {ergonomic}

Logging:
Log output configuration:
 #0: stdout all=warning uptime,level,tags
 #1: stderr all=off uptime,level,tags

Environment Variables:
JAVA_HOME=/Library/Java/JavaVirtualMachines/jdk-17.0.1.jdk/Contents/Home
PATH=/usr/bin:/bin:/usr/sbin:/sbin
SHELL=/bin/zsh
LC_CTYPE=UTF-8

Signal Handlers:
   SIGSEGV: crash_handler in libjvm.dylib, mask=11100110000111110111111111111111, flags=SA_RESTART|SA_SIGINFO
    SIGBUS: crash_handler in libjvm.dylib, mask=11100110000111110111111111111111, flags=SA_RESTART|SA_SIGINFO
    SIGFPE: crash_handler in libjvm.dylib, mask=11100110000111110111111111111111, flags=SA_RESTART|SA_SIGINFO
   SIGPIPE: javaSignalHandler in libjvm.dylib, mask=11100110000111110111111111111111, flags=SA_RESTART|SA_SIGINFO
   SIGXFSZ: javaSignalHandler in libjvm.dylib, mask=11100110000111110111111111111111, flags=SA_RESTART|SA_SIGINFO
    SIGILL: crash_handler in libjvm.dylib, mask=11100110000111110111111111111111, flags=SA_RESTART|SA_SIGINFO
   SIGUSR2: SR_handler in libjvm.dylib, mask=00100000000000000000000000000000, flags=SA_RESTART|SA_SIGINFO
    SIGHUP: UserHandler in libjvm.dylib, mask=11100110000111110111111111111111, flags=SA_RESTART|SA_SIGINFO
    SIGINT: SIG_IGN, mask=11111111011111110111111111111111, flags=none
   SIGTERM: UserHandler in libjvm.dylib, mask=11100110000111110111111111111111, flags=SA_RESTART|SA_SIGINFO
   SIGQUIT: UserHandler in libjvm.dylib, mask=11100110000111110111111111111111, flags=SA_RESTART|SA_SIGINFO
   SIGTRAP: crash_handler in libjvm.dylib, mask=11100110000111110111111111111111, flags=SA_RESTART|SA_SIGINFO


---------------  S Y S T E M  ---------------

OS:
uname: Darwin 21.4.0 Darwin Kernel Version 21.4.0: Fri Mar 18 00:47:26 PDT 2022; root:xnu-8020.101.4~15/RELEASE_ARM64_T8101 arm64
OS uptime: 6 days 23:20 hours
rlimit (soft/hard): STACK 8176k/65520k , CORE 0k/infinity , NPROC 1333/2000 , NOFILE 10240/infinity , AS infinity/infinity , CPU infinity/infinity , DATA infinity/infinity , FSIZE infinity/infinity , MEMLOCK infinity/infinity , RSS infinity/infinity
load average: 1.75 1.26 1.19

CPU: total 8 (initial active 8) 0x61:0x0:0x1b588bb3:0, fp, simd, crc, lse

Memory: 16k page, physical 8388608k(89184k free), swap 1048576k(957696k free)

vm_info: Java HotSpot(TM) 64-Bit Server VM (17.0.1+12-LTS-39) for bsd-aarch64 JRE (17.0.1+12-LTS-39), built on Sep 27 2021 17:38:30 by "mach5one" with clang Apple LLVM 12.0.0 (clang-1200.0.32.29)

END.
